{"C:\\Users\\joel\\Documents\\Git\\clockify.js\\src\\index.ts": {"path":"C:\\Users\\joel\\Documents\\Git\\clockify.js\\src\\index.ts","statementMap":{"0":{"start":{"line":1,"column":0},"end":{"line":1,"column":34}},"1":{"start":{"line":39,"column":0},"end":{"line":39,"column":null}},"2":{"start":{"line":132,"column":2},"end":{"line":40,"column":null}},"3":{"start":{"line":133,"column":2},"end":{"line":41,"column":null}},"4":{"start":{"line":134,"column":2},"end":{"line":42,"column":null}},"5":{"start":{"line":135,"column":2},"end":{"line":43,"column":null}},"6":{"start":{"line":136,"column":2},"end":{"line":44,"column":null}},"7":{"start":{"line":137,"column":2},"end":{"line":45,"column":null}},"8":{"start":{"line":138,"column":2},"end":{"line":46,"column":null}},"9":{"start":{"line":139,"column":2},"end":{"line":47,"column":null}},"10":{"start":{"line":140,"column":2},"end":{"line":48,"column":null}},"11":{"start":{"line":141,"column":2},"end":{"line":49,"column":null}},"12":{"start":{"line":142,"column":2},"end":{"line":50,"column":null}},"13":{"start":{"line":143,"column":2},"end":{"line":51,"column":null}},"14":{"start":{"line":144,"column":2},"end":{"line":52,"column":null}},"15":{"start":{"line":145,"column":2},"end":{"line":53,"column":null}},"16":{"start":{"line":146,"column":2},"end":{"line":54,"column":null}},"17":{"start":{"line":56,"column":0},"end":{"line":56,"column":null}},"18":{"start":{"line":147,"column":2},"end":{"line":57,"column":null}},"19":{"start":{"line":148,"column":2},"end":{"line":58,"column":null}},"20":{"start":{"line":149,"column":2},"end":{"line":59,"column":null}},"21":{"start":{"line":150,"column":2},"end":{"line":60,"column":null}},"22":{"start":{"line":151,"column":2},"end":{"line":61,"column":null}},"23":{"start":{"line":152,"column":2},"end":{"line":62,"column":null}},"24":{"start":{"line":153,"column":2},"end":{"line":63,"column":null}},"25":{"start":{"line":154,"column":2},"end":{"line":64,"column":null}},"26":{"start":{"line":155,"column":2},"end":{"line":65,"column":null}},"27":{"start":{"line":156,"column":2},"end":{"line":66,"column":null}},"28":{"start":{"line":157,"column":2},"end":{"line":67,"column":null}},"29":{"start":{"line":158,"column":2},"end":{"line":68,"column":null}},"30":{"start":{"line":159,"column":2},"end":{"line":69,"column":null}},"31":{"start":{"line":160,"column":2},"end":{"line":70,"column":null}},"32":{"start":{"line":72,"column":0},"end":{"line":72,"column":null}},"33":{"start":{"line":161,"column":2},"end":{"line":73,"column":null}},"34":{"start":{"line":162,"column":2},"end":{"line":74,"column":null}},"35":{"start":{"line":163,"column":2},"end":{"line":75,"column":null}},"36":{"start":{"line":77,"column":0},"end":{"line":77,"column":null}},"37":{"start":{"line":164,"column":2},"end":{"line":78,"column":null}},"38":{"start":{"line":165,"column":2},"end":{"line":79,"column":null}},"39":{"start":{"line":166,"column":2},"end":{"line":80,"column":null}},"40":{"start":{"line":167,"column":2},"end":{"line":81,"column":null}},"41":{"start":{"line":83,"column":0},"end":{"line":83,"column":9}},"42":{"start":{"line":168,"column":2},"end":{"line":83,"column":31}},"43":{"start":{"line":169,"column":2},"end":{"line":83,"column":82}},"44":{"start":{"line":84,"column":0},"end":{"line":84,"column":9}},"45":{"start":{"line":170,"column":2},"end":{"line":84,"column":50}},"46":{"start":{"line":85,"column":0},"end":{"line":85,"column":9}},"47":{"start":{"line":171,"column":2},"end":{"line":85,"column":44}},"48":{"start":{"line":87,"column":0},"end":{"line":87,"column":9}},"49":{"start":{"line":173,"column":2},"end":{"line":87,"column":73}},"50":{"start":{"line":88,"column":0},"end":{"line":88,"column":9}},"51":{"start":{"line":174,"column":2},"end":{"line":88,"column":63}},"52":{"start":{"line":89,"column":0},"end":{"line":89,"column":9}},"53":{"start":{"line":175,"column":2},"end":{"line":89,"column":40}},"54":{"start":{"line":176,"column":2},"end":{"line":89,"column":101}},"55":{"start":{"line":90,"column":0},"end":{"line":90,"column":9}},"56":{"start":{"line":177,"column":2},"end":{"line":90,"column":82}},"57":{"start":{"line":91,"column":0},"end":{"line":91,"column":9}},"58":{"start":{"line":178,"column":2},"end":{"line":91,"column":35}},"59":{"start":{"line":179,"column":2},"end":{"line":91,"column":85}},"60":{"start":{"line":93,"column":0},"end":{"line":93,"column":24}}},"fnMap":{"0":{"name":"(anonymous_1)","decl":{"start":{"line":132,"column":2},"end":{"line":132,"column":33}},"loc":{"start":{"line":132,"column":2},"end":{"line":40,"column":null}}},"1":{"name":"(anonymous_2)","decl":{"start":{"line":133,"column":2},"end":{"line":133,"column":38}},"loc":{"start":{"line":133,"column":2},"end":{"line":41,"column":null}}},"2":{"name":"(anonymous_3)","decl":{"start":{"line":134,"column":2},"end":{"line":134,"column":36}},"loc":{"start":{"line":134,"column":2},"end":{"line":42,"column":null}}},"3":{"name":"(anonymous_4)","decl":{"start":{"line":135,"column":2},"end":{"line":135,"column":41}},"loc":{"start":{"line":135,"column":2},"end":{"line":43,"column":null}}},"4":{"name":"(anonymous_5)","decl":{"start":{"line":136,"column":2},"end":{"line":136,"column":40}},"loc":{"start":{"line":136,"column":2},"end":{"line":44,"column":null}}},"5":{"name":"(anonymous_6)","decl":{"start":{"line":137,"column":2},"end":{"line":137,"column":37}},"loc":{"start":{"line":137,"column":2},"end":{"line":45,"column":null}}},"6":{"name":"(anonymous_7)","decl":{"start":{"line":138,"column":2},"end":{"line":138,"column":38}},"loc":{"start":{"line":138,"column":2},"end":{"line":46,"column":null}}},"7":{"name":"(anonymous_8)","decl":{"start":{"line":139,"column":2},"end":{"line":139,"column":37}},"loc":{"start":{"line":139,"column":2},"end":{"line":47,"column":null}}},"8":{"name":"(anonymous_9)","decl":{"start":{"line":140,"column":2},"end":{"line":140,"column":41}},"loc":{"start":{"line":140,"column":2},"end":{"line":48,"column":null}}},"9":{"name":"(anonymous_10)","decl":{"start":{"line":141,"column":2},"end":{"line":141,"column":53}},"loc":{"start":{"line":141,"column":2},"end":{"line":49,"column":null}}},"10":{"name":"(anonymous_11)","decl":{"start":{"line":142,"column":2},"end":{"line":142,"column":46}},"loc":{"start":{"line":142,"column":2},"end":{"line":50,"column":null}}},"11":{"name":"(anonymous_12)","decl":{"start":{"line":143,"column":2},"end":{"line":143,"column":45}},"loc":{"start":{"line":143,"column":2},"end":{"line":51,"column":null}}},"12":{"name":"(anonymous_13)","decl":{"start":{"line":144,"column":2},"end":{"line":144,"column":42}},"loc":{"start":{"line":144,"column":2},"end":{"line":52,"column":null}}},"13":{"name":"(anonymous_14)","decl":{"start":{"line":145,"column":2},"end":{"line":145,"column":43}},"loc":{"start":{"line":145,"column":2},"end":{"line":53,"column":null}}},"14":{"name":"(anonymous_15)","decl":{"start":{"line":146,"column":2},"end":{"line":146,"column":43}},"loc":{"start":{"line":146,"column":2},"end":{"line":54,"column":null}}},"15":{"name":"(anonymous_16)","decl":{"start":{"line":147,"column":2},"end":{"line":147,"column":32}},"loc":{"start":{"line":147,"column":2},"end":{"line":57,"column":null}}},"16":{"name":"(anonymous_17)","decl":{"start":{"line":148,"column":2},"end":{"line":148,"column":35}},"loc":{"start":{"line":148,"column":2},"end":{"line":58,"column":null}}},"17":{"name":"(anonymous_18)","decl":{"start":{"line":149,"column":2},"end":{"line":149,"column":40}},"loc":{"start":{"line":149,"column":2},"end":{"line":59,"column":null}}},"18":{"name":"(anonymous_19)","decl":{"start":{"line":150,"column":2},"end":{"line":150,"column":39}},"loc":{"start":{"line":150,"column":2},"end":{"line":60,"column":null}}},"19":{"name":"(anonymous_20)","decl":{"start":{"line":151,"column":2},"end":{"line":151,"column":36}},"loc":{"start":{"line":151,"column":2},"end":{"line":61,"column":null}}},"20":{"name":"(anonymous_21)","decl":{"start":{"line":152,"column":2},"end":{"line":152,"column":37}},"loc":{"start":{"line":152,"column":2},"end":{"line":62,"column":null}}},"21":{"name":"(anonymous_22)","decl":{"start":{"line":153,"column":2},"end":{"line":153,"column":36}},"loc":{"start":{"line":153,"column":2},"end":{"line":63,"column":null}}},"22":{"name":"(anonymous_23)","decl":{"start":{"line":154,"column":2},"end":{"line":154,"column":40}},"loc":{"start":{"line":154,"column":2},"end":{"line":64,"column":null}}},"23":{"name":"(anonymous_24)","decl":{"start":{"line":155,"column":2},"end":{"line":155,"column":52}},"loc":{"start":{"line":155,"column":2},"end":{"line":65,"column":null}}},"24":{"name":"(anonymous_25)","decl":{"start":{"line":156,"column":2},"end":{"line":156,"column":45}},"loc":{"start":{"line":156,"column":2},"end":{"line":66,"column":null}}},"25":{"name":"(anonymous_26)","decl":{"start":{"line":157,"column":2},"end":{"line":157,"column":44}},"loc":{"start":{"line":157,"column":2},"end":{"line":67,"column":null}}},"26":{"name":"(anonymous_27)","decl":{"start":{"line":158,"column":2},"end":{"line":158,"column":41}},"loc":{"start":{"line":158,"column":2},"end":{"line":68,"column":null}}},"27":{"name":"(anonymous_28)","decl":{"start":{"line":159,"column":2},"end":{"line":159,"column":42}},"loc":{"start":{"line":159,"column":2},"end":{"line":69,"column":null}}},"28":{"name":"(anonymous_29)","decl":{"start":{"line":160,"column":2},"end":{"line":160,"column":42}},"loc":{"start":{"line":160,"column":2},"end":{"line":70,"column":null}}},"29":{"name":"(anonymous_30)","decl":{"start":{"line":161,"column":2},"end":{"line":161,"column":21}},"loc":{"start":{"line":161,"column":2},"end":{"line":73,"column":null}}},"30":{"name":"(anonymous_31)","decl":{"start":{"line":162,"column":2},"end":{"line":162,"column":23}},"loc":{"start":{"line":162,"column":2},"end":{"line":74,"column":null}}},"31":{"name":"(anonymous_32)","decl":{"start":{"line":163,"column":2},"end":{"line":163,"column":43}},"loc":{"start":{"line":163,"column":2},"end":{"line":75,"column":null}}},"32":{"name":"(anonymous_33)","decl":{"start":{"line":164,"column":2},"end":{"line":164,"column":22}},"loc":{"start":{"line":164,"column":2},"end":{"line":78,"column":null}}},"33":{"name":"(anonymous_34)","decl":{"start":{"line":165,"column":2},"end":{"line":165,"column":24}},"loc":{"start":{"line":165,"column":2},"end":{"line":79,"column":null}}},"34":{"name":"(anonymous_35)","decl":{"start":{"line":166,"column":2},"end":{"line":166,"column":29}},"loc":{"start":{"line":166,"column":2},"end":{"line":80,"column":null}}},"35":{"name":"(anonymous_36)","decl":{"start":{"line":167,"column":2},"end":{"line":167,"column":31}},"loc":{"start":{"line":167,"column":2},"end":{"line":81,"column":null}}},"36":{"name":"(anonymous_37)","decl":{"start":{"line":168,"column":2},"end":{"line":168,"column":22}},"loc":{"start":{"line":168,"column":2},"end":{"line":83,"column":31}}},"37":{"name":"(anonymous_38)","decl":{"start":{"line":169,"column":2},"end":{"line":169,"column":20}},"loc":{"start":{"line":169,"column":2},"end":{"line":83,"column":82}}},"38":{"name":"(anonymous_39)","decl":{"start":{"line":170,"column":2},"end":{"line":170,"column":16}},"loc":{"start":{"line":170,"column":2},"end":{"line":84,"column":50}}},"39":{"name":"(anonymous_40)","decl":{"start":{"line":171,"column":2},"end":{"line":171,"column":10}},"loc":{"start":{"line":171,"column":2},"end":{"line":85,"column":44}}},"40":{"name":"(anonymous_41)","decl":{"start":{"line":173,"column":2},"end":{"line":173,"column":28}},"loc":{"start":{"line":173,"column":2},"end":{"line":87,"column":73}}},"41":{"name":"(anonymous_42)","decl":{"start":{"line":174,"column":2},"end":{"line":174,"column":20}},"loc":{"start":{"line":174,"column":2},"end":{"line":88,"column":63}}},"42":{"name":"(anonymous_43)","decl":{"start":{"line":175,"column":2},"end":{"line":175,"column":31}},"loc":{"start":{"line":175,"column":2},"end":{"line":89,"column":40}}},"43":{"name":"(anonymous_44)","decl":{"start":{"line":176,"column":2},"end":{"line":176,"column":29}},"loc":{"start":{"line":176,"column":2},"end":{"line":89,"column":101}}},"44":{"name":"(anonymous_45)","decl":{"start":{"line":177,"column":2},"end":{"line":177,"column":36}},"loc":{"start":{"line":177,"column":2},"end":{"line":90,"column":82}}},"45":{"name":"(anonymous_46)","decl":{"start":{"line":178,"column":2},"end":{"line":178,"column":26}},"loc":{"start":{"line":178,"column":2},"end":{"line":91,"column":35}}},"46":{"name":"(anonymous_47)","decl":{"start":{"line":179,"column":2},"end":{"line":179,"column":21}},"loc":{"start":{"line":179,"column":2},"end":{"line":91,"column":85}}}},"branchMap":{},"s":{"0":1,"1":1,"2":1,"3":1,"4":1,"5":1,"6":1,"7":1,"8":1,"9":1,"10":1,"11":1,"12":1,"13":1,"14":1,"15":1,"16":1,"17":1,"18":2,"19":1,"20":1,"21":1,"22":1,"23":1,"24":1,"25":1,"26":1,"27":1,"28":1,"29":1,"30":1,"31":1,"32":1,"33":1,"34":1,"35":1,"36":1,"37":1,"38":1,"39":1,"40":1,"41":1,"42":1,"43":1,"44":1,"45":1,"46":1,"47":1,"48":1,"49":1,"50":1,"51":1,"52":1,"53":1,"54":1,"55":1,"56":1,"57":1,"58":1,"59":1,"60":1},"f":{"0":0,"1":0,"2":0,"3":0,"4":0,"5":0,"6":0,"7":0,"8":0,"9":0,"10":0,"11":0,"12":0,"13":0,"14":0,"15":1,"16":0,"17":0,"18":0,"19":0,"20":0,"21":0,"22":0,"23":0,"24":0,"25":0,"26":0,"27":0,"28":0,"29":0,"30":0,"31":0,"32":0,"33":0,"34":0,"35":0,"36":0,"37":0,"38":0,"39":0,"40":0,"41":0,"42":0,"43":0,"44":0,"45":0,"46":0},"b":{}}
,"C:\\Users\\joel\\Documents\\Git\\clockify.js\\src\\Api\\ClockifyApi\\index.ts": {"path":"C:\\Users\\joel\\Documents\\Git\\clockify.js\\src\\Api\\ClockifyApi\\index.ts","statementMap":{"0":{"start":{"line":1,"column":0},"end":{"line":1,"column":31}},"1":{"start":{"line":2,"column":0},"end":{"line":2,"column":45}},"2":{"start":{"line":3,"column":0},"end":{"line":3,"column":48}},"3":{"start":{"line":6,"column":25},"end":{"line":6,"column":55}},"4":{"start":{"line":6,"column":46},"end":{"line":9,"column":3}},"5":{"start":{"line":8,"column":30},"end":{"line":8,"column":null}},"6":{"start":{"line":27,"column":0},"end":{"line":27,"column":null}},"7":{"start":{"line":33,"column":4},"end":{"line":33,"column":26}},"8":{"start":{"line":34,"column":4},"end":{"line":34,"column":49}},"9":{"start":{"line":37,"column":2},"end":{"line":39,"column":null}},"10":{"start":{"line":38,"column":4},"end":{"line":38,"column":14}},"11":{"start":{"line":41,"column":2},"end":{"line":49,"column":null}},"12":{"start":{"line":42,"column":4},"end":{"line":48,"column":7}},"13":{"start":{"line":51,"column":2},"end":{"line":55,"column":null}},"14":{"start":{"line":51,"column":14},"end":{"line":51,"column":null}},"15":{"start":{"line":52,"column":4},"end":{"line":54,"column":55}},"16":{"start":{"line":53,"column":19},"end":{"line":53,"column":28}},"17":{"start":{"line":54,"column":22},"end":{"line":54,"column":51}},"18":{"start":{"line":57,"column":2},"end":{"line":61,"column":null}},"19":{"start":{"line":57,"column":15},"end":{"line":57,"column":26}},"20":{"start":{"line":57,"column":26},"end":{"line":57,"column":null}},"21":{"start":{"line":58,"column":4},"end":{"line":60,"column":55}},"22":{"start":{"line":59,"column":19},"end":{"line":59,"column":28}},"23":{"start":{"line":60,"column":22},"end":{"line":60,"column":51}},"24":{"start":{"line":63,"column":2},"end":{"line":67,"column":null}},"25":{"start":{"line":63,"column":14},"end":{"line":63,"column":25}},"26":{"start":{"line":63,"column":25},"end":{"line":63,"column":null}},"27":{"start":{"line":64,"column":4},"end":{"line":66,"column":55}},"28":{"start":{"line":65,"column":19},"end":{"line":65,"column":28}},"29":{"start":{"line":66,"column":22},"end":{"line":66,"column":51}},"30":{"start":{"line":69,"column":2},"end":{"line":73,"column":null}},"31":{"start":{"line":69,"column":16},"end":{"line":69,"column":27}},"32":{"start":{"line":69,"column":27},"end":{"line":69,"column":null}},"33":{"start":{"line":70,"column":4},"end":{"line":72,"column":55}},"34":{"start":{"line":71,"column":19},"end":{"line":71,"column":28}},"35":{"start":{"line":72,"column":22},"end":{"line":72,"column":51}},"36":{"start":{"line":75,"column":2},"end":{"line":79,"column":null}},"37":{"start":{"line":75,"column":17},"end":{"line":75,"column":null}},"38":{"start":{"line":76,"column":4},"end":{"line":78,"column":55}},"39":{"start":{"line":77,"column":19},"end":{"line":77,"column":28}},"40":{"start":{"line":78,"column":22},"end":{"line":78,"column":51}},"41":{"start":{"line":81,"column":0},"end":{"line":81,"column":null}}},"fnMap":{"0":{"name":"(anonymous_1)","decl":{"start":{"line":6,"column":25},"end":{"line":6,"column":26}},"loc":{"start":{"line":6,"column":41},"end":{"line":6,"column":55}}},"1":{"name":"(anonymous_2)","decl":{"start":{"line":8,"column":17},"end":{"line":8,"column":18}},"loc":{"start":{"line":8,"column":25},"end":{"line":8,"column":31}}},"2":{"name":"(anonymous_3)","decl":{"start":{"line":27,"column":0},"end":{"line":27,"column":null}},"loc":{"start":{"line":27,"column":0},"end":{"line":81,"column":null}}},"3":{"name":"ClockifyAPI","decl":{"start":{"line":32,"column":2},"end":{"line":32,"column":14}},"loc":{"start":{"line":32,"column":28},"end":{"line":35,"column":3}}},"4":{"name":"(anonymous_5)","decl":{"start":{"line":37,"column":2},"end":{"line":37,"column":17}},"loc":{"start":{"line":37,"column":2},"end":{"line":39,"column":3}}},"5":{"name":"(anonymous_6)","decl":{"start":{"line":41,"column":2},"end":{"line":41,"column":21}},"loc":{"start":{"line":41,"column":36},"end":{"line":49,"column":3}}},"6":{"name":"(anonymous_7)","decl":{"start":{"line":51,"column":2},"end":{"line":51,"column":10}},"loc":{"start":{"line":51,"column":31},"end":{"line":55,"column":3}}},"7":{"name":"(anonymous_8)","decl":{"start":{"line":53,"column":12},"end":{"line":53,"column":15}},"loc":{"start":{"line":53,"column":15},"end":{"line":53,"column":22}}},"8":{"name":"(anonymous_9)","decl":{"start":{"line":54,"column":13},"end":{"line":54,"column":16}},"loc":{"start":{"line":54,"column":16},"end":{"line":54,"column":53}}},"9":{"name":"(anonymous_10)","decl":{"start":{"line":57,"column":2},"end":{"line":57,"column":11}},"loc":{"start":{"line":57,"column":43},"end":{"line":61,"column":3}}},"10":{"name":"(anonymous_11)","decl":{"start":{"line":59,"column":12},"end":{"line":59,"column":15}},"loc":{"start":{"line":59,"column":15},"end":{"line":59,"column":22}}},"11":{"name":"(anonymous_12)","decl":{"start":{"line":60,"column":13},"end":{"line":60,"column":16}},"loc":{"start":{"line":60,"column":16},"end":{"line":60,"column":53}}},"12":{"name":"(anonymous_13)","decl":{"start":{"line":63,"column":2},"end":{"line":63,"column":10}},"loc":{"start":{"line":63,"column":42},"end":{"line":67,"column":3}}},"13":{"name":"(anonymous_14)","decl":{"start":{"line":65,"column":12},"end":{"line":65,"column":15}},"loc":{"start":{"line":65,"column":15},"end":{"line":65,"column":22}}},"14":{"name":"(anonymous_15)","decl":{"start":{"line":66,"column":13},"end":{"line":66,"column":16}},"loc":{"start":{"line":66,"column":16},"end":{"line":66,"column":53}}},"15":{"name":"(anonymous_16)","decl":{"start":{"line":69,"column":2},"end":{"line":69,"column":12}},"loc":{"start":{"line":69,"column":44},"end":{"line":73,"column":3}}},"16":{"name":"(anonymous_17)","decl":{"start":{"line":71,"column":12},"end":{"line":71,"column":15}},"loc":{"start":{"line":71,"column":15},"end":{"line":71,"column":22}}},"17":{"name":"(anonymous_18)","decl":{"start":{"line":72,"column":13},"end":{"line":72,"column":16}},"loc":{"start":{"line":72,"column":16},"end":{"line":72,"column":53}}},"18":{"name":"(anonymous_19)","decl":{"start":{"line":75,"column":2},"end":{"line":75,"column":13}},"loc":{"start":{"line":75,"column":34},"end":{"line":79,"column":3}}},"19":{"name":"(anonymous_20)","decl":{"start":{"line":77,"column":12},"end":{"line":77,"column":15}},"loc":{"start":{"line":77,"column":15},"end":{"line":77,"column":22}}},"20":{"name":"(anonymous_21)","decl":{"start":{"line":78,"column":13},"end":{"line":78,"column":16}},"loc":{"start":{"line":78,"column":16},"end":{"line":78,"column":53}}}},"branchMap":{"0":{"loc":{"start":{"line":51,"column":14},"end":{"line":51,"column":null}},"type":"if","locations":[{"start":{"line":51,"column":14},"end":{"line":51,"column":null}},{"start":{"line":51,"column":14},"end":{"line":51,"column":null}}]},"1":{"loc":{"start":{"line":57,"column":15},"end":{"line":57,"column":26}},"type":"if","locations":[{"start":{"line":57,"column":15},"end":{"line":57,"column":26}},{"start":{"line":57,"column":15},"end":{"line":57,"column":26}}]},"2":{"loc":{"start":{"line":57,"column":26},"end":{"line":57,"column":null}},"type":"if","locations":[{"start":{"line":57,"column":26},"end":{"line":57,"column":null}},{"start":{"line":57,"column":26},"end":{"line":57,"column":null}}]},"3":{"loc":{"start":{"line":63,"column":14},"end":{"line":63,"column":25}},"type":"if","locations":[{"start":{"line":63,"column":14},"end":{"line":63,"column":25}},{"start":{"line":63,"column":14},"end":{"line":63,"column":25}}]},"4":{"loc":{"start":{"line":63,"column":25},"end":{"line":63,"column":null}},"type":"if","locations":[{"start":{"line":63,"column":25},"end":{"line":63,"column":null}},{"start":{"line":63,"column":25},"end":{"line":63,"column":null}}]},"5":{"loc":{"start":{"line":69,"column":16},"end":{"line":69,"column":27}},"type":"if","locations":[{"start":{"line":69,"column":16},"end":{"line":69,"column":27}},{"start":{"line":69,"column":16},"end":{"line":69,"column":27}}]},"6":{"loc":{"start":{"line":69,"column":27},"end":{"line":69,"column":null}},"type":"if","locations":[{"start":{"line":69,"column":27},"end":{"line":69,"column":null}},{"start":{"line":69,"column":27},"end":{"line":69,"column":null}}]},"7":{"loc":{"start":{"line":75,"column":17},"end":{"line":75,"column":null}},"type":"if","locations":[{"start":{"line":75,"column":17},"end":{"line":75,"column":null}},{"start":{"line":75,"column":17},"end":{"line":75,"column":null}}]}},"s":{"0":8,"1":8,"2":8,"3":8,"4":54,"5":0,"6":8,"7":185,"8":185,"9":8,"10":0,"11":8,"12":183,"13":8,"14":32,"15":27,"16":27,"17":0,"18":8,"19":9,"20":9,"21":9,"22":9,"23":0,"24":8,"25":7,"26":7,"27":7,"28":7,"29":0,"30":8,"31":4,"32":5,"33":4,"34":4,"35":0,"36":8,"37":7,"38":7,"39":7,"40":0,"41":8},"f":{"0":54,"1":0,"2":8,"3":185,"4":0,"5":183,"6":27,"7":27,"8":0,"9":9,"10":9,"11":0,"12":7,"13":7,"14":0,"15":4,"16":4,"17":0,"18":7,"19":7,"20":0},"b":{"0":[5,22],"1":[0,9],"2":[0,9],"3":[0,7],"4":[0,7],"5":[0,4],"6":[1,3],"7":[0,7]}}
,"C:\\Users\\joel\\Documents\\Git\\clockify.js\\src\\Api\\ReportsApi\\index.ts": {"path":"C:\\Users\\joel\\Documents\\Git\\clockify.js\\src\\Api\\ReportsApi\\index.ts","statementMap":{"0":{"start":{"line":1,"column":0},"end":{"line":1,"column":43}},"1":{"start":{"line":2,"column":0},"end":{"line":2,"column":41}},"2":{"start":{"line":4,"column":0},"end":{"line":4,"column":null}},"3":{"start":{"line":4,"column":40},"end":{"line":4,"column":51}},"4":{"start":{"line":5,"column":2},"end":{"line":13,"column":null}},"5":{"start":{"line":6,"column":4},"end":{"line":12,"column":7}},"6":{"start":{"line":14,"column":0},"end":{"line":14,"column":null}}},"fnMap":{"0":{"name":"(anonymous_7)","decl":{"start":{"line":4,"column":0},"end":{"line":4,"column":40}},"loc":{"start":{"line":4,"column":0},"end":{"line":14,"column":null}}},"1":{"name":"(anonymous_9)","decl":{"start":{"line":5,"column":2},"end":{"line":5,"column":21}},"loc":{"start":{"line":5,"column":36},"end":{"line":13,"column":3}}}},"branchMap":{},"s":{"0":8,"1":8,"2":8,"3":8,"4":8,"5":2,"6":8},"f":{"0":10,"1":2},"b":{}}
,"C:\\Users\\joel\\Documents\\Git\\clockify.js\\src\\Clockify\\index.ts": {"path":"C:\\Users\\joel\\Documents\\Git\\clockify.js\\src\\Clockify\\index.ts","statementMap":{"0":{"start":{"line":1,"column":0},"end":{"line":1,"column":45}},"1":{"start":{"line":2,"column":0},"end":{"line":2,"column":27}},"2":{"start":{"line":3,"column":0},"end":{"line":3,"column":37}},"3":{"start":{"line":4,"column":0},"end":{"line":4,"column":38}},"4":{"start":{"line":6,"column":0},"end":{"line":6,"column":null}},"5":{"start":{"line":6,"column":38},"end":{"line":6,"column":49}},"6":{"start":{"line":11,"column":4},"end":{"line":11,"column":null}},"7":{"start":{"line":12,"column":4},"end":{"line":12,"column":43}},"8":{"start":{"line":15,"column":2},"end":{"line":17,"column":null}},"9":{"start":{"line":16,"column":4},"end":{"line":16,"column":35}},"10":{"start":{"line":19,"column":2},"end":{"line":21,"column":null}},"11":{"start":{"line":20,"column":4},"end":{"line":20,"column":40}},"12":{"start":{"line":23,"column":0},"end":{"line":23,"column":null}}},"fnMap":{"0":{"name":"(anonymous_7)","decl":{"start":{"line":6,"column":0},"end":{"line":6,"column":38}},"loc":{"start":{"line":6,"column":0},"end":{"line":23,"column":null}}},"1":{"name":"Clockify","decl":{"start":{"line":10,"column":2},"end":{"line":10,"column":14}},"loc":{"start":{"line":10,"column":28},"end":{"line":13,"column":3}}},"2":{"name":"(anonymous_9)","decl":{"start":{"line":15,"column":2},"end":{"line":15,"column":6}},"loc":{"start":{"line":15,"column":2},"end":{"line":17,"column":3}}},"3":{"name":"(anonymous_10)","decl":{"start":{"line":19,"column":2},"end":{"line":19,"column":6}},"loc":{"start":{"line":19,"column":2},"end":{"line":21,"column":3}}}},"branchMap":{"0":{"loc":{"start":{"line":11,"column":4},"end":{"line":11,"column":17}},"type":"binary-expr","locations":[{"start":{"line":11,"column":4},"end":{"line":11,"column":17}},{"start":{"line":11,"column":17},"end":{"line":11,"column":null}}]}},"s":{"0":8,"1":8,"2":8,"3":8,"4":8,"5":8,"6":8,"7":8,"8":8,"9":1,"10":8,"11":2,"12":8},"f":{"0":8,"1":8,"2":1,"3":2},"b":{"0":[8,8]}}
,"C:\\Users\\joel\\Documents\\Git\\clockify.js\\src\\Clockify\\Users\\index.ts": {"path":"C:\\Users\\joel\\Documents\\Git\\clockify.js\\src\\Clockify\\Users\\index.ts","statementMap":{"0":{"start":{"line":2,"column":0},"end":{"line":2,"column":61}},"1":{"start":{"line":4,"column":0},"end":{"line":4,"column":null}},"2":{"start":{"line":4,"column":35},"end":{"line":4,"column":46}},"3":{"start":{"line":6,"column":2},"end":{"line":8,"column":null}},"4":{"start":{"line":7,"column":4},"end":{"line":7,"column":19}},"5":{"start":{"line":13,"column":2},"end":{"line":15,"column":null}},"6":{"start":{"line":14,"column":4},"end":{"line":14,"column":37}},"7":{"start":{"line":16,"column":0},"end":{"line":16,"column":null}}},"fnMap":{"0":{"name":"(anonymous_7)","decl":{"start":{"line":4,"column":0},"end":{"line":4,"column":35}},"loc":{"start":{"line":4,"column":0},"end":{"line":16,"column":null}}},"1":{"name":"(anonymous_9)","decl":{"start":{"line":6,"column":2},"end":{"line":6,"column":17}},"loc":{"start":{"line":6,"column":2},"end":{"line":8,"column":3}}},"2":{"name":"(anonymous_10)","decl":{"start":{"line":13,"column":2},"end":{"line":13,"column":5}},"loc":{"start":{"line":13,"column":2},"end":{"line":15,"column":3}}}},"branchMap":{},"s":{"0":8,"1":8,"2":8,"3":8,"4":1,"5":8,"6":1,"7":8},"f":{"0":9,"1":1,"2":1},"b":{}}
,"C:\\Users\\joel\\Documents\\Git\\clockify.js\\src\\Clockify\\Workspaces\\index.ts": {"path":"C:\\Users\\joel\\Documents\\Git\\clockify.js\\src\\Clockify\\Workspaces\\index.ts","statementMap":{"0":{"start":{"line":1,"column":0},"end":{"line":1,"column":61}},"1":{"start":{"line":2,"column":0},"end":{"line":2,"column":36}},"2":{"start":{"line":5,"column":0},"end":{"line":5,"column":null}},"3":{"start":{"line":5,"column":40},"end":{"line":5,"column":51}},"4":{"start":{"line":7,"column":2},"end":{"line":9,"column":null}},"5":{"start":{"line":8,"column":4},"end":{"line":8,"column":25}},"6":{"start":{"line":11,"column":2},"end":{"line":13,"column":null}},"7":{"start":{"line":12,"column":4},"end":{"line":12,"column":52}},"8":{"start":{"line":15,"column":2},"end":{"line":17,"column":null}},"9":{"start":{"line":16,"column":4},"end":{"line":16,"column":44}},"10":{"start":{"line":19,"column":0},"end":{"line":19,"column":null}}},"fnMap":{"0":{"name":"(anonymous_7)","decl":{"start":{"line":5,"column":0},"end":{"line":5,"column":40}},"loc":{"start":{"line":5,"column":0},"end":{"line":19,"column":null}}},"1":{"name":"(anonymous_9)","decl":{"start":{"line":7,"column":2},"end":{"line":7,"column":17}},"loc":{"start":{"line":7,"column":2},"end":{"line":9,"column":3}}},"2":{"name":"(anonymous_10)","decl":{"start":{"line":11,"column":2},"end":{"line":11,"column":8}},"loc":{"start":{"line":11,"column":28},"end":{"line":13,"column":3}}},"3":{"name":"(anonymous_11)","decl":{"start":{"line":15,"column":2},"end":{"line":15,"column":5}},"loc":{"start":{"line":15,"column":2},"end":{"line":17,"column":3}}}},"branchMap":{},"s":{"0":8,"1":8,"2":8,"3":8,"4":8,"5":1,"6":8,"7":52,"8":8,"9":1,"10":8},"f":{"0":18,"1":1,"2":52,"3":1},"b":{}}
,"C:\\Users\\joel\\Documents\\Git\\clockify.js\\src\\Clockify\\Workspaces\\Workspace\\index.ts": {"path":"C:\\Users\\joel\\Documents\\Git\\clockify.js\\src\\Clockify\\Workspaces\\Workspace\\index.ts","statementMap":{"0":{"start":{"line":1,"column":0},"end":{"line":1,"column":51}},"1":{"start":{"line":2,"column":0},"end":{"line":2,"column":28}},"2":{"start":{"line":3,"column":0},"end":{"line":3,"column":32}},"3":{"start":{"line":4,"column":0},"end":{"line":4,"column":34}},"4":{"start":{"line":5,"column":0},"end":{"line":5,"column":26}},"5":{"start":{"line":6,"column":0},"end":{"line":6,"column":42}},"6":{"start":{"line":7,"column":0},"end":{"line":7,"column":40}},"7":{"start":{"line":8,"column":0},"end":{"line":8,"column":38}},"8":{"start":{"line":9,"column":0},"end":{"line":9,"column":32}},"9":{"start":{"line":12,"column":0},"end":{"line":12,"column":null}},"10":{"start":{"line":12,"column":39},"end":{"line":12,"column":50}},"11":{"start":{"line":17,"column":4},"end":{"line":17,"column":null}},"12":{"start":{"line":18,"column":4},"end":{"line":18,"column":35}},"13":{"start":{"line":21,"column":2},"end":{"line":23,"column":null}},"14":{"start":{"line":22,"column":4},"end":{"line":22,"column":45}},"15":{"start":{"line":25,"column":2},"end":{"line":27,"column":null}},"16":{"start":{"line":26,"column":4},"end":{"line":26,"column":55}},"17":{"start":{"line":29,"column":2},"end":{"line":31,"column":null}},"18":{"start":{"line":30,"column":4},"end":{"line":30,"column":60}},"19":{"start":{"line":33,"column":2},"end":{"line":35,"column":null}},"20":{"start":{"line":34,"column":4},"end":{"line":34,"column":56}},"21":{"start":{"line":37,"column":2},"end":{"line":39,"column":null}},"22":{"start":{"line":38,"column":4},"end":{"line":38,"column":52}},"23":{"start":{"line":41,"column":2},"end":{"line":43,"column":null}},"24":{"start":{"line":42,"column":4},"end":{"line":42,"column":59}},"25":{"start":{"line":45,"column":2},"end":{"line":47,"column":null}},"26":{"start":{"line":46,"column":4},"end":{"line":46,"column":58}},"27":{"start":{"line":49,"column":2},"end":{"line":51,"column":null}},"28":{"start":{"line":50,"column":4},"end":{"line":50,"column":53}},"29":{"start":{"line":53,"column":2},"end":{"line":55,"column":null}},"30":{"start":{"line":54,"column":4},"end":{"line":54,"column":55}},"31":{"start":{"line":56,"column":0},"end":{"line":56,"column":null}}},"fnMap":{"0":{"name":"(anonymous_7)","decl":{"start":{"line":12,"column":0},"end":{"line":12,"column":39}},"loc":{"start":{"line":12,"column":0},"end":{"line":56,"column":null}}},"1":{"name":"Workspace","decl":{"start":{"line":16,"column":2},"end":{"line":16,"column":14}},"loc":{"start":{"line":16,"column":49},"end":{"line":19,"column":3}}},"2":{"name":"(anonymous_9)","decl":{"start":{"line":21,"column":2},"end":{"line":21,"column":17}},"loc":{"start":{"line":21,"column":2},"end":{"line":23,"column":3}}},"3":{"name":"(anonymous_10)","decl":{"start":{"line":25,"column":2},"end":{"line":25,"column":6}},"loc":{"start":{"line":25,"column":2},"end":{"line":27,"column":3}}},"4":{"name":"(anonymous_11)","decl":{"start":{"line":29,"column":2},"end":{"line":29,"column":6}},"loc":{"start":{"line":29,"column":2},"end":{"line":31,"column":3}}},"5":{"name":"(anonymous_12)","decl":{"start":{"line":33,"column":2},"end":{"line":33,"column":6}},"loc":{"start":{"line":33,"column":2},"end":{"line":35,"column":3}}},"6":{"name":"(anonymous_13)","decl":{"start":{"line":37,"column":2},"end":{"line":37,"column":6}},"loc":{"start":{"line":37,"column":2},"end":{"line":39,"column":3}}},"7":{"name":"(anonymous_14)","decl":{"start":{"line":41,"column":2},"end":{"line":41,"column":6}},"loc":{"start":{"line":41,"column":2},"end":{"line":43,"column":3}}},"8":{"name":"(anonymous_15)","decl":{"start":{"line":45,"column":2},"end":{"line":45,"column":6}},"loc":{"start":{"line":45,"column":2},"end":{"line":47,"column":3}}},"9":{"name":"(anonymous_16)","decl":{"start":{"line":49,"column":2},"end":{"line":49,"column":6}},"loc":{"start":{"line":49,"column":2},"end":{"line":51,"column":3}}},"10":{"name":"(anonymous_17)","decl":{"start":{"line":53,"column":2},"end":{"line":53,"column":6}},"loc":{"start":{"line":53,"column":2},"end":{"line":55,"column":3}}}},"branchMap":{"0":{"loc":{"start":{"line":17,"column":4},"end":{"line":17,"column":17}},"type":"binary-expr","locations":[{"start":{"line":17,"column":4},"end":{"line":17,"column":17}},{"start":{"line":17,"column":17},"end":{"line":17,"column":null}}]}},"s":{"0":8,"1":8,"2":8,"3":8,"4":8,"5":8,"6":8,"7":8,"8":8,"9":8,"10":8,"11":52,"12":52,"13":8,"14":0,"15":8,"16":7,"17":8,"18":0,"19":8,"20":20,"21":8,"22":6,"23":8,"24":8,"25":8,"26":0,"27":8,"28":9,"29":8,"30":2,"31":8},"f":{"0":8,"1":52,"2":0,"3":7,"4":0,"5":20,"6":6,"7":8,"8":0,"9":9,"10":2},"b":{"0":[52,52]}}
,"C:\\Users\\joel\\Documents\\Git\\clockify.js\\src\\Clockify\\Workspaces\\Workspace\\Clients\\index.ts": {"path":"C:\\Users\\joel\\Documents\\Git\\clockify.js\\src\\Clockify\\Workspaces\\Workspace\\Clients\\index.ts","statementMap":{"0":{"start":{"line":1,"column":0},"end":{"line":1,"column":80}},"1":{"start":{"line":2,"column":0},"end":{"line":2,"column":30}},"2":{"start":{"line":6,"column":0},"end":{"line":6,"column":null}},"3":{"start":{"line":6,"column":37},"end":{"line":6,"column":48}},"4":{"start":{"line":11,"column":4},"end":{"line":11,"column":null}},"5":{"start":{"line":12,"column":4},"end":{"line":12,"column":35}},"6":{"start":{"line":15,"column":2},"end":{"line":17,"column":null}},"7":{"start":{"line":16,"column":4},"end":{"line":16,"column":53}},"8":{"start":{"line":19,"column":2},"end":{"line":21,"column":null}},"9":{"start":{"line":20,"column":4},"end":{"line":20,"column":64}},"10":{"start":{"line":26,"column":2},"end":{"line":28,"column":null}},"11":{"start":{"line":26,"column":6},"end":{"line":26,"column":null}},"12":{"start":{"line":27,"column":4},"end":{"line":27,"column":46}},"13":{"start":{"line":33,"column":2},"end":{"line":35,"column":null}},"14":{"start":{"line":34,"column":4},"end":{"line":34,"column":48}},"15":{"start":{"line":36,"column":0},"end":{"line":36,"column":null}}},"fnMap":{"0":{"name":"(anonymous_7)","decl":{"start":{"line":6,"column":0},"end":{"line":6,"column":37}},"loc":{"start":{"line":6,"column":0},"end":{"line":36,"column":null}}},"1":{"name":"Clients","decl":{"start":{"line":10,"column":2},"end":{"line":10,"column":14}},"loc":{"start":{"line":10,"column":49},"end":{"line":13,"column":3}}},"2":{"name":"(anonymous_9)","decl":{"start":{"line":15,"column":2},"end":{"line":15,"column":17}},"loc":{"start":{"line":15,"column":2},"end":{"line":17,"column":3}}},"3":{"name":"(anonymous_10)","decl":{"start":{"line":19,"column":2},"end":{"line":19,"column":8}},"loc":{"start":{"line":19,"column":25},"end":{"line":21,"column":3}}},"4":{"name":"(anonymous_11)","decl":{"start":{"line":26,"column":2},"end":{"line":26,"column":5}},"loc":{"start":{"line":26,"column":30},"end":{"line":28,"column":3}}},"5":{"name":"(anonymous_12)","decl":{"start":{"line":33,"column":2},"end":{"line":33,"column":6}},"loc":{"start":{"line":33,"column":29},"end":{"line":35,"column":3}}}},"branchMap":{"0":{"loc":{"start":{"line":11,"column":4},"end":{"line":11,"column":17}},"type":"binary-expr","locations":[{"start":{"line":11,"column":4},"end":{"line":11,"column":17}},{"start":{"line":11,"column":17},"end":{"line":11,"column":null}}]},"1":{"loc":{"start":{"line":26,"column":6},"end":{"line":26,"column":null}},"type":"if","locations":[{"start":{"line":26,"column":6},"end":{"line":26,"column":null}},{"start":{"line":26,"column":6},"end":{"line":26,"column":null}}]}},"s":{"0":8,"1":8,"2":8,"3":8,"4":7,"5":7,"6":8,"7":5,"8":8,"9":2,"10":8,"11":8,"12":4,"13":8,"14":1,"15":8},"f":{"0":8,"1":7,"2":5,"3":2,"4":4,"5":1},"b":{"0":[7,7],"1":[4,0]}}
,"C:\\Users\\joel\\Documents\\Git\\clockify.js\\src\\Clockify\\Workspaces\\Workspace\\Clients\\Client\\index.ts": {"path":"C:\\Users\\joel\\Documents\\Git\\clockify.js\\src\\Clockify\\Workspaces\\Workspace\\Clients\\Client\\index.ts","statementMap":{"0":{"start":{"line":1,"column":0},"end":{"line":1,"column":82}},"1":{"start":{"line":6,"column":0},"end":{"line":6,"column":null}},"2":{"start":{"line":6,"column":36},"end":{"line":6,"column":47}},"3":{"start":{"line":12,"column":4},"end":{"line":12,"column":null}},"4":{"start":{"line":13,"column":4},"end":{"line":13,"column":35}},"5":{"start":{"line":14,"column":4},"end":{"line":14,"column":29}},"6":{"start":{"line":17,"column":2},"end":{"line":19,"column":null}},"7":{"start":{"line":18,"column":4},"end":{"line":18,"column":70}},"8":{"start":{"line":24,"column":2},"end":{"line":26,"column":null}},"9":{"start":{"line":24,"column":30},"end":{"line":24,"column":null}},"10":{"start":{"line":25,"column":4},"end":{"line":25,"column":50}},"11":{"start":{"line":31,"column":2},"end":{"line":33,"column":null}},"12":{"start":{"line":32,"column":4},"end":{"line":32,"column":44}},"13":{"start":{"line":35,"column":0},"end":{"line":35,"column":null}}},"fnMap":{"0":{"name":"(anonymous_7)","decl":{"start":{"line":6,"column":0},"end":{"line":6,"column":36}},"loc":{"start":{"line":6,"column":0},"end":{"line":35,"column":null}}},"1":{"name":"Client","decl":{"start":{"line":11,"column":2},"end":{"line":11,"column":14}},"loc":{"start":{"line":11,"column":67},"end":{"line":15,"column":3}}},"2":{"name":"(anonymous_9)","decl":{"start":{"line":17,"column":2},"end":{"line":17,"column":17}},"loc":{"start":{"line":17,"column":2},"end":{"line":19,"column":3}}},"3":{"name":"(anonymous_10)","decl":{"start":{"line":24,"column":2},"end":{"line":24,"column":5}},"loc":{"start":{"line":24,"column":59},"end":{"line":26,"column":3}}},"4":{"name":"(anonymous_11)","decl":{"start":{"line":31,"column":2},"end":{"line":31,"column":8}},"loc":{"start":{"line":31,"column":2},"end":{"line":33,"column":3}}}},"branchMap":{"0":{"loc":{"start":{"line":12,"column":4},"end":{"line":12,"column":17}},"type":"binary-expr","locations":[{"start":{"line":12,"column":4},"end":{"line":12,"column":17}},{"start":{"line":12,"column":17},"end":{"line":12,"column":null}}]},"1":{"loc":{"start":{"line":24,"column":30},"end":{"line":24,"column":null}},"type":"if","locations":[{"start":{"line":24,"column":30},"end":{"line":24,"column":null}},{"start":{"line":24,"column":30},"end":{"line":24,"column":null}}]}},"s":{"0":8,"1":8,"2":8,"3":2,"4":2,"5":2,"6":8,"7":2,"8":8,"9":2,"10":1,"11":8,"12":1,"13":8},"f":{"0":8,"1":2,"2":2,"3":1,"4":1},"b":{"0":[2,2],"1":[1,0]}}
,"C:\\Users\\joel\\Documents\\Git\\clockify.js\\src\\Clockify\\Workspaces\\Workspace\\CustomFields\\index.ts": {"path":"C:\\Users\\joel\\Documents\\Git\\clockify.js\\src\\Clockify\\Workspaces\\Workspace\\CustomFields\\index.ts","statementMap":{"0":{"start":{"line":1,"column":0},"end":{"line":1,"column":67}},"1":{"start":{"line":6,"column":0},"end":{"line":6,"column":null}},"2":{"start":{"line":6,"column":42},"end":{"line":6,"column":53}},"3":{"start":{"line":11,"column":4},"end":{"line":11,"column":null}},"4":{"start":{"line":12,"column":4},"end":{"line":12,"column":35}},"5":{"start":{"line":15,"column":2},"end":{"line":17,"column":null}},"6":{"start":{"line":16,"column":4},"end":{"line":16,"column":59}},"7":{"start":{"line":22,"column":2},"end":{"line":24,"column":null}},"8":{"start":{"line":23,"column":4},"end":{"line":23,"column":51}},"9":{"start":{"line":25,"column":0},"end":{"line":25,"column":null}}},"fnMap":{"0":{"name":"(anonymous_7)","decl":{"start":{"line":6,"column":0},"end":{"line":6,"column":42}},"loc":{"start":{"line":6,"column":0},"end":{"line":25,"column":null}}},"1":{"name":"CustomFields","decl":{"start":{"line":10,"column":2},"end":{"line":10,"column":14}},"loc":{"start":{"line":10,"column":49},"end":{"line":13,"column":3}}},"2":{"name":"(anonymous_9)","decl":{"start":{"line":15,"column":2},"end":{"line":15,"column":17}},"loc":{"start":{"line":15,"column":2},"end":{"line":17,"column":3}}},"3":{"name":"(anonymous_10)","decl":{"start":{"line":22,"column":2},"end":{"line":22,"column":5}},"loc":{"start":{"line":22,"column":30},"end":{"line":24,"column":3}}}},"branchMap":{"0":{"loc":{"start":{"line":11,"column":4},"end":{"line":11,"column":17}},"type":"binary-expr","locations":[{"start":{"line":11,"column":4},"end":{"line":11,"column":17}},{"start":{"line":11,"column":17},"end":{"line":11,"column":null}}]}},"s":{"0":8,"1":8,"2":8,"3":0,"4":0,"5":8,"6":0,"7":8,"8":0,"9":8},"f":{"0":8,"1":0,"2":0,"3":0},"b":{"0":[0,0]}}
,"C:\\Users\\joel\\Documents\\Git\\clockify.js\\src\\Clockify\\Workspaces\\Workspace\\Projects\\index.ts": {"path":"C:\\Users\\joel\\Documents\\Git\\clockify.js\\src\\Clockify\\Workspaces\\Workspace\\Projects\\index.ts","statementMap":{"0":{"start":{"line":1,"column":0},"end":{"line":1,"column":80}},"1":{"start":{"line":4,"column":0},"end":{"line":4,"column":32}},"2":{"start":{"line":7,"column":0},"end":{"line":7,"column":null}},"3":{"start":{"line":7,"column":38},"end":{"line":7,"column":49}},"4":{"start":{"line":12,"column":4},"end":{"line":12,"column":null}},"5":{"start":{"line":13,"column":4},"end":{"line":13,"column":35}},"6":{"start":{"line":16,"column":2},"end":{"line":18,"column":null}},"7":{"start":{"line":17,"column":4},"end":{"line":17,"column":54}},"8":{"start":{"line":20,"column":2},"end":{"line":22,"column":null}},"9":{"start":{"line":21,"column":4},"end":{"line":21,"column":66}},"10":{"start":{"line":28,"column":2},"end":{"line":30,"column":null}},"11":{"start":{"line":28,"column":6},"end":{"line":28,"column":null}},"12":{"start":{"line":29,"column":4},"end":{"line":29,"column":47}},"13":{"start":{"line":35,"column":2},"end":{"line":37,"column":null}},"14":{"start":{"line":36,"column":4},"end":{"line":36,"column":49}},"15":{"start":{"line":38,"column":0},"end":{"line":38,"column":null}}},"fnMap":{"0":{"name":"(anonymous_7)","decl":{"start":{"line":7,"column":0},"end":{"line":7,"column":38}},"loc":{"start":{"line":7,"column":0},"end":{"line":38,"column":null}}},"1":{"name":"Projects","decl":{"start":{"line":11,"column":2},"end":{"line":11,"column":14}},"loc":{"start":{"line":11,"column":49},"end":{"line":14,"column":3}}},"2":{"name":"(anonymous_9)","decl":{"start":{"line":16,"column":2},"end":{"line":16,"column":17}},"loc":{"start":{"line":16,"column":2},"end":{"line":18,"column":3}}},"3":{"name":"(anonymous_10)","decl":{"start":{"line":20,"column":2},"end":{"line":20,"column":8}},"loc":{"start":{"line":20,"column":26},"end":{"line":22,"column":3}}},"4":{"name":"(anonymous_11)","decl":{"start":{"line":28,"column":2},"end":{"line":28,"column":5}},"loc":{"start":{"line":28,"column":31},"end":{"line":30,"column":3}}},"5":{"name":"(anonymous_12)","decl":{"start":{"line":35,"column":2},"end":{"line":35,"column":6}},"loc":{"start":{"line":35,"column":27},"end":{"line":37,"column":3}}}},"branchMap":{"0":{"loc":{"start":{"line":12,"column":4},"end":{"line":12,"column":17}},"type":"binary-expr","locations":[{"start":{"line":12,"column":4},"end":{"line":12,"column":17}},{"start":{"line":12,"column":17},"end":{"line":12,"column":null}}]},"1":{"loc":{"start":{"line":28,"column":6},"end":{"line":28,"column":null}},"type":"if","locations":[{"start":{"line":28,"column":6},"end":{"line":28,"column":null}},{"start":{"line":28,"column":6},"end":{"line":28,"column":null}}]}},"s":{"0":8,"1":8,"2":8,"3":8,"4":20,"5":20,"6":8,"7":4,"8":8,"9":16,"10":8,"11":6,"12":3,"13":8,"14":1,"15":8},"f":{"0":8,"1":20,"2":4,"3":16,"4":3,"5":1},"b":{"0":[20,20],"1":[3,0]}}
,"C:\\Users\\joel\\Documents\\Git\\clockify.js\\src\\Clockify\\Workspaces\\Workspace\\Projects\\Project\\index.ts": {"path":"C:\\Users\\joel\\Documents\\Git\\clockify.js\\src\\Clockify\\Workspaces\\Workspace\\Projects\\Project\\index.ts","statementMap":{"0":{"start":{"line":1,"column":0},"end":{"line":1,"column":93}},"1":{"start":{"line":3,"column":0},"end":{"line":3,"column":42}},"2":{"start":{"line":4,"column":0},"end":{"line":4,"column":34}},"3":{"start":{"line":5,"column":0},"end":{"line":5,"column":40}},"4":{"start":{"line":6,"column":0},"end":{"line":6,"column":28}},"5":{"start":{"line":7,"column":0},"end":{"line":7,"column":34}},"6":{"start":{"line":11,"column":0},"end":{"line":11,"column":null}},"7":{"start":{"line":11,"column":37},"end":{"line":11,"column":48}},"8":{"start":{"line":17,"column":4},"end":{"line":17,"column":null}},"9":{"start":{"line":18,"column":4},"end":{"line":18,"column":35}},"10":{"start":{"line":19,"column":4},"end":{"line":19,"column":31}},"11":{"start":{"line":22,"column":2},"end":{"line":24,"column":null}},"12":{"start":{"line":23,"column":4},"end":{"line":23,"column":72}},"13":{"start":{"line":26,"column":2},"end":{"line":28,"column":null}},"14":{"start":{"line":27,"column":4},"end":{"line":27,"column":76}},"15":{"start":{"line":30,"column":2},"end":{"line":32,"column":null}},"16":{"start":{"line":31,"column":4},"end":{"line":31,"column":72}},"17":{"start":{"line":34,"column":2},"end":{"line":36,"column":null}},"18":{"start":{"line":35,"column":4},"end":{"line":35,"column":75}},"19":{"start":{"line":38,"column":2},"end":{"line":40,"column":null}},"20":{"start":{"line":39,"column":4},"end":{"line":39,"column":69}},"21":{"start":{"line":42,"column":2},"end":{"line":44,"column":null}},"22":{"start":{"line":43,"column":4},"end":{"line":43,"column":72}},"23":{"start":{"line":50,"column":2},"end":{"line":52,"column":null}},"24":{"start":{"line":51,"column":4},"end":{"line":51,"column":42}},"25":{"start":{"line":57,"column":2},"end":{"line":59,"column":null}},"26":{"start":{"line":57,"column":31},"end":{"line":57,"column":null}},"27":{"start":{"line":58,"column":4},"end":{"line":58,"column":51}},"28":{"start":{"line":64,"column":2},"end":{"line":66,"column":null}},"29":{"start":{"line":65,"column":4},"end":{"line":65,"column":45}},"30":{"start":{"line":68,"column":0},"end":{"line":68,"column":null}}},"fnMap":{"0":{"name":"(anonymous_7)","decl":{"start":{"line":11,"column":0},"end":{"line":11,"column":37}},"loc":{"start":{"line":11,"column":0},"end":{"line":68,"column":null}}},"1":{"name":"Project","decl":{"start":{"line":16,"column":2},"end":{"line":16,"column":14}},"loc":{"start":{"line":16,"column":68},"end":{"line":20,"column":3}}},"2":{"name":"(anonymous_9)","decl":{"start":{"line":22,"column":2},"end":{"line":22,"column":17}},"loc":{"start":{"line":22,"column":2},"end":{"line":24,"column":3}}},"3":{"name":"(anonymous_10)","decl":{"start":{"line":26,"column":2},"end":{"line":26,"column":6}},"loc":{"start":{"line":26,"column":2},"end":{"line":28,"column":3}}},"4":{"name":"(anonymous_11)","decl":{"start":{"line":30,"column":2},"end":{"line":30,"column":6}},"loc":{"start":{"line":30,"column":2},"end":{"line":32,"column":3}}},"5":{"name":"(anonymous_12)","decl":{"start":{"line":34,"column":2},"end":{"line":34,"column":6}},"loc":{"start":{"line":34,"column":2},"end":{"line":36,"column":3}}},"6":{"name":"(anonymous_13)","decl":{"start":{"line":38,"column":2},"end":{"line":38,"column":6}},"loc":{"start":{"line":38,"column":2},"end":{"line":40,"column":3}}},"7":{"name":"(anonymous_14)","decl":{"start":{"line":42,"column":2},"end":{"line":42,"column":6}},"loc":{"start":{"line":42,"column":2},"end":{"line":44,"column":3}}},"8":{"name":"(anonymous_15)","decl":{"start":{"line":50,"column":2},"end":{"line":50,"column":5}},"loc":{"start":{"line":50,"column":2},"end":{"line":52,"column":3}}},"9":{"name":"(anonymous_16)","decl":{"start":{"line":57,"column":2},"end":{"line":57,"column":5}},"loc":{"start":{"line":57,"column":61},"end":{"line":59,"column":3}}},"10":{"name":"(anonymous_17)","decl":{"start":{"line":64,"column":2},"end":{"line":64,"column":8}},"loc":{"start":{"line":64,"column":2},"end":{"line":66,"column":3}}}},"branchMap":{"0":{"loc":{"start":{"line":17,"column":4},"end":{"line":17,"column":17}},"type":"binary-expr","locations":[{"start":{"line":17,"column":4},"end":{"line":17,"column":17}},{"start":{"line":17,"column":17},"end":{"line":17,"column":null}}]},"1":{"loc":{"start":{"line":57,"column":31},"end":{"line":57,"column":null}},"type":"if","locations":[{"start":{"line":57,"column":31},"end":{"line":57,"column":null}},{"start":{"line":57,"column":31},"end":{"line":57,"column":null}}]}},"s":{"0":8,"1":8,"2":8,"3":8,"4":8,"5":8,"6":8,"7":8,"8":16,"9":16,"10":16,"11":8,"12":4,"13":8,"14":0,"15":8,"16":2,"17":8,"18":1,"19":8,"20":9,"21":8,"22":0,"23":8,"24":2,"25":8,"26":2,"27":1,"28":8,"29":1,"30":8},"f":{"0":8,"1":16,"2":4,"3":0,"4":2,"5":1,"6":9,"7":0,"8":2,"9":1,"10":1},"b":{"0":[16,16],"1":[1,0]}}
,"C:\\Users\\joel\\Documents\\Git\\clockify.js\\src\\Clockify\\Workspaces\\Workspace\\Projects\\Project\\CustomFields\\index.ts": {"path":"C:\\Users\\joel\\Documents\\Git\\clockify.js\\src\\Clockify\\Workspaces\\Workspace\\Projects\\Project\\CustomFields\\index.ts","statementMap":{"0":{"start":{"line":1,"column":0},"end":{"line":1,"column":73}},"1":{"start":{"line":3,"column":0},"end":{"line":3,"column":40}},"2":{"start":{"line":6,"column":0},"end":{"line":6,"column":null}},"3":{"start":{"line":6,"column":42},"end":{"line":6,"column":53}},"4":{"start":{"line":12,"column":4},"end":{"line":12,"column":null}},"5":{"start":{"line":13,"column":4},"end":{"line":13,"column":35}},"6":{"start":{"line":14,"column":4},"end":{"line":14,"column":31}},"7":{"start":{"line":17,"column":2},"end":{"line":19,"column":null}},"8":{"start":{"line":18,"column":4},"end":{"line":18,"column":86}},"9":{"start":{"line":21,"column":2},"end":{"line":23,"column":null}},"10":{"start":{"line":22,"column":4},"end":{"line":22,"column":90}},"11":{"start":{"line":28,"column":2},"end":{"line":30,"column":null}},"12":{"start":{"line":29,"column":4},"end":{"line":29,"column":32}},"13":{"start":{"line":31,"column":0},"end":{"line":31,"column":null}}},"fnMap":{"0":{"name":"(anonymous_7)","decl":{"start":{"line":6,"column":0},"end":{"line":6,"column":42}},"loc":{"start":{"line":6,"column":0},"end":{"line":31,"column":null}}},"1":{"name":"CustomFields","decl":{"start":{"line":11,"column":2},"end":{"line":11,"column":14}},"loc":{"start":{"line":11,"column":68},"end":{"line":15,"column":3}}},"2":{"name":"(anonymous_9)","decl":{"start":{"line":17,"column":2},"end":{"line":17,"column":17}},"loc":{"start":{"line":17,"column":2},"end":{"line":19,"column":3}}},"3":{"name":"(anonymous_10)","decl":{"start":{"line":21,"column":2},"end":{"line":21,"column":8}},"loc":{"start":{"line":21,"column":30},"end":{"line":23,"column":3}}},"4":{"name":"(anonymous_11)","decl":{"start":{"line":28,"column":2},"end":{"line":28,"column":5}},"loc":{"start":{"line":28,"column":30},"end":{"line":30,"column":3}}}},"branchMap":{"0":{"loc":{"start":{"line":12,"column":4},"end":{"line":12,"column":17}},"type":"binary-expr","locations":[{"start":{"line":12,"column":4},"end":{"line":12,"column":17}},{"start":{"line":12,"column":17},"end":{"line":12,"column":null}}]}},"s":{"0":8,"1":8,"2":8,"3":8,"4":0,"5":0,"6":0,"7":8,"8":0,"9":8,"10":0,"11":8,"12":0,"13":8},"f":{"0":8,"1":0,"2":0,"3":0,"4":0},"b":{"0":[0,0]}}
,"C:\\Users\\joel\\Documents\\Git\\clockify.js\\src\\Clockify\\Workspaces\\Workspace\\Projects\\Project\\CustomFields\\CustomField\\index.ts": {"path":"C:\\Users\\joel\\Documents\\Git\\clockify.js\\src\\Clockify\\Workspaces\\Workspace\\Projects\\Project\\CustomFields\\CustomField\\index.ts","statementMap":{"0":{"start":{"line":1,"column":0},"end":{"line":1,"column":89}},"1":{"start":{"line":4,"column":0},"end":{"line":4,"column":null}},"2":{"start":{"line":4,"column":41},"end":{"line":4,"column":52}},"3":{"start":{"line":11,"column":4},"end":{"line":11,"column":null}},"4":{"start":{"line":12,"column":4},"end":{"line":12,"column":35}},"5":{"start":{"line":13,"column":4},"end":{"line":13,"column":31}},"6":{"start":{"line":14,"column":4},"end":{"line":14,"column":39}},"7":{"start":{"line":17,"column":2},"end":{"line":19,"column":null}},"8":{"start":{"line":18,"column":4},"end":{"line":18,"column":108}},"9":{"start":{"line":24,"column":2},"end":{"line":26,"column":null}},"10":{"start":{"line":25,"column":4},"end":{"line":25,"column":54}},"11":{"start":{"line":31,"column":2},"end":{"line":33,"column":null}},"12":{"start":{"line":32,"column":4},"end":{"line":32,"column":49}},"13":{"start":{"line":34,"column":0},"end":{"line":34,"column":null}}},"fnMap":{"0":{"name":"(anonymous_7)","decl":{"start":{"line":4,"column":0},"end":{"line":4,"column":41}},"loc":{"start":{"line":4,"column":0},"end":{"line":34,"column":null}}},"1":{"name":"CustomField","decl":{"start":{"line":10,"column":2},"end":{"line":10,"column":14}},"loc":{"start":{"line":10,"column":91},"end":{"line":15,"column":3}}},"2":{"name":"(anonymous_9)","decl":{"start":{"line":17,"column":2},"end":{"line":17,"column":17}},"loc":{"start":{"line":17,"column":2},"end":{"line":19,"column":3}}},"3":{"name":"(anonymous_10)","decl":{"start":{"line":24,"column":2},"end":{"line":24,"column":7}},"loc":{"start":{"line":24,"column":84},"end":{"line":26,"column":3}}},"4":{"name":"(anonymous_11)","decl":{"start":{"line":31,"column":2},"end":{"line":31,"column":8}},"loc":{"start":{"line":31,"column":2},"end":{"line":33,"column":3}}}},"branchMap":{"0":{"loc":{"start":{"line":11,"column":4},"end":{"line":11,"column":17}},"type":"binary-expr","locations":[{"start":{"line":11,"column":4},"end":{"line":11,"column":17}},{"start":{"line":11,"column":17},"end":{"line":11,"column":null}}]}},"s":{"0":8,"1":8,"2":8,"3":0,"4":0,"5":0,"6":0,"7":8,"8":0,"9":8,"10":0,"11":8,"12":0,"13":8},"f":{"0":8,"1":0,"2":0,"3":0,"4":0},"b":{"0":[0,0]}}
,"C:\\Users\\joel\\Documents\\Git\\clockify.js\\src\\Clockify\\Workspaces\\Workspace\\Projects\\Project\\Estimate\\index.ts": {"path":"C:\\Users\\joel\\Documents\\Git\\clockify.js\\src\\Clockify\\Workspaces\\Workspace\\Projects\\Project\\Estimate\\index.ts","statementMap":{"0":{"start":{"line":1,"column":0},"end":{"line":1,"column":76}},"1":{"start":{"line":5,"column":0},"end":{"line":5,"column":null}},"2":{"start":{"line":5,"column":38},"end":{"line":5,"column":49}},"3":{"start":{"line":11,"column":4},"end":{"line":11,"column":null}},"4":{"start":{"line":12,"column":4},"end":{"line":12,"column":35}},"5":{"start":{"line":13,"column":4},"end":{"line":13,"column":31}},"6":{"start":{"line":16,"column":2},"end":{"line":18,"column":null}},"7":{"start":{"line":17,"column":4},"end":{"line":17,"column":81}},"8":{"start":{"line":23,"column":2},"end":{"line":25,"column":null}},"9":{"start":{"line":24,"column":4},"end":{"line":24,"column":50}},"10":{"start":{"line":27,"column":0},"end":{"line":27,"column":null}}},"fnMap":{"0":{"name":"(anonymous_7)","decl":{"start":{"line":5,"column":0},"end":{"line":5,"column":38}},"loc":{"start":{"line":5,"column":0},"end":{"line":27,"column":null}}},"1":{"name":"Estimate","decl":{"start":{"line":10,"column":2},"end":{"line":10,"column":14}},"loc":{"start":{"line":10,"column":68},"end":{"line":14,"column":3}}},"2":{"name":"(anonymous_9)","decl":{"start":{"line":16,"column":2},"end":{"line":16,"column":17}},"loc":{"start":{"line":16,"column":2},"end":{"line":18,"column":3}}},"3":{"name":"(anonymous_10)","decl":{"start":{"line":23,"column":2},"end":{"line":23,"column":7}},"loc":{"start":{"line":23,"column":26},"end":{"line":25,"column":3}}}},"branchMap":{"0":{"loc":{"start":{"line":11,"column":4},"end":{"line":11,"column":17}},"type":"binary-expr","locations":[{"start":{"line":11,"column":4},"end":{"line":11,"column":17}},{"start":{"line":11,"column":17},"end":{"line":11,"column":null}}]}},"s":{"0":8,"1":8,"2":8,"3":2,"4":2,"5":2,"6":8,"7":2,"8":8,"9":2,"10":8},"f":{"0":8,"1":2,"2":2,"3":2},"b":{"0":[2,2]}}
,"C:\\Users\\joel\\Documents\\Git\\clockify.js\\src\\Clockify\\Workspaces\\Workspace\\Projects\\Project\\Memberships\\index.ts": {"path":"C:\\Users\\joel\\Documents\\Git\\clockify.js\\src\\Clockify\\Workspaces\\Workspace\\Projects\\Project\\Memberships\\index.ts","statementMap":{"0":{"start":{"line":1,"column":0},"end":{"line":1,"column":74}},"1":{"start":{"line":5,"column":0},"end":{"line":5,"column":null}},"2":{"start":{"line":5,"column":41},"end":{"line":5,"column":52}},"3":{"start":{"line":11,"column":4},"end":{"line":11,"column":null}},"4":{"start":{"line":12,"column":4},"end":{"line":12,"column":35}},"5":{"start":{"line":13,"column":4},"end":{"line":13,"column":31}},"6":{"start":{"line":16,"column":2},"end":{"line":18,"column":null}},"7":{"start":{"line":17,"column":4},"end":{"line":17,"column":84}},"8":{"start":{"line":23,"column":2},"end":{"line":25,"column":null}},"9":{"start":{"line":24,"column":4},"end":{"line":24,"column":50}},"10":{"start":{"line":27,"column":0},"end":{"line":27,"column":null}}},"fnMap":{"0":{"name":"(anonymous_7)","decl":{"start":{"line":5,"column":0},"end":{"line":5,"column":41}},"loc":{"start":{"line":5,"column":0},"end":{"line":27,"column":null}}},"1":{"name":"Memberships","decl":{"start":{"line":10,"column":2},"end":{"line":10,"column":14}},"loc":{"start":{"line":10,"column":68},"end":{"line":14,"column":3}}},"2":{"name":"(anonymous_9)","decl":{"start":{"line":16,"column":2},"end":{"line":16,"column":17}},"loc":{"start":{"line":16,"column":2},"end":{"line":18,"column":3}}},"3":{"name":"(anonymous_10)","decl":{"start":{"line":23,"column":2},"end":{"line":23,"column":7}},"loc":{"start":{"line":23,"column":52},"end":{"line":25,"column":3}}}},"branchMap":{"0":{"loc":{"start":{"line":11,"column":4},"end":{"line":11,"column":17}},"type":"binary-expr","locations":[{"start":{"line":11,"column":4},"end":{"line":11,"column":17}},{"start":{"line":11,"column":17},"end":{"line":11,"column":null}}]}},"s":{"0":8,"1":8,"2":8,"3":1,"4":1,"5":1,"6":8,"7":1,"8":8,"9":1,"10":8},"f":{"0":8,"1":1,"2":1,"3":1},"b":{"0":[1,1]}}
,"C:\\Users\\joel\\Documents\\Git\\clockify.js\\src\\Clockify\\Workspaces\\Workspace\\Projects\\Project\\Tasks\\index.ts": {"path":"C:\\Users\\joel\\Documents\\Git\\clockify.js\\src\\Clockify\\Workspaces\\Workspace\\Projects\\Project\\Tasks\\index.ts","statementMap":{"0":{"start":{"line":1,"column":0},"end":{"line":1,"column":86}},"1":{"start":{"line":2,"column":0},"end":{"line":2,"column":26}},"2":{"start":{"line":7,"column":0},"end":{"line":7,"column":null}},"3":{"start":{"line":7,"column":35},"end":{"line":7,"column":46}},"4":{"start":{"line":13,"column":4},"end":{"line":13,"column":null}},"5":{"start":{"line":14,"column":4},"end":{"line":14,"column":35}},"6":{"start":{"line":15,"column":4},"end":{"line":15,"column":31}},"7":{"start":{"line":18,"column":2},"end":{"line":20,"column":null}},"8":{"start":{"line":19,"column":4},"end":{"line":19,"column":78}},"9":{"start":{"line":22,"column":2},"end":{"line":24,"column":null}},"10":{"start":{"line":23,"column":4},"end":{"line":23,"column":76}},"11":{"start":{"line":29,"column":2},"end":{"line":31,"column":null}},"12":{"start":{"line":29,"column":6},"end":{"line":29,"column":null}},"13":{"start":{"line":30,"column":4},"end":{"line":30,"column":32}},"14":{"start":{"line":36,"column":2},"end":{"line":38,"column":null}},"15":{"start":{"line":37,"column":4},"end":{"line":37,"column":36}},"16":{"start":{"line":40,"column":0},"end":{"line":40,"column":null}}},"fnMap":{"0":{"name":"(anonymous_7)","decl":{"start":{"line":7,"column":0},"end":{"line":7,"column":35}},"loc":{"start":{"line":7,"column":0},"end":{"line":40,"column":null}}},"1":{"name":"Tasks","decl":{"start":{"line":12,"column":2},"end":{"line":12,"column":14}},"loc":{"start":{"line":12,"column":68},"end":{"line":16,"column":3}}},"2":{"name":"(anonymous_9)","decl":{"start":{"line":18,"column":2},"end":{"line":18,"column":17}},"loc":{"start":{"line":18,"column":2},"end":{"line":20,"column":3}}},"3":{"name":"(anonymous_10)","decl":{"start":{"line":22,"column":2},"end":{"line":22,"column":8}},"loc":{"start":{"line":22,"column":23},"end":{"line":24,"column":3}}},"4":{"name":"(anonymous_11)","decl":{"start":{"line":29,"column":2},"end":{"line":29,"column":5}},"loc":{"start":{"line":29,"column":28},"end":{"line":31,"column":3}}},"5":{"name":"(anonymous_12)","decl":{"start":{"line":36,"column":2},"end":{"line":36,"column":6}},"loc":{"start":{"line":36,"column":24},"end":{"line":38,"column":3}}}},"branchMap":{"0":{"loc":{"start":{"line":13,"column":4},"end":{"line":13,"column":17}},"type":"binary-expr","locations":[{"start":{"line":13,"column":4},"end":{"line":13,"column":17}},{"start":{"line":13,"column":17},"end":{"line":13,"column":null}}]},"1":{"loc":{"start":{"line":29,"column":6},"end":{"line":29,"column":null}},"type":"if","locations":[{"start":{"line":29,"column":6},"end":{"line":29,"column":null}},{"start":{"line":29,"column":6},"end":{"line":29,"column":null}}]}},"s":{"0":8,"1":8,"2":8,"3":8,"4":9,"5":9,"6":9,"7":8,"8":4,"9":8,"10":5,"11":8,"12":6,"13":3,"14":8,"15":1,"16":8},"f":{"0":8,"1":9,"2":4,"3":5,"4":3,"5":1},"b":{"0":[9,9],"1":[3,0]}}
,"C:\\Users\\joel\\Documents\\Git\\clockify.js\\src\\Clockify\\Workspaces\\Workspace\\Projects\\Project\\Tasks\\Task\\index.ts": {"path":"C:\\Users\\joel\\Documents\\Git\\clockify.js\\src\\Clockify\\Workspaces\\Workspace\\Projects\\Project\\Tasks\\Task\\index.ts","statementMap":{"0":{"start":{"line":1,"column":0},"end":{"line":1,"column":99}},"1":{"start":{"line":6,"column":0},"end":{"line":6,"column":null}},"2":{"start":{"line":6,"column":34},"end":{"line":6,"column":45}},"3":{"start":{"line":13,"column":4},"end":{"line":13,"column":null}},"4":{"start":{"line":14,"column":4},"end":{"line":14,"column":35}},"5":{"start":{"line":15,"column":4},"end":{"line":15,"column":31}},"6":{"start":{"line":16,"column":4},"end":{"line":16,"column":25}},"7":{"start":{"line":19,"column":2},"end":{"line":21,"column":null}},"8":{"start":{"line":20,"column":4},"end":{"line":20,"column":93}},"9":{"start":{"line":26,"column":2},"end":{"line":28,"column":null}},"10":{"start":{"line":27,"column":4},"end":{"line":27,"column":39}},"11":{"start":{"line":33,"column":2},"end":{"line":35,"column":null}},"12":{"start":{"line":34,"column":4},"end":{"line":34,"column":45}},"13":{"start":{"line":40,"column":2},"end":{"line":42,"column":null}},"14":{"start":{"line":41,"column":4},"end":{"line":41,"column":42}},"15":{"start":{"line":44,"column":0},"end":{"line":44,"column":null}}},"fnMap":{"0":{"name":"(anonymous_7)","decl":{"start":{"line":6,"column":0},"end":{"line":6,"column":34}},"loc":{"start":{"line":6,"column":0},"end":{"line":44,"column":null}}},"1":{"name":"Task","decl":{"start":{"line":12,"column":2},"end":{"line":12,"column":14}},"loc":{"start":{"line":12,"column":84},"end":{"line":17,"column":3}}},"2":{"name":"(anonymous_9)","decl":{"start":{"line":19,"column":2},"end":{"line":19,"column":17}},"loc":{"start":{"line":19,"column":2},"end":{"line":21,"column":3}}},"3":{"name":"(anonymous_10)","decl":{"start":{"line":26,"column":2},"end":{"line":26,"column":5}},"loc":{"start":{"line":26,"column":2},"end":{"line":28,"column":3}}},"4":{"name":"(anonymous_11)","decl":{"start":{"line":33,"column":2},"end":{"line":33,"column":5}},"loc":{"start":{"line":33,"column":23},"end":{"line":35,"column":3}}},"5":{"name":"(anonymous_12)","decl":{"start":{"line":40,"column":2},"end":{"line":40,"column":8}},"loc":{"start":{"line":40,"column":2},"end":{"line":42,"column":3}}}},"branchMap":{"0":{"loc":{"start":{"line":13,"column":4},"end":{"line":13,"column":17}},"type":"binary-expr","locations":[{"start":{"line":13,"column":4},"end":{"line":13,"column":17}},{"start":{"line":13,"column":17},"end":{"line":13,"column":null}}]}},"s":{"0":8,"1":8,"2":8,"3":5,"4":5,"5":5,"6":5,"7":8,"8":5,"9":8,"10":2,"11":8,"12":2,"13":8,"14":1,"15":8},"f":{"0":8,"1":5,"2":5,"3":2,"4":2,"5":1},"b":{"0":[5,5]}}
,"C:\\Users\\joel\\Documents\\Git\\clockify.js\\src\\Clockify\\Workspaces\\Workspace\\Projects\\Project\\Template\\index.ts": {"path":"C:\\Users\\joel\\Documents\\Git\\clockify.js\\src\\Clockify\\Workspaces\\Workspace\\Projects\\Project\\Template\\index.ts","statementMap":{"0":{"start":{"line":1,"column":0},"end":{"line":1,"column":74}},"1":{"start":{"line":4,"column":0},"end":{"line":4,"column":null}},"2":{"start":{"line":4,"column":38},"end":{"line":4,"column":49}},"3":{"start":{"line":10,"column":4},"end":{"line":10,"column":null}},"4":{"start":{"line":11,"column":4},"end":{"line":11,"column":35}},"5":{"start":{"line":12,"column":4},"end":{"line":12,"column":31}},"6":{"start":{"line":15,"column":2},"end":{"line":17,"column":null}},"7":{"start":{"line":16,"column":4},"end":{"line":16,"column":81}},"8":{"start":{"line":22,"column":2},"end":{"line":24,"column":null}},"9":{"start":{"line":23,"column":4},"end":{"line":23,"column":50}},"10":{"start":{"line":26,"column":0},"end":{"line":26,"column":null}}},"fnMap":{"0":{"name":"(anonymous_7)","decl":{"start":{"line":4,"column":0},"end":{"line":4,"column":38}},"loc":{"start":{"line":4,"column":0},"end":{"line":26,"column":null}}},"1":{"name":"Template","decl":{"start":{"line":9,"column":2},"end":{"line":9,"column":14}},"loc":{"start":{"line":9,"column":68},"end":{"line":13,"column":3}}},"2":{"name":"(anonymous_9)","decl":{"start":{"line":15,"column":2},"end":{"line":15,"column":17}},"loc":{"start":{"line":15,"column":2},"end":{"line":17,"column":3}}},"3":{"name":"(anonymous_10)","decl":{"start":{"line":22,"column":2},"end":{"line":22,"column":7}},"loc":{"start":{"line":22,"column":37},"end":{"line":24,"column":3}}}},"branchMap":{"0":{"loc":{"start":{"line":10,"column":4},"end":{"line":10,"column":17}},"type":"binary-expr","locations":[{"start":{"line":10,"column":4},"end":{"line":10,"column":17}},{"start":{"line":10,"column":17},"end":{"line":10,"column":null}}]}},"s":{"0":8,"1":8,"2":8,"3":0,"4":0,"5":0,"6":8,"7":0,"8":8,"9":0,"10":8},"f":{"0":8,"1":0,"2":0,"3":0},"b":{"0":[0,0]}}
,"C:\\Users\\joel\\Documents\\Git\\clockify.js\\src\\Clockify\\Workspaces\\Workspace\\Reports\\index.ts": {"path":"C:\\Users\\joel\\Documents\\Git\\clockify.js\\src\\Clockify\\Workspaces\\Workspace\\Reports\\index.ts","statementMap":{"0":{"start":{"line":1,"column":0},"end":{"line":1,"column":32}},"1":{"start":{"line":2,"column":0},"end":{"line":2,"column":54}},"2":{"start":{"line":3,"column":0},"end":{"line":3,"column":34}},"3":{"start":{"line":5,"column":0},"end":{"line":5,"column":null}},"4":{"start":{"line":5,"column":37},"end":{"line":5,"column":48}},"5":{"start":{"line":10,"column":4},"end":{"line":10,"column":null}},"6":{"start":{"line":11,"column":4},"end":{"line":11,"column":35}},"7":{"start":{"line":14,"column":2},"end":{"line":16,"column":null}},"8":{"start":{"line":15,"column":4},"end":{"line":15,"column":55}},"9":{"start":{"line":18,"column":2},"end":{"line":20,"column":null}},"10":{"start":{"line":19,"column":4},"end":{"line":19,"column":56}},"11":{"start":{"line":22,"column":0},"end":{"line":22,"column":null}}},"fnMap":{"0":{"name":"(anonymous_7)","decl":{"start":{"line":5,"column":0},"end":{"line":5,"column":37}},"loc":{"start":{"line":5,"column":0},"end":{"line":22,"column":null}}},"1":{"name":"Reports","decl":{"start":{"line":9,"column":2},"end":{"line":9,"column":14}},"loc":{"start":{"line":9,"column":49},"end":{"line":12,"column":3}}},"2":{"name":"(anonymous_9)","decl":{"start":{"line":14,"column":2},"end":{"line":14,"column":6}},"loc":{"start":{"line":14,"column":2},"end":{"line":16,"column":3}}},"3":{"name":"(anonymous_10)","decl":{"start":{"line":18,"column":2},"end":{"line":18,"column":6}},"loc":{"start":{"line":18,"column":2},"end":{"line":20,"column":3}}}},"branchMap":{"0":{"loc":{"start":{"line":10,"column":4},"end":{"line":10,"column":17}},"type":"binary-expr","locations":[{"start":{"line":10,"column":4},"end":{"line":10,"column":17}},{"start":{"line":10,"column":17},"end":{"line":10,"column":null}}]}},"s":{"0":8,"1":8,"2":8,"3":8,"4":8,"5":2,"6":2,"7":8,"8":1,"9":8,"10":1,"11":8},"f":{"0":8,"1":2,"2":1,"3":1},"b":{"0":[2,2]}}
,"C:\\Users\\joel\\Documents\\Git\\clockify.js\\src\\Clockify\\Workspaces\\Workspace\\Reports\\Detailed\\index.ts": {"path":"C:\\Users\\joel\\Documents\\Git\\clockify.js\\src\\Clockify\\Workspaces\\Workspace\\Reports\\Detailed\\index.ts","statementMap":{"0":{"start":{"line":4,"column":0},"end":{"line":4,"column":55}},"1":{"start":{"line":6,"column":0},"end":{"line":6,"column":null}},"2":{"start":{"line":6,"column":38},"end":{"line":6,"column":48}},"3":{"start":{"line":10,"column":4},"end":{"line":10,"column":null}},"4":{"start":{"line":11,"column":4},"end":{"line":11,"column":35}},"5":{"start":{"line":14,"column":2},"end":{"line":16,"column":null}},"6":{"start":{"line":15,"column":4},"end":{"line":15,"column":62}},"7":{"start":{"line":18,"column":2},"end":{"line":20,"column":null}},"8":{"start":{"line":19,"column":4},"end":{"line":19,"column":56}},"9":{"start":{"line":21,"column":0},"end":{"line":21,"column":null}}},"fnMap":{"0":{"name":"(anonymous_7)","decl":{"start":{"line":6,"column":0},"end":{"line":6,"column":38}},"loc":{"start":{"line":6,"column":0},"end":{"line":21,"column":null}}},"1":{"name":"Detailed","decl":{"start":{"line":9,"column":2},"end":{"line":9,"column":14}},"loc":{"start":{"line":9,"column":49},"end":{"line":12,"column":3}}},"2":{"name":"(anonymous_9)","decl":{"start":{"line":14,"column":2},"end":{"line":14,"column":17}},"loc":{"start":{"line":14,"column":2},"end":{"line":16,"column":3}}},"3":{"name":"(anonymous_10)","decl":{"start":{"line":18,"column":2},"end":{"line":18,"column":6}},"loc":{"start":{"line":18,"column":38},"end":{"line":20,"column":3}}}},"branchMap":{"0":{"loc":{"start":{"line":10,"column":4},"end":{"line":10,"column":17}},"type":"binary-expr","locations":[{"start":{"line":10,"column":4},"end":{"line":10,"column":17}},{"start":{"line":10,"column":17},"end":{"line":10,"column":null}}]}},"s":{"0":8,"1":8,"2":8,"3":1,"4":1,"5":8,"6":1,"7":8,"8":1,"9":8},"f":{"0":8,"1":1,"2":1,"3":1},"b":{"0":[1,0]}}
,"C:\\Users\\joel\\Documents\\Git\\clockify.js\\src\\Clockify\\Workspaces\\Workspace\\Reports\\Summary\\index.ts": {"path":"C:\\Users\\joel\\Documents\\Git\\clockify.js\\src\\Clockify\\Workspaces\\Workspace\\Reports\\Summary\\index.ts","statementMap":{"0":{"start":{"line":4,"column":0},"end":{"line":4,"column":55}},"1":{"start":{"line":6,"column":0},"end":{"line":6,"column":null}},"2":{"start":{"line":6,"column":37},"end":{"line":6,"column":47}},"3":{"start":{"line":10,"column":4},"end":{"line":10,"column":null}},"4":{"start":{"line":11,"column":4},"end":{"line":11,"column":35}},"5":{"start":{"line":14,"column":2},"end":{"line":16,"column":null}},"6":{"start":{"line":15,"column":4},"end":{"line":15,"column":61}},"7":{"start":{"line":18,"column":2},"end":{"line":20,"column":null}},"8":{"start":{"line":19,"column":4},"end":{"line":19,"column":55}},"9":{"start":{"line":21,"column":0},"end":{"line":21,"column":null}}},"fnMap":{"0":{"name":"(anonymous_7)","decl":{"start":{"line":6,"column":0},"end":{"line":6,"column":37}},"loc":{"start":{"line":6,"column":0},"end":{"line":21,"column":null}}},"1":{"name":"Summary","decl":{"start":{"line":9,"column":2},"end":{"line":9,"column":14}},"loc":{"start":{"line":9,"column":49},"end":{"line":12,"column":3}}},"2":{"name":"(anonymous_9)","decl":{"start":{"line":14,"column":2},"end":{"line":14,"column":17}},"loc":{"start":{"line":14,"column":2},"end":{"line":16,"column":3}}},"3":{"name":"(anonymous_10)","decl":{"start":{"line":18,"column":2},"end":{"line":18,"column":6}},"loc":{"start":{"line":18,"column":37},"end":{"line":20,"column":3}}}},"branchMap":{"0":{"loc":{"start":{"line":10,"column":4},"end":{"line":10,"column":17}},"type":"binary-expr","locations":[{"start":{"line":10,"column":4},"end":{"line":10,"column":17}},{"start":{"line":10,"column":17},"end":{"line":10,"column":null}}]}},"s":{"0":8,"1":8,"2":8,"3":1,"4":1,"5":8,"6":1,"7":8,"8":1,"9":8},"f":{"0":8,"1":1,"2":1,"3":1},"b":{"0":[1,0]}}
,"C:\\Users\\joel\\Documents\\Git\\clockify.js\\src\\Clockify\\Workspaces\\Workspace\\Tags\\index.ts": {"path":"C:\\Users\\joel\\Documents\\Git\\clockify.js\\src\\Clockify\\Workspaces\\Workspace\\Tags\\index.ts","statementMap":{"0":{"start":{"line":1,"column":0},"end":{"line":1,"column":78}},"1":{"start":{"line":3,"column":0},"end":{"line":3,"column":24}},"2":{"start":{"line":6,"column":0},"end":{"line":6,"column":null}},"3":{"start":{"line":6,"column":34},"end":{"line":6,"column":45}},"4":{"start":{"line":10,"column":4},"end":{"line":10,"column":null}},"5":{"start":{"line":11,"column":4},"end":{"line":11,"column":35}},"6":{"start":{"line":14,"column":2},"end":{"line":16,"column":null}},"7":{"start":{"line":15,"column":4},"end":{"line":15,"column":50}},"8":{"start":{"line":18,"column":2},"end":{"line":20,"column":null}},"9":{"start":{"line":19,"column":4},"end":{"line":19,"column":58}},"10":{"start":{"line":25,"column":2},"end":{"line":27,"column":null}},"11":{"start":{"line":26,"column":4},"end":{"line":26,"column":32}},"12":{"start":{"line":32,"column":2},"end":{"line":34,"column":null}},"13":{"start":{"line":33,"column":4},"end":{"line":33,"column":36}},"14":{"start":{"line":36,"column":0},"end":{"line":36,"column":null}}},"fnMap":{"0":{"name":"(anonymous_7)","decl":{"start":{"line":6,"column":0},"end":{"line":6,"column":34}},"loc":{"start":{"line":6,"column":0},"end":{"line":36,"column":null}}},"1":{"name":"Tags","decl":{"start":{"line":9,"column":2},"end":{"line":9,"column":14}},"loc":{"start":{"line":9,"column":49},"end":{"line":12,"column":3}}},"2":{"name":"(anonymous_9)","decl":{"start":{"line":14,"column":2},"end":{"line":14,"column":17}},"loc":{"start":{"line":14,"column":2},"end":{"line":16,"column":3}}},"3":{"name":"(anonymous_10)","decl":{"start":{"line":18,"column":2},"end":{"line":18,"column":8}},"loc":{"start":{"line":18,"column":22},"end":{"line":20,"column":3}}},"4":{"name":"(anonymous_11)","decl":{"start":{"line":25,"column":2},"end":{"line":25,"column":5}},"loc":{"start":{"line":25,"column":23},"end":{"line":27,"column":3}}},"5":{"name":"(anonymous_12)","decl":{"start":{"line":32,"column":2},"end":{"line":32,"column":6}},"loc":{"start":{"line":32,"column":29},"end":{"line":34,"column":3}}}},"branchMap":{"0":{"loc":{"start":{"line":10,"column":4},"end":{"line":10,"column":17}},"type":"binary-expr","locations":[{"start":{"line":10,"column":4},"end":{"line":10,"column":17}},{"start":{"line":10,"column":17},"end":{"line":10,"column":null}}]}},"s":{"0":8,"1":8,"2":8,"3":8,"4":6,"5":6,"6":8,"7":4,"8":8,"9":2,"10":8,"11":3,"12":8,"13":1,"14":8},"f":{"0":8,"1":6,"2":4,"3":2,"4":3,"5":1},"b":{"0":[6,6]}}
,"C:\\Users\\joel\\Documents\\Git\\clockify.js\\src\\Clockify\\Workspaces\\Workspace\\Tags\\Tag\\index.ts": {"path":"C:\\Users\\joel\\Documents\\Git\\clockify.js\\src\\Clockify\\Workspaces\\Workspace\\Tags\\Tag\\index.ts","statementMap":{"0":{"start":{"line":1,"column":0},"end":{"line":1,"column":82}},"1":{"start":{"line":4,"column":0},"end":{"line":4,"column":null}},"2":{"start":{"line":4,"column":33},"end":{"line":4,"column":44}},"3":{"start":{"line":10,"column":4},"end":{"line":10,"column":null}},"4":{"start":{"line":11,"column":4},"end":{"line":11,"column":35}},"5":{"start":{"line":12,"column":4},"end":{"line":12,"column":23}},"6":{"start":{"line":15,"column":2},"end":{"line":17,"column":null}},"7":{"start":{"line":16,"column":4},"end":{"line":16,"column":64}},"8":{"start":{"line":22,"column":2},"end":{"line":24,"column":null}},"9":{"start":{"line":23,"column":4},"end":{"line":23,"column":44}},"10":{"start":{"line":29,"column":2},"end":{"line":31,"column":null}},"11":{"start":{"line":30,"column":4},"end":{"line":30,"column":41}},"12":{"start":{"line":33,"column":0},"end":{"line":33,"column":null}}},"fnMap":{"0":{"name":"(anonymous_7)","decl":{"start":{"line":4,"column":0},"end":{"line":4,"column":33}},"loc":{"start":{"line":4,"column":0},"end":{"line":33,"column":null}}},"1":{"name":"Tag","decl":{"start":{"line":9,"column":2},"end":{"line":9,"column":14}},"loc":{"start":{"line":9,"column":64},"end":{"line":13,"column":3}}},"2":{"name":"(anonymous_9)","decl":{"start":{"line":15,"column":2},"end":{"line":15,"column":17}},"loc":{"start":{"line":15,"column":2},"end":{"line":17,"column":3}}},"3":{"name":"(anonymous_10)","decl":{"start":{"line":22,"column":2},"end":{"line":22,"column":5}},"loc":{"start":{"line":22,"column":48},"end":{"line":24,"column":3}}},"4":{"name":"(anonymous_11)","decl":{"start":{"line":29,"column":2},"end":{"line":29,"column":8}},"loc":{"start":{"line":29,"column":2},"end":{"line":31,"column":3}}}},"branchMap":{"0":{"loc":{"start":{"line":10,"column":4},"end":{"line":10,"column":17}},"type":"binary-expr","locations":[{"start":{"line":10,"column":4},"end":{"line":10,"column":17}},{"start":{"line":10,"column":17},"end":{"line":10,"column":null}}]}},"s":{"0":8,"1":8,"2":8,"3":2,"4":2,"5":2,"6":8,"7":2,"8":8,"9":1,"10":8,"11":1,"12":8},"f":{"0":8,"1":2,"2":2,"3":1,"4":1},"b":{"0":[2,2]}}
,"C:\\Users\\joel\\Documents\\Git\\clockify.js\\src\\Clockify\\Workspaces\\Workspace\\TimeEntries\\index.ts": {"path":"C:\\Users\\joel\\Documents\\Git\\clockify.js\\src\\Clockify\\Workspaces\\Workspace\\TimeEntries\\index.ts","statementMap":{"0":{"start":{"line":1,"column":0},"end":{"line":1,"column":67}},"1":{"start":{"line":2,"column":0},"end":{"line":2,"column":36}},"2":{"start":{"line":7,"column":0},"end":{"line":7,"column":null}},"3":{"start":{"line":7,"column":41},"end":{"line":7,"column":52}},"4":{"start":{"line":11,"column":4},"end":{"line":11,"column":null}},"5":{"start":{"line":12,"column":4},"end":{"line":12,"column":35}},"6":{"start":{"line":15,"column":2},"end":{"line":17,"column":null}},"7":{"start":{"line":16,"column":4},"end":{"line":16,"column":58}},"8":{"start":{"line":19,"column":2},"end":{"line":21,"column":null}},"9":{"start":{"line":20,"column":4},"end":{"line":20,"column":70}},"10":{"start":{"line":27,"column":2},"end":{"line":29,"column":null}},"11":{"start":{"line":28,"column":4},"end":{"line":28,"column":51}},"12":{"start":{"line":31,"column":0},"end":{"line":31,"column":null}}},"fnMap":{"0":{"name":"(anonymous_7)","decl":{"start":{"line":7,"column":0},"end":{"line":7,"column":41}},"loc":{"start":{"line":7,"column":0},"end":{"line":31,"column":null}}},"1":{"name":"TimeEntries","decl":{"start":{"line":10,"column":2},"end":{"line":10,"column":14}},"loc":{"start":{"line":10,"column":49},"end":{"line":13,"column":3}}},"2":{"name":"(anonymous_9)","decl":{"start":{"line":15,"column":2},"end":{"line":15,"column":17}},"loc":{"start":{"line":15,"column":2},"end":{"line":17,"column":3}}},"3":{"name":"(anonymous_10)","decl":{"start":{"line":19,"column":2},"end":{"line":19,"column":8}},"loc":{"start":{"line":19,"column":28},"end":{"line":21,"column":3}}},"4":{"name":"(anonymous_11)","decl":{"start":{"line":27,"column":2},"end":{"line":27,"column":6}},"loc":{"start":{"line":27,"column":29},"end":{"line":29,"column":3}}}},"branchMap":{"0":{"loc":{"start":{"line":11,"column":4},"end":{"line":11,"column":17}},"type":"binary-expr","locations":[{"start":{"line":11,"column":4},"end":{"line":11,"column":17}},{"start":{"line":11,"column":17},"end":{"line":11,"column":null}}]}},"s":{"0":8,"1":8,"2":8,"3":8,"4":8,"5":8,"6":8,"7":1,"8":8,"9":7,"10":8,"11":1,"12":8},"f":{"0":8,"1":8,"2":1,"3":7,"4":1},"b":{"0":[8,8]}}
[...]
umn":0},"end":{"line":91,"column":12}},"loc":{"start":{"line":91,"column":53},"end":{"line":95,"column":1}}}},"branchMap":{"0":{"loc":{"start":{"line":1,"column":12},"end":{"line":1,"column":43}},"type":"binary-expr","locations":[{"start":{"line":1,"column":12},"end":{"line":1,"column":43}},{"start":{"line":1,"column":12},"end":{"line":1,"column":null}}]},"1":{"loc":{"start":{"line":12,"column":12},"end":{"line":12,"column":48}},"type":"binary-expr","locations":[{"start":{"line":12,"column":12},"end":{"line":12,"column":48}},{"start":{"line":12,"column":12},"end":{"line":12,"column":null}}]},"2":{"loc":{"start":{"line":17,"column":12},"end":{"line":17,"column":46}},"type":"binary-expr","locations":[{"start":{"line":17,"column":12},"end":{"line":17,"column":46}},{"start":{"line":17,"column":12},"end":{"line":17,"column":null}}]},"3":{"loc":{"start":{"line":22,"column":12},"end":{"line":22,"column":51}},"type":"binary-expr","locations":[{"start":{"line":22,"column":12},"end":{"line":22,"column":51}},{"start":{"line":22,"column":12},"end":{"line":22,"column":null}}]},"4":{"loc":{"start":{"line":28,"column":12},"end":{"line":28,"column":50}},"type":"binary-expr","locations":[{"start":{"line":28,"column":12},"end":{"line":28,"column":50}},{"start":{"line":28,"column":12},"end":{"line":28,"column":null}}]},"5":{"loc":{"start":{"line":34,"column":12},"end":{"line":34,"column":47}},"type":"binary-expr","locations":[{"start":{"line":34,"column":12},"end":{"line":34,"column":47}},{"start":{"line":34,"column":12},"end":{"line":34,"column":null}}]},"6":{"loc":{"start":{"line":42,"column":12},"end":{"line":42,"column":48}},"type":"binary-expr","locations":[{"start":{"line":42,"column":12},"end":{"line":42,"column":48}},{"start":{"line":42,"column":12},"end":{"line":42,"column":null}}]},"7":{"loc":{"start":{"line":49,"column":12},"end":{"line":49,"column":47}},"type":"binary-expr","locations":[{"start":{"line":49,"column":12},"end":{"line":49,"column":47}},{"start":{"line":49,"column":12},"end":{"line":49,"column":null}}]},"8":{"loc":{"start":{"line":56,"column":12},"end":{"line":56,"column":51}},"type":"binary-expr","locations":[{"start":{"line":56,"column":12},"end":{"line":56,"column":51}},{"start":{"line":56,"column":12},"end":{"line":56,"column":null}}]},"9":{"loc":{"start":{"line":61,"column":12},"end":{"line":61,"column":63}},"type":"binary-expr","locations":[{"start":{"line":61,"column":12},"end":{"line":61,"column":63}},{"start":{"line":61,"column":12},"end":{"line":61,"column":null}}]},"10":{"loc":{"start":{"line":67,"column":12},"end":{"line":67,"column":56}},"type":"binary-expr","locations":[{"start":{"line":67,"column":12},"end":{"line":67,"column":56}},{"start":{"line":67,"column":12},"end":{"line":67,"column":null}}]},"11":{"loc":{"start":{"line":73,"column":12},"end":{"line":73,"column":55}},"type":"binary-expr","locations":[{"start":{"line":73,"column":12},"end":{"line":73,"column":55}},{"start":{"line":73,"column":12},"end":{"line":73,"column":null}}]},"12":{"loc":{"start":{"line":79,"column":12},"end":{"line":79,"column":52}},"type":"binary-expr","locations":[{"start":{"line":79,"column":12},"end":{"line":79,"column":52}},{"start":{"line":79,"column":12},"end":{"line":79,"column":null}}]},"13":{"loc":{"start":{"line":85,"column":12},"end":{"line":85,"column":53}},"type":"binary-expr","locations":[{"start":{"line":85,"column":12},"end":{"line":85,"column":53}},{"start":{"line":85,"column":12},"end":{"line":85,"column":null}}]},"14":{"loc":{"start":{"line":91,"column":12},"end":{"line":91,"column":53}},"type":"binary-expr","locations":[{"start":{"line":91,"column":12},"end":{"line":91,"column":53}},{"start":{"line":91,"column":12},"end":{"line":91,"column":null}}]}},"s":{"0":1,"1":1,"2":1,"3":1,"4":1,"5":1,"6":1,"7":1,"8":1,"9":1,"10":1,"11":1,"12":1,"13":1,"14":1,"15":1,"16":1,"17":1,"18":1,"19":1,"20":1,"21":1,"22":1,"23":1,"24":1,"25":1,"26":1,"27":1,"28":1,"29":1,"30":1,"31":1,"32":1,"33":1,"34":1,"35":1,"36":1,"37":1,"38":1,"39":1,"40":1,"41":1,"42":1,"43":1,"44":1,"45":1,"46":1,"47":1,"48":1,"49":1,"50":1,"51":1,"52":1,"53":1,"54":1,"55":1,"56":1,"57":1,"58":1,"59":1,"60":1,"61":1,"62":1,"63":1,"64":1,"65":1},"f":{"0":1,"1":1,"2":1,"3":1,"4":1,"5":1,"6":1,"7":1,"8":1,"9":1,"10":1,"11":1,"12":1,"13":1,"14":1},"b":{"0":[1,1],"1":[1,1],"2":[1,1],"3":[1,1],"4":[1,1],"5":[1,1],"6":[1,1],"7":[1,1],"8":[1,1],"9":[1,1],"10":[1,1],"11":[1,1],"12":[1,1],"13":[1,1],"14":[1,1]}}
,"C:\\Users\\joel\\Documents\\Git\\clockify.js\\src\\Types\\RequestSummaryReportType.ts": {"path":"C:\\Users\\joel\\Documents\\Git\\clockify.js\\src\\Types\\RequestSummaryReportType.ts","statementMap":{"0":{"start":{"line":1,"column":0},"end":{"line":1,"column":null}},"1":{"start":{"line":2,"column":2},"end":{"line":2,"column":null}},"2":{"start":{"line":3,"column":2},"end":{"line":3,"column":null}},"3":{"start":{"line":4,"column":2},"end":{"line":4,"column":null}},"4":{"start":{"line":5,"column":2},"end":{"line":5,"column":null}},"5":{"start":{"line":6,"column":2},"end":{"line":6,"column":null}},"6":{"start":{"line":7,"column":2},"end":{"line":7,"column":null}},"7":{"start":{"line":8,"column":2},"end":{"line":8,"column":null}},"8":{"start":{"line":9,"column":2},"end":{"line":9,"column":null}},"9":{"start":{"line":12,"column":0},"end":{"line":12,"column":null}},"10":{"start":{"line":13,"column":2},"end":{"line":13,"column":null}},"11":{"start":{"line":14,"column":2},"end":{"line":14,"column":null}},"12":{"start":{"line":17,"column":0},"end":{"line":17,"column":null}},"13":{"start":{"line":18,"column":2},"end":{"line":18,"column":null}},"14":{"start":{"line":19,"column":2},"end":{"line":19,"column":null}},"15":{"start":{"line":20,"column":2},"end":{"line":20,"column":null}},"16":{"start":{"line":23,"column":0},"end":{"line":23,"column":null}},"17":{"start":{"line":24,"column":2},"end":{"line":24,"column":null}},"18":{"start":{"line":25,"column":2},"end":{"line":25,"column":null}},"19":{"start":{"line":26,"column":2},"end":{"line":26,"column":null}},"20":{"start":{"line":29,"column":0},"end":{"line":29,"column":null}},"21":{"start":{"line":30,"column":2},"end":{"line":30,"column":null}},"22":{"start":{"line":31,"column":2},"end":{"line":31,"column":null}},"23":{"start":{"line":32,"column":2},"end":{"line":32,"column":null}},"24":{"start":{"line":35,"column":0},"end":{"line":35,"column":null}},"25":{"start":{"line":36,"column":2},"end":{"line":36,"column":null}},"26":{"start":{"line":37,"column":2},"end":{"line":37,"column":null}},"27":{"start":{"line":38,"column":2},"end":{"line":38,"column":null}},"28":{"start":{"line":39,"column":2},"end":{"line":39,"column":null}},"29":{"start":{"line":42,"column":0},"end":{"line":42,"column":null}},"30":{"start":{"line":43,"column":2},"end":{"line":43,"column":null}},"31":{"start":{"line":44,"column":2},"end":{"line":44,"column":null}},"32":{"start":{"line":45,"column":2},"end":{"line":45,"column":null}},"33":{"start":{"line":46,"column":2},"end":{"line":46,"column":null}},"34":{"start":{"line":49,"column":0},"end":{"line":49,"column":null}},"35":{"start":{"line":50,"column":2},"end":{"line":50,"column":null}},"36":{"start":{"line":51,"column":2},"end":{"line":51,"column":null}},"37":{"start":{"line":54,"column":0},"end":{"line":54,"column":null}},"38":{"start":{"line":55,"column":2},"end":{"line":55,"column":null}},"39":{"start":{"line":56,"column":2},"end":{"line":56,"column":null}},"40":{"start":{"line":57,"column":2},"end":{"line":57,"column":null}},"41":{"start":{"line":60,"column":0},"end":{"line":60,"column":null}},"42":{"start":{"line":61,"column":2},"end":{"line":61,"column":null}},"43":{"start":{"line":62,"column":2},"end":{"line":62,"column":null}},"44":{"start":{"line":63,"column":2},"end":{"line":63,"column":null}},"45":{"start":{"line":66,"column":0},"end":{"line":66,"column":null}},"46":{"start":{"line":67,"column":2},"end":{"line":67,"column":null}},"47":{"start":{"line":68,"column":2},"end":{"line":68,"column":null}},"48":{"start":{"line":69,"column":2},"end":{"line":69,"column":null}},"49":{"start":{"line":72,"column":0},"end":{"line":72,"column":null}},"50":{"start":{"line":73,"column":2},"end":{"line":73,"column":null}},"51":{"start":{"line":74,"column":2},"end":{"line":74,"column":null}},"52":{"start":{"line":75,"column":2},"end":{"line":75,"column":null}},"53":{"start":{"line":78,"column":0},"end":{"line":78,"column":null}},"54":{"start":{"line":79,"column":2},"end":{"line":79,"column":null}},"55":{"start":{"line":80,"column":2},"end":{"line":80,"column":null}},"56":{"start":{"line":81,"column":2},"end":{"line":81,"column":null}},"57":{"start":{"line":84,"column":0},"end":{"line":84,"column":null}},"58":{"start":{"line":85,"column":2},"end":{"line":85,"column":null}},"59":{"start":{"line":86,"column":2},"end":{"line":86,"column":null}},"60":{"start":{"line":87,"column":2},"end":{"line":87,"column":null}}},"fnMap":{"0":{"name":"(anonymous_0)","decl":{"start":{"line":1,"column":0},"end":{"line":1,"column":12}},"loc":{"start":{"line":1,"column":42},"end":{"line":10,"column":1}}},"1":{"name":"(anonymous_1)","decl":{"start":{"line":12,"column":0},"end":{"line":12,"column":12}},"loc":{"start":{"line":12,"column":45},"end":{"line":15,"column":1}}},"2":{"name":"(anonymous_2)","decl":{"start":{"line":17,"column":0},"end":{"line":17,"column":12}},"loc":{"start":{"line":17,"column":50},"end":{"line":21,"column":1}}},"3":{"name":"(anonymous_3)","decl":{"start":{"line":23,"column":0},"end":{"line":23,"column":12}},"loc":{"start":{"line":23,"column":49},"end":{"line":27,"column":1}}},"4":{"name":"(anonymous_4)","decl":{"start":{"line":29,"column":0},"end":{"line":29,"column":12}},"loc":{"start":{"line":29,"column":46},"end":{"line":33,"column":1}}},"5":{"name":"(anonymous_5)","decl":{"start":{"line":35,"column":0},"end":{"line":35,"column":12}},"loc":{"start":{"line":35,"column":47},"end":{"line":40,"column":1}}},"6":{"name":"(anonymous_6)","decl":{"start":{"line":42,"column":0},"end":{"line":42,"column":12}},"loc":{"start":{"line":42,"column":46},"end":{"line":47,"column":1}}},"7":{"name":"(anonymous_7)","decl":{"start":{"line":49,"column":0},"end":{"line":49,"column":12}},"loc":{"start":{"line":49,"column":50},"end":{"line":52,"column":1}}},"8":{"name":"(anonymous_8)","decl":{"start":{"line":54,"column":0},"end":{"line":54,"column":12}},"loc":{"start":{"line":54,"column":62},"end":{"line":58,"column":1}}},"9":{"name":"(anonymous_9)","decl":{"start":{"line":60,"column":0},"end":{"line":60,"column":12}},"loc":{"start":{"line":60,"column":55},"end":{"line":64,"column":1}}},"10":{"name":"(anonymous_10)","decl":{"start":{"line":66,"column":0},"end":{"line":66,"column":12}},"loc":{"start":{"line":66,"column":54},"end":{"line":70,"column":1}}},"11":{"name":"(anonymous_11)","decl":{"start":{"line":72,"column":0},"end":{"line":72,"column":12}},"loc":{"start":{"line":72,"column":51},"end":{"line":76,"column":1}}},"12":{"name":"(anonymous_12)","decl":{"start":{"line":78,"column":0},"end":{"line":78,"column":12}},"loc":{"start":{"line":78,"column":52},"end":{"line":82,"column":1}}},"13":{"name":"(anonymous_13)","decl":{"start":{"line":84,"column":0},"end":{"line":84,"column":12}},"loc":{"start":{"line":84,"column":52},"end":{"line":88,"column":1}}}},"branchMap":{"0":{"loc":{"start":{"line":1,"column":12},"end":{"line":1,"column":42}},"type":"binary-expr","locations":[{"start":{"line":1,"column":12},"end":{"line":1,"column":42}},{"start":{"line":1,"column":12},"end":{"line":1,"column":null}}]},"1":{"loc":{"start":{"line":12,"column":12},"end":{"line":12,"column":45}},"type":"binary-expr","locations":[{"start":{"line":12,"column":12},"end":{"line":12,"column":45}},{"start":{"line":12,"column":12},"end":{"line":12,"column":null}}]},"2":{"loc":{"start":{"line":17,"column":12},"end":{"line":17,"column":50}},"type":"binary-expr","locations":[{"start":{"line":17,"column":12},"end":{"line":17,"column":50}},{"start":{"line":17,"column":12},"end":{"line":17,"column":null}}]},"3":{"loc":{"start":{"line":23,"column":12},"end":{"line":23,"column":49}},"type":"binary-expr","locations":[{"start":{"line":23,"column":12},"end":{"line":23,"column":49}},{"start":{"line":23,"column":12},"end":{"line":23,"column":null}}]},"4":{"loc":{"start":{"line":29,"column":12},"end":{"line":29,"column":46}},"type":"binary-expr","locations":[{"start":{"line":29,"column":12},"end":{"line":29,"column":46}},{"start":{"line":29,"column":12},"end":{"line":29,"column":null}}]},"5":{"loc":{"start":{"line":35,"column":12},"end":{"line":35,"column":47}},"type":"binary-expr","locations":[{"start":{"line":35,"column":12},"end":{"line":35,"column":47}},{"start":{"line":35,"column":12},"end":{"line":35,"column":null}}]},"6":{"loc":{"start":{"line":42,"column":12},"end":{"line":42,"column":46}},"type":"binary-expr","locations":[{"start":{"line":42,"column":12},"end":{"line":42,"column":46}},{"start":{"line":42,"column":12},"end":{"line":42,"column":null}}]},"7":{"loc":{"start":{"line":49,"column":12},"end":{"line":49,"column":50}},"type":"binary-expr","locations":[{"start":{"line":49,"column":12},"end":{"line":49,"column":50}},{"start":{"line":49,"column":12},"end":{"line":49,"column":null}}]},"8":{"loc":{"start":{"line":54,"column":12},"end":{"line":54,"column":62}},"type":"binary-expr","locations":[{"start":{"line":54,"column":12},"end":{"line":54,"column":62}},{"start":{"line":54,"column":12},"end":{"line":54,"column":null}}]},"9":{"loc":{"start":{"line":60,"column":12},"end":{"line":60,"column":55}},"type":"binary-expr","locations":[{"start":{"line":60,"column":12},"end":{"line":60,"column":55}},{"start":{"line":60,"column":12},"end":{"line":60,"column":null}}]},"10":{"loc":{"start":{"line":66,"column":12},"end":{"line":66,"column":54}},"type":"binary-expr","locations":[{"start":{"line":66,"column":12},"end":{"line":66,"column":54}},{"start":{"line":66,"column":12},"end":{"line":66,"column":null}}]},"11":{"loc":{"start":{"line":72,"column":12},"end":{"line":72,"column":51}},"type":"binary-expr","locations":[{"start":{"line":72,"column":12},"end":{"line":72,"column":51}},{"start":{"line":72,"column":12},"end":{"line":72,"column":null}}]},"12":{"loc":{"start":{"line":78,"column":12},"end":{"line":78,"column":52}},"type":"binary-expr","locations":[{"start":{"line":78,"column":12},"end":{"line":78,"column":52}},{"start":{"line":78,"column":12},"end":{"line":78,"column":null}}]},"13":{"loc":{"start":{"line":84,"column":12},"end":{"line":84,"column":52}},"type":"binary-expr","locations":[{"start":{"line":84,"column":12},"end":{"line":84,"column":52}},{"start":{"line":84,"column":12},"end":{"line":84,"column":null}}]}},"s":{"0":1,"1":1,"2":1,"3":1,"4":1,"5":1,"6":1,"7":1,"8":1,"9":1,"10":1,"11":1,"12":1,"13":1,"14":1,"15":1,"16":1,"17":1,"18":1,"19":1,"20":1,"21":1,"22":1,"23":1,"24":1,"25":1,"26":1,"27":1,"28":1,"29":1,"30":1,"31":1,"32":1,"33":1,"34":1,"35":1,"36":1,"37":1,"38":1,"39":1,"40":1,"41":1,"42":1,"43":1,"44":1,"45":1,"46":1,"47":1,"48":1,"49":1,"50":1,"51":1,"52":1,"53":1,"54":1,"55":1,"56":1,"57":1,"58":1,"59":1,"60":1},"f":{"0":1,"1":1,"2":1,"3":1,"4":1,"5":1,"6":1,"7":1,"8":1,"9":1,"10":1,"11":1,"12":1,"13":1},"b":{"0":[1,1],"1":[1,1],"2":[1,1],"3":[1,1],"4":[1,1],"5":[1,1],"6":[1,1],"7":[1,1],"8":[1,1],"9":[1,1],"10":[1,1],"11":[1,1],"12":[1,1],"13":[1,1]}}
,"C:\\Users\\joel\\Documents\\Git\\clockify.js\\src\\Types\\RoleType.ts": {"path":"C:\\Users\\joel\\Documents\\Git\\clockify.js\\src\\Types\\RoleType.ts","statementMap":{"0":{"start":{"line":3,"column":0},"end":{"line":3,"column":null}},"1":{"start":{"line":4,"column":2},"end":{"line":4,"column":null}},"2":{"start":{"line":5,"column":2},"end":{"line":5,"column":null}},"3":{"start":{"line":6,"column":2},"end":{"line":6,"column":null}},"4":{"start":{"line":7,"column":2},"end":{"line":7,"column":null}}},"fnMap":{"0":{"name":"(anonymous_0)","decl":{"start":{"line":3,"column":0},"end":{"line":3,"column":12}},"loc":{"start":{"line":3,"column":20},"end":{"line":8,"column":1}}}},"branchMap":{"0":{"loc":{"start":{"line":3,"column":12},"end":{"line":3,"column":20}},"type":"binary-expr","locations":[{"start":{"line":3,"column":12},"end":{"line":3,"column":20}},{"start":{"line":3,"column":12},"end":{"line":3,"column":null}}]}},"s":{"0":1,"1":1,"2":1,"3":1,"4":1},"f":{"0":1},"b":{"0":[1,1]}}
,"C:\\Users\\joel\\Documents\\Git\\clockify.js\\src\\Types\\TaskType.ts": {"path":"C:\\Users\\joel\\Documents\\Git\\clockify.js\\src\\Types\\TaskType.ts","statementMap":{"0":{"start":{"line":1,"column":0},"end":{"line":1,"column":null}},"1":{"start":{"line":2,"column":2},"end":{"line":2,"column":null}},"2":{"start":{"line":3,"column":2},"end":{"line":3,"column":null}}},"fnMap":{"0":{"name":"(anonymous_0)","decl":{"start":{"line":1,"column":0},"end":{"line":1,"column":12}},"loc":{"start":{"line":1,"column":26},"end":{"line":4,"column":1}}}},"branchMap":{"0":{"loc":{"start":{"line":1,"column":12},"end":{"line":1,"column":26}},"type":"binary-expr","locations":[{"start":{"line":1,"column":12},"end":{"line":1,"column":26}},{"start":{"line":1,"column":12},"end":{"line":1,"column":null}}]}},"s":{"0":2,"1":2,"2":2},"f":{"0":2},"b":{"0":[2,2]}}
,"C:\\Users\\joel\\Documents\\Git\\clockify.js\\src\\Types\\UserType.ts": {"path":"C:\\Users\\joel\\Documents\\Git\\clockify.js\\src\\Types\\UserType.ts","statementMap":{"0":{"start":{"line":2,"column":0},"end":{"line":2,"column":null}},"1":{"start":{"line":3,"column":2},"end":{"line":3,"column":null}},"2":{"start":{"line":4,"column":2},"end":{"line":4,"column":null}},"3":{"start":{"line":5,"column":2},"end":{"line":5,"column":null}},"4":{"start":{"line":6,"column":2},"end":{"line":6,"column":null}},"5":{"start":{"line":7,"column":2},"end":{"line":7,"column":null}},"6":{"start":{"line":8,"column":2},"end":{"line":8,"column":null}},"7":{"start":{"line":10,"column":0},"end":{"line":10,"column":null}},"8":{"start":{"line":11,"column":2},"end":{"line":11,"column":null}},"9":{"start":{"line":12,"column":2},"end":{"line":12,"column":null}},"10":{"start":{"line":13,"column":2},"end":{"line":13,"column":null}},"11":{"start":{"line":14,"column":2},"end":{"line":14,"column":null}},"12":{"start":{"line":15,"column":2},"end":{"line":15,"column":null}},"13":{"start":{"line":17,"column":0},"end":{"line":17,"column":null}},"14":{"start":{"line":18,"column":2},"end":{"line":18,"column":null}},"15":{"start":{"line":19,"column":2},"end":{"line":19,"column":null}},"16":{"start":{"line":20,"column":2},"end":{"line":20,"column":null}},"17":{"start":{"line":21,"column":2},"end":{"line":21,"column":null}}},"fnMap":{"0":{"name":"(anonymous_0)","decl":{"start":{"line":2,"column":0},"end":{"line":2,"column":12}},"loc":{"start":{"line":2,"column":54},"end":{"line":9,"column":1}}},"1":{"name":"(anonymous_1)","decl":{"start":{"line":10,"column":0},"end":{"line":10,"column":12}},"loc":{"start":{"line":10,"column":56},"end":{"line":16,"column":1}}},"2":{"name":"(anonymous_2)","decl":{"start":{"line":17,"column":0},"end":{"line":17,"column":12}},"loc":{"start":{"line":17,"column":26},"end":{"line":22,"column":1}}}},"branchMap":{"0":{"loc":{"start":{"line":2,"column":12},"end":{"line":2,"column":54}},"type":"binary-expr","locations":[{"start":{"line":2,"column":12},"end":{"line":2,"column":54}},{"start":{"line":2,"column":12},"end":{"line":2,"column":null}}]},"1":{"loc":{"start":{"line":10,"column":12},"end":{"line":10,"column":56}},"type":"binary-expr","locations":[{"start":{"line":10,"column":12},"end":{"line":10,"column":56}},{"start":{"line":10,"column":12},"end":{"line":10,"column":null}}]},"2":{"loc":{"start":{"line":17,"column":12},"end":{"line":17,"column":26}},"type":"binary-expr","locations":[{"start":{"line":17,"column":12},"end":{"line":17,"column":26}},{"start":{"line":17,"column":12},"end":{"line":17,"column":null}}]}},"s":{"0":1,"1":1,"2":1,"3":1,"4":1,"5":1,"6":1,"7":1,"8":1,"9":1,"10":1,"11":1,"12":1,"13":1,"14":1,"15":1,"16":1,"17":1},"f":{"0":1,"1":1,"2":1},"b":{"0":[1,1],"1":[1,1],"2":[1,1]}}
}
