{"C:\\Users\\joel\\Documents\\Git\\clockify.js\\src\\Api\\index.ts": {"path":"C:\\Users\\joel\\Documents\\Git\\clockify.js\\src\\Api\\index.ts","statementMap":{"0":{"start":{"line":1,"column":0},"end":{"line":1,"column":31}},"1":{"start":{"line":2,"column":0},"end":{"line":2,"column":45}},"2":{"start":{"line":3,"column":0},"end":{"line":3,"column":45}},"3":{"start":{"line":5,"column":25},"end":{"line":5,"column":55}},"4":{"start":{"line":5,"column":46},"end":{"line":8,"column":3}},"5":{"start":{"line":7,"column":30},"end":{"line":7,"column":null}},"6":{"start":{"line":30,"column":0},"end":{"line":30,"column":null}},"7":{"start":{"line":36,"column":4},"end":{"line":36,"column":26}},"8":{"start":{"line":37,"column":4},"end":{"line":37,"column":49}},"9":{"start":{"line":40,"column":2},"end":{"line":42,"column":null}},"10":{"start":{"line":41,"column":4},"end":{"line":41,"column":14}},"11":{"start":{"line":44,"column":2},"end":{"line":52,"column":null}},"12":{"start":{"line":45,"column":4},"end":{"line":51,"column":7}},"13":{"start":{"line":54,"column":2},"end":{"line":58,"column":null}},"14":{"start":{"line":54,"column":14},"end":{"line":54,"column":null}},"15":{"start":{"line":55,"column":4},"end":{"line":57,"column":55}},"16":{"start":{"line":56,"column":19},"end":{"line":56,"column":28}},"17":{"start":{"line":57,"column":22},"end":{"line":57,"column":51}},"18":{"start":{"line":60,"column":2},"end":{"line":64,"column":null}},"19":{"start":{"line":60,"column":15},"end":{"line":60,"column":26}},"20":{"start":{"line":60,"column":26},"end":{"line":60,"column":null}},"21":{"start":{"line":61,"column":4},"end":{"line":63,"column":55}},"22":{"start":{"line":62,"column":19},"end":{"line":62,"column":28}},"23":{"start":{"line":63,"column":22},"end":{"line":63,"column":51}},"24":{"start":{"line":66,"column":2},"end":{"line":70,"column":null}},"25":{"start":{"line":66,"column":14},"end":{"line":66,"column":25}},"26":{"start":{"line":66,"column":25},"end":{"line":66,"column":null}},"27":{"start":{"line":67,"column":4},"end":{"line":69,"column":55}},"28":{"start":{"line":68,"column":19},"end":{"line":68,"column":28}},"29":{"start":{"line":69,"column":22},"end":{"line":69,"column":51}},"30":{"start":{"line":72,"column":2},"end":{"line":76,"column":null}},"31":{"start":{"line":72,"column":16},"end":{"line":72,"column":27}},"32":{"start":{"line":72,"column":27},"end":{"line":72,"column":null}},"33":{"start":{"line":73,"column":4},"end":{"line":75,"column":55}},"34":{"start":{"line":74,"column":19},"end":{"line":74,"column":28}},"35":{"start":{"line":75,"column":22},"end":{"line":75,"column":51}},"36":{"start":{"line":78,"column":2},"end":{"line":82,"column":null}},"37":{"start":{"line":78,"column":17},"end":{"line":78,"column":null}},"38":{"start":{"line":79,"column":4},"end":{"line":81,"column":55}},"39":{"start":{"line":80,"column":19},"end":{"line":80,"column":28}},"40":{"start":{"line":81,"column":22},"end":{"line":81,"column":51}},"41":{"start":{"line":84,"column":0},"end":{"line":84,"column":null}}},"fnMap":{"0":{"name":"(anonymous_0)","decl":{"start":{"line":5,"column":25},"end":{"line":5,"column":26}},"loc":{"start":{"line":5,"column":41},"end":{"line":5,"column":55}}},"1":{"name":"(anonymous_1)","decl":{"start":{"line":7,"column":17},"end":{"line":7,"column":18}},"loc":{"start":{"line":7,"column":25},"end":{"line":7,"column":31}}},"2":{"name":"(anonymous_2)","decl":{"start":{"line":30,"column":0},"end":{"line":30,"column":null}},"loc":{"start":{"line":30,"column":0},"end":{"line":84,"column":null}}},"3":{"name":"ClockifyAPI","decl":{"start":{"line":35,"column":2},"end":{"line":35,"column":14}},"loc":{"start":{"line":35,"column":28},"end":{"line":38,"column":3}}},"4":{"name":"(anonymous_4)","decl":{"start":{"line":40,"column":2},"end":{"line":40,"column":17}},"loc":{"start":{"line":40,"column":2},"end":{"line":42,"column":3}}},"5":{"name":"(anonymous_5)","decl":{"start":{"line":44,"column":2},"end":{"line":44,"column":21}},"loc":{"start":{"line":44,"column":36},"end":{"line":52,"column":3}}},"6":{"name":"(anonymous_6)","decl":{"start":{"line":54,"column":2},"end":{"line":54,"column":10}},"loc":{"start":{"line":54,"column":31},"end":{"line":58,"column":3}}},"7":{"name":"(anonymous_7)","decl":{"start":{"line":56,"column":12},"end":{"line":56,"column":15}},"loc":{"start":{"line":56,"column":15},"end":{"line":56,"column":22}}},"8":{"name":"(anonymous_8)","decl":{"start":{"line":57,"column":13},"end":{"line":57,"column":16}},"loc":{"start":{"line":57,"column":16},"end":{"line":57,"column":53}}},"9":{"name":"(anonymous_9)","decl":{"start":{"line":60,"column":2},"end":{"line":60,"column":11}},"loc":{"start":{"line":60,"column":43},"end":{"line":64,"column":3}}},"10":{"name":"(anonymous_10)","decl":{"start":{"line":62,"column":12},"end":{"line":62,"column":15}},"loc":{"start":{"line":62,"column":15},"end":{"line":62,"column":22}}},"11":{"name":"(anonymous_11)","decl":{"start":{"line":63,"column":13},"end":{"line":63,"column":16}},"loc":{"start":{"line":63,"column":16},"end":{"line":63,"column":53}}},"12":{"name":"(anonymous_12)","decl":{"start":{"line":66,"column":2},"end":{"line":66,"column":10}},"loc":{"start":{"line":66,"column":42},"end":{"line":70,"column":3}}},"13":{"name":"(anonymous_13)","decl":{"start":{"line":68,"column":12},"end":{"line":68,"column":15}},"loc":{"start":{"line":68,"column":15},"end":{"line":68,"column":22}}},"14":{"name":"(anonymous_14)","decl":{"start":{"line":69,"column":13},"end":{"line":69,"column":16}},"loc":{"start":{"line":69,"column":16},"end":{"line":69,"column":53}}},"15":{"name":"(anonymous_15)","decl":{"start":{"line":72,"column":2},"end":{"line":72,"column":12}},"loc":{"start":{"line":72,"column":44},"end":{"line":76,"column":3}}},"16":{"name":"(anonymous_16)","decl":{"start":{"line":74,"column":12},"end":{"line":74,"column":15}},"loc":{"start":{"line":74,"column":15},"end":{"line":74,"column":22}}},"17":{"name":"(anonymous_17)","decl":{"start":{"line":75,"column":13},"end":{"line":75,"column":16}},"loc":{"start":{"line":75,"column":16},"end":{"line":75,"column":53}}},"18":{"name":"(anonymous_18)","decl":{"start":{"line":78,"column":2},"end":{"line":78,"column":13}},"loc":{"start":{"line":78,"column":34},"end":{"line":82,"column":3}}},"19":{"name":"(anonymous_19)","decl":{"start":{"line":80,"column":12},"end":{"line":80,"column":15}},"loc":{"start":{"line":80,"column":15},"end":{"line":80,"column":22}}},"20":{"name":"(anonymous_20)","decl":{"start":{"line":81,"column":13},"end":{"line":81,"column":16}},"loc":{"start":{"line":81,"column":16},"end":{"line":81,"column":53}}}},"branchMap":{"0":{"loc":{"start":{"line":54,"column":14},"end":{"line":54,"column":null}},"type":"if","locations":[{"start":{"line":54,"column":14},"end":{"line":54,"column":null}},{"start":{"line":54,"column":14},"end":{"line":54,"column":null}}]},"1":{"loc":{"start":{"line":60,"column":15},"end":{"line":60,"column":26}},"type":"if","locations":[{"start":{"line":60,"column":15},"end":{"line":60,"column":26}},{"start":{"line":60,"column":15},"end":{"line":60,"column":26}}]},"2":{"loc":{"start":{"line":60,"column":26},"end":{"line":60,"column":null}},"type":"if","locations":[{"start":{"line":60,"column":26},"end":{"line":60,"column":null}},{"start":{"line":60,"column":26},"end":{"line":60,"column":null}}]},"3":{"loc":{"start":{"line":66,"column":14},"end":{"line":66,"column":25}},"type":"if","locations":[{"start":{"line":66,"column":14},"end":{"line":66,"column":25}},{"start":{"line":66,"column":14},"end":{"line":66,"column":25}}]},"4":{"loc":{"start":{"line":66,"column":25},"end":{"line":66,"column":null}},"type":"if","locations":[{"start":{"line":66,"column":25},"end":{"line":66,"column":null}},{"start":{"line":66,"column":25},"end":{"line":66,"column":null}}]},"5":{"loc":{"start":{"line":72,"column":16},"end":{"line":72,"column":27}},"type":"if","locations":[{"start":{"line":72,"column":16},"end":{"line":72,"column":27}},{"start":{"line":72,"column":16},"end":{"line":72,"column":27}}]},"6":{"loc":{"start":{"line":72,"column":27},"end":{"line":72,"column":null}},"type":"if","locations":[{"start":{"line":72,"column":27},"end":{"line":72,"column":null}},{"start":{"line":72,"column":27},"end":{"line":72,"column":null}}]},"7":{"loc":{"start":{"line":78,"column":17},"end":{"line":78,"column":null}},"type":"if","locations":[{"start":{"line":78,"column":17},"end":{"line":78,"column":null}},{"start":{"line":78,"column":17},"end":{"line":78,"column":null}}]}},"s":{"0":7,"1":7,"2":7,"3":7,"4":52,"5":0,"6":7,"7":175,"8":175,"9":7,"10":0,"11":7,"12":175,"13":7,"14":32,"15":27,"16":27,"17":0,"18":7,"19":7,"20":7,"21":7,"22":7,"23":0,"24":7,"25":7,"26":7,"27":7,"28":7,"29":0,"30":7,"31":4,"32":5,"33":4,"34":4,"35":0,"36":7,"37":7,"38":7,"39":7,"40":0,"41":7},"f":{"0":52,"1":0,"2":7,"3":175,"4":0,"5":175,"6":27,"7":27,"8":0,"9":7,"10":7,"11":0,"12":7,"13":7,"14":0,"15":4,"16":4,"17":0,"18":7,"19":7,"20":0},"b":{"0":[5,22],"1":[0,7],"2":[0,7],"3":[0,7],"4":[0,7],"5":[0,4],"6":[1,3],"7":[0,7]}}
,"C:\\Users\\joel\\Documents\\Git\\clockify.js\\src\\Clockify\\index.ts": {"path":"C:\\Users\\joel\\Documents\\Git\\clockify.js\\src\\Clockify\\index.ts","statementMap":{"0":{"start":{"line":1,"column":0},"end":{"line":1,"column":33}},"1":{"start":{"line":2,"column":0},"end":{"line":2,"column":27}},"2":{"start":{"line":3,"column":0},"end":{"line":3,"column":37}},"3":{"start":{"line":4,"column":0},"end":{"line":4,"column":38}},"4":{"start":{"line":6,"column":0},"end":{"line":6,"column":null}},"5":{"start":{"line":6,"column":38},"end":{"line":6,"column":49}},"6":{"start":{"line":11,"column":4},"end":{"line":11,"column":null}},"7":{"start":{"line":12,"column":4},"end":{"line":12,"column":43}},"8":{"start":{"line":15,"column":2},"end":{"line":17,"column":null}},"9":{"start":{"line":16,"column":4},"end":{"line":16,"column":35}},"10":{"start":{"line":19,"column":2},"end":{"line":21,"column":null}},"11":{"start":{"line":20,"column":4},"end":{"line":20,"column":40}},"12":{"start":{"line":23,"column":0},"end":{"line":23,"column":null}}},"fnMap":{"0":{"name":"(anonymous_6)","decl":{"start":{"line":6,"column":0},"end":{"line":6,"column":38}},"loc":{"start":{"line":6,"column":0},"end":{"line":23,"column":null}}},"1":{"name":"Clockify","decl":{"start":{"line":10,"column":2},"end":{"line":10,"column":14}},"loc":{"start":{"line":10,"column":28},"end":{"line":13,"column":3}}},"2":{"name":"(anonymous_8)","decl":{"start":{"line":15,"column":2},"end":{"line":15,"column":6}},"loc":{"start":{"line":15,"column":2},"end":{"line":17,"column":3}}},"3":{"name":"(anonymous_9)","decl":{"start":{"line":19,"column":2},"end":{"line":19,"column":6}},"loc":{"start":{"line":19,"column":2},"end":{"line":21,"column":3}}}},"branchMap":{"0":{"loc":{"start":{"line":11,"column":4},"end":{"line":11,"column":17}},"type":"binary-expr","locations":[{"start":{"line":11,"column":4},"end":{"line":11,"column":17}},{"start":{"line":11,"column":17},"end":{"line":11,"column":null}}]}},"s":{"0":7,"1":7,"2":7,"3":7,"4":7,"5":7,"6":7,"7":7,"8":7,"9":1,"10":7,"11":0,"12":7},"f":{"0":7,"1":7,"2":1,"3":0},"b":{"0":[7,7]}}
,"C:\\Users\\joel\\Documents\\Git\\clockify.js\\src\\Clockify\\Users\\index.ts": {"path":"C:\\Users\\joel\\Documents\\Git\\clockify.js\\src\\Clockify\\Users\\index.ts","statementMap":{"0":{"start":{"line":2,"column":0},"end":{"line":2,"column":49}},"1":{"start":{"line":4,"column":0},"end":{"line":4,"column":null}},"2":{"start":{"line":4,"column":35},"end":{"line":4,"column":46}},"3":{"start":{"line":6,"column":2},"end":{"line":8,"column":null}},"4":{"start":{"line":7,"column":4},"end":{"line":7,"column":19}},"5":{"start":{"line":13,"column":2},"end":{"line":15,"column":null}},"6":{"start":{"line":14,"column":4},"end":{"line":14,"column":37}},"7":{"start":{"line":16,"column":0},"end":{"line":16,"column":null}}},"fnMap":{"0":{"name":"(anonymous_6)","decl":{"start":{"line":4,"column":0},"end":{"line":4,"column":35}},"loc":{"start":{"line":4,"column":0},"end":{"line":16,"column":null}}},"1":{"name":"(anonymous_8)","decl":{"start":{"line":6,"column":2},"end":{"line":6,"column":17}},"loc":{"start":{"line":6,"column":2},"end":{"line":8,"column":3}}},"2":{"name":"(anonymous_9)","decl":{"start":{"line":13,"column":2},"end":{"line":13,"column":5}},"loc":{"start":{"line":13,"column":2},"end":{"line":15,"column":3}}}},"branchMap":{},"s":{"0":7,"1":7,"2":7,"3":7,"4":1,"5":7,"6":1,"7":7},"f":{"0":8,"1":1,"2":1},"b":{}}
,"C:\\Users\\joel\\Documents\\Git\\clockify.js\\src\\Clockify\\Workspaces\\index.ts": {"path":"C:\\Users\\joel\\Documents\\Git\\clockify.js\\src\\Clockify\\Workspaces\\index.ts","statementMap":{"0":{"start":{"line":1,"column":0},"end":{"line":1,"column":49}},"1":{"start":{"line":2,"column":0},"end":{"line":2,"column":36}},"2":{"start":{"line":5,"column":0},"end":{"line":5,"column":null}},"3":{"start":{"line":5,"column":40},"end":{"line":5,"column":51}},"4":{"start":{"line":7,"column":2},"end":{"line":9,"column":null}},"5":{"start":{"line":8,"column":4},"end":{"line":8,"column":25}},"6":{"start":{"line":11,"column":2},"end":{"line":13,"column":null}},"7":{"start":{"line":12,"column":4},"end":{"line":12,"column":52}},"8":{"start":{"line":15,"column":2},"end":{"line":17,"column":null}},"9":{"start":{"line":16,"column":4},"end":{"line":16,"column":44}},"10":{"start":{"line":19,"column":0},"end":{"line":19,"column":null}}},"fnMap":{"0":{"name":"(anonymous_6)","decl":{"start":{"line":5,"column":0},"end":{"line":5,"column":40}},"loc":{"start":{"line":5,"column":0},"end":{"line":19,"column":null}}},"1":{"name":"(anonymous_8)","decl":{"start":{"line":7,"column":2},"end":{"line":7,"column":17}},"loc":{"start":{"line":7,"column":2},"end":{"line":9,"column":3}}},"2":{"name":"(anonymous_9)","decl":{"start":{"line":11,"column":2},"end":{"line":11,"column":8}},"loc":{"start":{"line":11,"column":28},"end":{"line":13,"column":3}}},"3":{"name":"(anonymous_10)","decl":{"start":{"line":15,"column":2},"end":{"line":15,"column":5}},"loc":{"start":{"line":15,"column":2},"end":{"line":17,"column":3}}}},"branchMap":{},"s":{"0":7,"1":7,"2":7,"3":7,"4":7,"5":1,"6":7,"7":50,"8":7,"9":1,"10":7},"f":{"0":14,"1":1,"2":50,"3":1},"b":{}}
,"C:\\Users\\joel\\Documents\\Git\\clockify.js\\src\\Clockify\\Workspaces\\Workspace\\index.ts": {"path":"C:\\Users\\joel\\Documents\\Git\\clockify.js\\src\\Clockify\\Workspaces\\Workspace\\index.ts","statementMap":{"0":{"start":{"line":1,"column":0},"end":{"line":1,"column":39}},"1":{"start":{"line":2,"column":0},"end":{"line":2,"column":28}},"2":{"start":{"line":3,"column":0},"end":{"line":3,"column":32}},"3":{"start":{"line":4,"column":0},"end":{"line":4,"column":34}},"4":{"start":{"line":5,"column":0},"end":{"line":5,"column":26}},"5":{"start":{"line":6,"column":0},"end":{"line":6,"column":42}},"6":{"start":{"line":7,"column":0},"end":{"line":7,"column":40}},"7":{"start":{"line":8,"column":0},"end":{"line":8,"column":38}},"8":{"start":{"line":11,"column":0},"end":{"line":11,"column":null}},"9":{"start":{"line":11,"column":39},"end":{"line":11,"column":50}},"10":{"start":{"line":16,"column":4},"end":{"line":16,"column":null}},"11":{"start":{"line":17,"column":4},"end":{"line":17,"column":35}},"12":{"start":{"line":20,"column":2},"end":{"line":22,"column":null}},"13":{"start":{"line":21,"column":4},"end":{"line":21,"column":45}},"14":{"start":{"line":24,"column":2},"end":{"line":26,"column":null}},"15":{"start":{"line":25,"column":4},"end":{"line":25,"column":55}},"16":{"start":{"line":28,"column":2},"end":{"line":30,"column":null}},"17":{"start":{"line":29,"column":4},"end":{"line":29,"column":60}},"18":{"start":{"line":32,"column":2},"end":{"line":34,"column":null}},"19":{"start":{"line":33,"column":4},"end":{"line":33,"column":56}},"20":{"start":{"line":36,"column":2},"end":{"line":38,"column":null}},"21":{"start":{"line":37,"column":4},"end":{"line":37,"column":52}},"22":{"start":{"line":40,"column":2},"end":{"line":42,"column":null}},"23":{"start":{"line":41,"column":4},"end":{"line":41,"column":59}},"24":{"start":{"line":44,"column":2},"end":{"line":46,"column":null}},"25":{"start":{"line":45,"column":4},"end":{"line":45,"column":58}},"26":{"start":{"line":48,"column":2},"end":{"line":50,"column":null}},"27":{"start":{"line":49,"column":4},"end":{"line":49,"column":53}},"28":{"start":{"line":51,"column":0},"end":{"line":51,"column":null}}},"fnMap":{"0":{"name":"(anonymous_6)","decl":{"start":{"line":11,"column":0},"end":{"line":11,"column":39}},"loc":{"start":{"line":11,"column":0},"end":{"line":51,"column":null}}},"1":{"name":"Workspace","decl":{"start":{"line":15,"column":2},"end":{"line":15,"column":14}},"loc":{"start":{"line":15,"column":49},"end":{"line":18,"column":3}}},"2":{"name":"(anonymous_8)","decl":{"start":{"line":20,"column":2},"end":{"line":20,"column":17}},"loc":{"start":{"line":20,"column":2},"end":{"line":22,"column":3}}},"3":{"name":"(anonymous_9)","decl":{"start":{"line":24,"column":2},"end":{"line":24,"column":6}},"loc":{"start":{"line":24,"column":2},"end":{"line":26,"column":3}}},"4":{"name":"(anonymous_10)","decl":{"start":{"line":28,"column":2},"end":{"line":28,"column":6}},"loc":{"start":{"line":28,"column":2},"end":{"line":30,"column":3}}},"5":{"name":"(anonymous_11)","decl":{"start":{"line":32,"column":2},"end":{"line":32,"column":6}},"loc":{"start":{"line":32,"column":2},"end":{"line":34,"column":3}}},"6":{"name":"(anonymous_12)","decl":{"start":{"line":36,"column":2},"end":{"line":36,"column":6}},"loc":{"start":{"line":36,"column":2},"end":{"line":38,"column":3}}},"7":{"name":"(anonymous_13)","decl":{"start":{"line":40,"column":2},"end":{"line":40,"column":6}},"loc":{"start":{"line":40,"column":2},"end":{"line":42,"column":3}}},"8":{"name":"(anonymous_14)","decl":{"start":{"line":44,"column":2},"end":{"line":44,"column":6}},"loc":{"start":{"line":44,"column":2},"end":{"line":46,"column":3}}},"9":{"name":"(anonymous_15)","decl":{"start":{"line":48,"column":2},"end":{"line":48,"column":6}},"loc":{"start":{"line":48,"column":2},"end":{"line":50,"column":3}}}},"branchMap":{"0":{"loc":{"start":{"line":16,"column":4},"end":{"line":16,"column":17}},"type":"binary-expr","locations":[{"start":{"line":16,"column":4},"end":{"line":16,"column":17}},{"start":{"line":16,"column":17},"end":{"line":16,"column":null}}]}},"s":{"0":7,"1":7,"2":7,"3":7,"4":7,"5":7,"6":7,"7":7,"8":7,"9":7,"10":50,"11":50,"12":7,"13":0,"14":7,"15":7,"16":7,"17":0,"18":7,"19":20,"20":7,"21":6,"22":7,"23":8,"24":7,"25":0,"26":7,"27":9,"28":7},"f":{"0":7,"1":50,"2":0,"3":7,"4":0,"5":20,"6":6,"7":8,"8":0,"9":9},"b":{"0":[50,50]}}
,"C:\\Users\\joel\\Documents\\Git\\clockify.js\\src\\Clockify\\Workspaces\\Workspace\\Clients\\index.ts": {"path":"C:\\Users\\joel\\Documents\\Git\\clockify.js\\src\\Clockify\\Workspaces\\Workspace\\Clients\\index.ts","statementMap":{"0":{"start":{"line":1,"column":0},"end":{"line":1,"column":75}},"1":{"start":{"line":3,"column":0},"end":{"line":3,"column":30}},"2":{"start":{"line":5,"column":0},"end":{"line":5,"column":null}},"3":{"start":{"line":5,"column":37},"end":{"line":5,"column":48}},"4":{"start":{"line":10,"column":4},"end":{"line":10,"column":null}},"5":{"start":{"line":11,"column":4},"end":{"line":11,"column":35}},"6":{"start":{"line":14,"column":2},"end":{"line":16,"column":null}},"7":{"start":{"line":15,"column":4},"end":{"line":15,"column":53}},"8":{"start":{"line":18,"column":2},"end":{"line":20,"column":null}},"9":{"start":{"line":19,"column":4},"end":{"line":19,"column":64}},"10":{"start":{"line":25,"column":2},"end":{"line":27,"column":null}},"11":{"start":{"line":25,"column":6},"end":{"line":25,"column":null}},"12":{"start":{"line":26,"column":4},"end":{"line":26,"column":46}},"13":{"start":{"line":32,"column":2},"end":{"line":34,"column":null}},"14":{"start":{"line":33,"column":4},"end":{"line":33,"column":48}},"15":{"start":{"line":35,"column":0},"end":{"line":35,"column":null}}},"fnMap":{"0":{"name":"(anonymous_6)","decl":{"start":{"line":5,"column":0},"end":{"line":5,"column":37}},"loc":{"start":{"line":5,"column":0},"end":{"line":35,"column":null}}},"1":{"name":"Clients","decl":{"start":{"line":9,"column":2},"end":{"line":9,"column":14}},"loc":{"start":{"line":9,"column":49},"end":{"line":12,"column":3}}},"2":{"name":"(anonymous_8)","decl":{"start":{"line":14,"column":2},"end":{"line":14,"column":17}},"loc":{"start":{"line":14,"column":2},"end":{"line":16,"column":3}}},"3":{"name":"(anonymous_9)","decl":{"start":{"line":18,"column":2},"end":{"line":18,"column":8}},"loc":{"start":{"line":18,"column":25},"end":{"line":20,"column":3}}},"4":{"name":"(anonymous_10)","decl":{"start":{"line":25,"column":2},"end":{"line":25,"column":5}},"loc":{"start":{"line":25,"column":29},"end":{"line":27,"column":3}}},"5":{"name":"(anonymous_11)","decl":{"start":{"line":32,"column":2},"end":{"line":32,"column":6}},"loc":{"start":{"line":32,"column":29},"end":{"line":34,"column":3}}}},"branchMap":{"0":{"loc":{"start":{"line":10,"column":4},"end":{"line":10,"column":17}},"type":"binary-expr","locations":[{"start":{"line":10,"column":4},"end":{"line":10,"column":17}},{"start":{"line":10,"column":17},"end":{"line":10,"column":null}}]},"1":{"loc":{"start":{"line":25,"column":6},"end":{"line":25,"column":null}},"type":"if","locations":[{"start":{"line":25,"column":6},"end":{"line":25,"column":null}},{"start":{"line":25,"column":6},"end":{"line":25,"column":null}}]}},"s":{"0":7,"1":7,"2":7,"3":7,"4":7,"5":7,"6":7,"7":5,"8":7,"9":2,"10":7,"11":8,"12":4,"13":7,"14":1,"15":7},"f":{"0":7,"1":7,"2":5,"3":2,"4":4,"5":1},"b":{"0":[7,7],"1":[4,0]}}
,"C:\\Users\\joel\\Documents\\Git\\clockify.js\\src\\Clockify\\Workspaces\\Workspace\\Clients\\Client\\index.ts": {"path":"C:\\Users\\joel\\Documents\\Git\\clockify.js\\src\\Clockify\\Workspaces\\Workspace\\Clients\\Client\\index.ts","statementMap":{"0":{"start":{"line":1,"column":0},"end":{"line":1,"column":77}},"1":{"start":{"line":5,"column":0},"end":{"line":5,"column":null}},"2":{"start":{"line":5,"column":36},"end":{"line":5,"column":47}},"3":{"start":{"line":11,"column":4},"end":{"line":11,"column":null}},"4":{"start":{"line":12,"column":4},"end":{"line":12,"column":35}},"5":{"start":{"line":13,"column":4},"end":{"line":13,"column":29}},"6":{"start":{"line":16,"column":2},"end":{"line":18,"column":null}},"7":{"start":{"line":17,"column":4},"end":{"line":17,"column":70}},"8":{"start":{"line":23,"column":2},"end":{"line":25,"column":null}},"9":{"start":{"line":23,"column":30},"end":{"line":23,"column":null}},"10":{"start":{"line":24,"column":4},"end":{"line":24,"column":50}},"11":{"start":{"line":30,"column":2},"end":{"line":32,"column":null}},"12":{"start":{"line":31,"column":4},"end":{"line":31,"column":44}},"13":{"start":{"line":34,"column":0},"end":{"line":34,"column":null}}},"fnMap":{"0":{"name":"(anonymous_6)","decl":{"start":{"line":5,"column":0},"end":{"line":5,"column":36}},"loc":{"start":{"line":5,"column":0},"end":{"line":34,"column":null}}},"1":{"name":"Client","decl":{"start":{"line":10,"column":2},"end":{"line":10,"column":14}},"loc":{"start":{"line":10,"column":67},"end":{"line":14,"column":3}}},"2":{"name":"(anonymous_8)","decl":{"start":{"line":16,"column":2},"end":{"line":16,"column":17}},"loc":{"start":{"line":16,"column":2},"end":{"line":18,"column":3}}},"3":{"name":"(anonymous_9)","decl":{"start":{"line":23,"column":2},"end":{"line":23,"column":5}},"loc":{"start":{"line":23,"column":59},"end":{"line":25,"column":3}}},"4":{"name":"(anonymous_10)","decl":{"start":{"line":30,"column":2},"end":{"line":30,"column":8}},"loc":{"start":{"line":30,"column":2},"end":{"line":32,"column":3}}}},"branchMap":{"0":{"loc":{"start":{"line":11,"column":4},"end":{"line":11,"column":17}},"type":"binary-expr","locations":[{"start":{"line":11,"column":4},"end":{"line":11,"column":17}},{"start":{"line":11,"column":17},"end":{"line":11,"column":null}}]},"1":{"loc":{"start":{"line":23,"column":30},"end":{"line":23,"column":null}},"type":"if","locations":[{"start":{"line":23,"column":30},"end":{"line":23,"column":null}},{"start":{"line":23,"column":30},"end":{"line":23,"column":null}}]}},"s":{"0":7,"1":7,"2":7,"3":2,"4":2,"5":2,"6":7,"7":2,"8":7,"9":2,"10":1,"11":7,"12":1,"13":7},"f":{"0":7,"1":2,"2":2,"3":1,"4":1},"b":{"0":[2,2],"1":[1,0]}}
,"C:\\Users\\joel\\Documents\\Git\\clockify.js\\src\\Clockify\\Workspaces\\Workspace\\CustomFields\\index.ts": {"path":"C:\\Users\\joel\\Documents\\Git\\clockify.js\\src\\Clockify\\Workspaces\\Workspace\\CustomFields\\index.ts","statementMap":{"0":{"start":{"line":1,"column":0},"end":{"line":1,"column":62}},"1":{"start":{"line":5,"column":0},"end":{"line":5,"column":null}},"2":{"start":{"line":5,"column":42},"end":{"line":5,"column":53}},"3":{"start":{"line":10,"column":4},"end":{"line":10,"column":null}},"4":{"start":{"line":11,"column":4},"end":{"line":11,"column":35}},"5":{"start":{"line":14,"column":2},"end":{"line":16,"column":null}},"6":{"start":{"line":15,"column":4},"end":{"line":15,"column":59}},"7":{"start":{"line":21,"column":2},"end":{"line":23,"column":null}},"8":{"start":{"line":22,"column":4},"end":{"line":22,"column":51}},"9":{"start":{"line":24,"column":0},"end":{"line":24,"column":null}}},"fnMap":{"0":{"name":"(anonymous_6)","decl":{"start":{"line":5,"column":0},"end":{"line":5,"column":42}},"loc":{"start":{"line":5,"column":0},"end":{"line":24,"column":null}}},"1":{"name":"CustomFields","decl":{"start":{"line":9,"column":2},"end":{"line":9,"column":14}},"loc":{"start":{"line":9,"column":49},"end":{"line":12,"column":3}}},"2":{"name":"(anonymous_8)","decl":{"start":{"line":14,"column":2},"end":{"line":14,"column":17}},"loc":{"start":{"line":14,"column":2},"end":{"line":16,"column":3}}},"3":{"name":"(anonymous_9)","decl":{"start":{"line":21,"column":2},"end":{"line":21,"column":5}},"loc":{"start":{"line":21,"column":30},"end":{"line":23,"column":3}}}},"branchMap":{"0":{"loc":{"start":{"line":10,"column":4},"end":{"line":10,"column":17}},"type":"binary-expr","locations":[{"start":{"line":10,"column":4},"end":{"line":10,"column":17}},{"start":{"line":10,"column":17},"end":{"line":10,"column":null}}]}},"s":{"0":7,"1":7,"2":7,"3":0,"4":0,"5":7,"6":0,"7":7,"8":0,"9":7},"f":{"0":7,"1":0,"2":0,"3":0},"b":{"0":[0,0]}}
,"C:\\Users\\joel\\Documents\\Git\\clockify.js\\src\\Clockify\\Workspaces\\Workspace\\Projects\\index.ts": {"path":"C:\\Users\\joel\\Documents\\Git\\clockify.js\\src\\Clockify\\Workspaces\\Workspace\\Projects\\index.ts","statementMap":{"0":{"start":{"line":1,"column":0},"end":{"line":1,"column":null}},"1":{"start":{"line":8,"column":0},"end":{"line":8,"column":32}},"2":{"start":{"line":10,"column":0},"end":{"line":10,"column":null}},"3":{"start":{"line":10,"column":38},"end":{"line":10,"column":49}},"4":{"start":{"line":15,"column":4},"end":{"line":15,"column":null}},"5":{"start":{"line":16,"column":4},"end":{"line":16,"column":35}},"6":{"start":{"line":19,"column":2},"end":{"line":21,"column":null}},"7":{"start":{"line":20,"column":4},"end":{"line":20,"column":54}},"8":{"start":{"line":23,"column":2},"end":{"line":25,"column":null}},"9":{"start":{"line":24,"column":4},"end":{"line":24,"column":66}},"10":{"start":{"line":31,"column":2},"end":{"line":33,"column":null}},"11":{"start":{"line":31,"column":6},"end":{"line":31,"column":null}},"12":{"start":{"line":32,"column":4},"end":{"line":32,"column":47}},"13":{"start":{"line":38,"column":2},"end":{"line":40,"column":null}},"14":{"start":{"line":39,"column":4},"end":{"line":39,"column":49}},"15":{"start":{"line":41,"column":0},"end":{"line":41,"column":null}}},"fnMap":{"0":{"name":"(anonymous_6)","decl":{"start":{"line":10,"column":0},"end":{"line":10,"column":38}},"loc":{"start":{"line":10,"column":0},"end":{"line":41,"column":null}}},"1":{"name":"Projects","decl":{"start":{"line":14,"column":2},"end":{"line":14,"column":14}},"loc":{"start":{"line":14,"column":49},"end":{"line":17,"column":3}}},"2":{"name":"(anonymous_8)","decl":{"start":{"line":19,"column":2},"end":{"line":19,"column":17}},"loc":{"start":{"line":19,"column":2},"end":{"line":21,"column":3}}},"3":{"name":"(anonymous_9)","decl":{"start":{"line":23,"column":2},"end":{"line":23,"column":8}},"loc":{"start":{"line":23,"column":26},"end":{"line":25,"column":3}}},"4":{"name":"(anonymous_10)","decl":{"start":{"line":31,"column":2},"end":{"line":31,"column":5}},"loc":{"start":{"line":31,"column":31},"end":{"line":33,"column":3}}},"5":{"name":"(anonymous_11)","decl":{"start":{"line":38,"column":2},"end":{"line":38,"column":6}},"loc":{"start":{"line":38,"column":27},"end":{"line":40,"column":3}}}},"branchMap":{"0":{"loc":{"start":{"line":15,"column":4},"end":{"line":15,"column":17}},"type":"binary-expr","locations":[{"start":{"line":15,"column":4},"end":{"line":15,"column":17}},{"start":{"line":15,"column":17},"end":{"line":15,"column":null}}]},"1":{"loc":{"start":{"line":31,"column":6},"end":{"line":31,"column":null}},"type":"if","locations":[{"start":{"line":31,"column":6},"end":{"line":31,"column":null}},{"start":{"line":31,"column":6},"end":{"line":31,"column":null}}]}},"s":{"0":7,"1":7,"2":7,"3":7,"4":20,"5":20,"6":7,"7":4,"8":7,"9":16,"10":7,"11":6,"12":3,"13":7,"14":1,"15":7},"f":{"0":7,"1":20,"2":4,"3":16,"4":3,"5":1},"b":{"0":[20,20],"1":[3,0]}}
,"C:\\Users\\joel\\Documents\\Git\\clockify.js\\src\\Clockify\\Workspaces\\Workspace\\Projects\\Project\\index.ts": {"path":"C:\\Users\\joel\\Documents\\Git\\clockify.js\\src\\Clockify\\Workspaces\\Workspace\\Projects\\Project\\index.ts","statementMap":{"0":{"start":{"line":1,"column":0},"end":{"line":1,"column":88}},"1":{"start":{"line":3,"column":0},"end":{"line":3,"column":42}},"2":{"start":{"line":4,"column":0},"end":{"line":4,"column":34}},"3":{"start":{"line":5,"column":0},"end":{"line":5,"column":40}},"4":{"start":{"line":6,"column":0},"end":{"line":6,"column":28}},"5":{"start":{"line":7,"column":0},"end":{"line":7,"column":34}},"6":{"start":{"line":10,"column":0},"end":{"line":10,"column":null}},"7":{"start":{"line":10,"column":37},"end":{"line":10,"column":48}},"8":{"start":{"line":16,"column":4},"end":{"line":16,"column":null}},"9":{"start":{"line":17,"column":4},"end":{"line":17,"column":35}},"10":{"start":{"line":18,"column":4},"end":{"line":18,"column":31}},"11":{"start":{"line":21,"column":2},"end":{"line":23,"column":null}},"12":{"start":{"line":22,"column":4},"end":{"line":22,"column":72}},"13":{"start":{"line":25,"column":2},"end":{"line":27,"column":null}},"14":{"start":{"line":26,"column":4},"end":{"line":26,"column":76}},"15":{"start":{"line":29,"column":2},"end":{"line":31,"column":null}},"16":{"start":{"line":30,"column":4},"end":{"line":30,"column":72}},"17":{"start":{"line":33,"column":2},"end":{"line":35,"column":null}},"18":{"start":{"line":34,"column":4},"end":{"line":34,"column":75}},"19":{"start":{"line":37,"column":2},"end":{"line":39,"column":null}},"20":{"start":{"line":38,"column":4},"end":{"line":38,"column":69}},"21":{"start":{"line":41,"column":2},"end":{"line":43,"column":null}},"22":{"start":{"line":42,"column":4},"end":{"line":42,"column":72}},"23":{"start":{"line":49,"column":2},"end":{"line":51,"column":null}},"24":{"start":{"line":50,"column":4},"end":{"line":50,"column":42}},"25":{"start":{"line":56,"column":2},"end":{"line":58,"column":null}},"26":{"start":{"line":56,"column":31},"end":{"line":56,"column":null}},"27":{"start":{"line":57,"column":4},"end":{"line":57,"column":51}},"28":{"start":{"line":63,"column":2},"end":{"line":65,"column":null}},"29":{"start":{"line":64,"column":4},"end":{"line":64,"column":45}},"30":{"start":{"line":67,"column":0},"end":{"line":67,"column":null}}},"fnMap":{"0":{"name":"(anonymous_6)","decl":{"start":{"line":10,"column":0},"end":{"line":10,"column":37}},"loc":{"start":{"line":10,"column":0},"end":{"line":67,"column":null}}},"1":{"name":"Project","decl":{"start":{"line":15,"column":2},"end":{"line":15,"column":14}},"loc":{"start":{"line":15,"column":68},"end":{"line":19,"column":3}}},"2":{"name":"(anonymous_8)","decl":{"start":{"line":21,"column":2},"end":{"line":21,"column":17}},"loc":{"start":{"line":21,"column":2},"end":{"line":23,"column":3}}},"3":{"name":"(anonymous_9)","decl":{"start":{"line":25,"column":2},"end":{"line":25,"column":6}},"loc":{"start":{"line":25,"column":2},"end":{"line":27,"column":3}}},"4":{"name":"(anonymous_10)","decl":{"start":{"line":29,"column":2},"end":{"line":29,"column":6}},"loc":{"start":{"line":29,"column":2},"end":{"line":31,"column":3}}},"5":{"name":"(anonymous_11)","decl":{"start":{"line":33,"column":2},"end":{"line":33,"column":6}},"loc":{"start":{"line":33,"column":2},"end":{"line":35,"column":3}}},"6":{"name":"(anonymous_12)","decl":{"start":{"line":37,"column":2},"end":{"line":37,"column":6}},"loc":{"start":{"line":37,"column":2},"end":{"line":39,"column":3}}},"7":{"name":"(anonymous_13)","decl":{"start":{"line":41,"column":2},"end":{"line":41,"column":6}},"loc":{"start":{"line":41,"column":2},"end":{"line":43,"column":3}}},"8":{"name":"(anonymous_14)","decl":{"start":{"line":49,"column":2},"end":{"line":49,"column":5}},"loc":{"start":{"line":49,"column":2},"end":{"line":51,"column":3}}},"9":{"name":"(anonymous_15)","decl":{"start":{"line":56,"column":2},"end":{"line":56,"column":5}},"loc":{"start":{"line":56,"column":61},"end":{"line":58,"column":3}}},"10":{"name":"(anonymous_16)","decl":{"start":{"line":63,"column":2},"end":{"line":63,"column":8}},"loc":{"start":{"line":63,"column":2},"end":{"line":65,"column":3}}}},"branchMap":{"0":{"loc":{"start":{"line":16,"column":4},"end":{"line":16,"column":17}},"type":"binary-expr","locations":[{"start":{"line":16,"column":4},"end":{"line":16,"column":17}},{"start":{"line":16,"column":17},"end":{"line":16,"column":null}}]},"1":{"loc":{"start":{"line":56,"column":31},"end":{"line":56,"column":null}},"type":"if","locations":[{"start":{"line":56,"column":31},"end":{"line":56,"column":null}},{"start":{"line":56,"column":31},"end":{"line":56,"column":null}}]}},"s":{"0":7,"1":7,"2":7,"3":7,"4":7,"5":7,"6":7,"7":7,"8":16,"9":16,"10":16,"11":7,"12":4,"13":7,"14":0,"15":7,"16":2,"17":7,"18":1,"19":7,"20":9,"21":7,"22":0,"23":7,"24":2,"25":7,"26":2,"27":1,"28":7,"29":1,"30":7},"f":{"0":7,"1":16,"2":4,"3":0,"4":2,"5":1,"6":9,"7":0,"8":2,"9":1,"10":1},"b":{"0":[16,16],"1":[1,0]}}
,"C:\\Users\\joel\\Documents\\Git\\clockify.js\\src\\Clockify\\Workspaces\\Workspace\\Projects\\Project\\CustomFields\\index.ts": {"path":"C:\\Users\\joel\\Documents\\Git\\clockify.js\\src\\Clockify\\Workspaces\\Workspace\\Projects\\Project\\CustomFields\\index.ts","statementMap":{"0":{"start":{"line":1,"column":0},"end":{"line":1,"column":68}},"1":{"start":{"line":3,"column":0},"end":{"line":3,"column":40}},"2":{"start":{"line":5,"column":0},"end":{"line":5,"column":null}},"3":{"start":{"line":5,"column":42},"end":{"line":5,"column":53}},"4":{"start":{"line":11,"column":4},"end":{"line":11,"column":null}},"5":{"start":{"line":12,"column":4},"end":{"line":12,"column":35}},"6":{"start":{"line":13,"column":4},"end":{"line":13,"column":31}},"7":{"start":{"line":16,"column":2},"end":{"line":18,"column":null}},"8":{"start":{"line":17,"column":4},"end":{"line":17,"column":86}},"9":{"start":{"line":20,"column":2},"end":{"line":22,"column":null}},"10":{"start":{"line":21,"column":4},"end":{"line":21,"column":90}},"11":{"start":{"line":27,"column":2},"end":{"line":29,"column":null}},"12":{"start":{"line":28,"column":4},"end":{"line":28,"column":32}},"13":{"start":{"line":30,"column":0},"end":{"line":30,"column":null}}},"fnMap":{"0":{"name":"(anonymous_6)","decl":{"start":{"line":5,"column":0},"end":{"line":5,"column":42}},"loc":{"start":{"line":5,"column":0},"end":{"line":30,"column":null}}},"1":{"name":"CustomFields","decl":{"start":{"line":10,"column":2},"end":{"line":10,"column":14}},"loc":{"start":{"line":10,"column":68},"end":{"line":14,"column":3}}},"2":{"name":"(anonymous_8)","decl":{"start":{"line":16,"column":2},"end":{"line":16,"column":17}},"loc":{"start":{"line":16,"column":2},"end":{"line":18,"column":3}}},"3":{"name":"(anonymous_9)","decl":{"start":{"line":20,"column":2},"end":{"line":20,"column":8}},"loc":{"start":{"line":20,"column":30},"end":{"line":22,"column":3}}},"4":{"name":"(anonymous_10)","decl":{"start":{"line":27,"column":2},"end":{"line":27,"column":5}},"loc":{"start":{"line":27,"column":30},"end":{"line":29,"column":3}}}},"branchMap":{"0":{"loc":{"start":{"line":11,"column":4},"end":{"line":11,"column":17}},"type":"binary-expr","locations":[{"start":{"line":11,"column":4},"end":{"line":11,"column":17}},{"start":{"line":11,"column":17},"end":{"line":11,"column":null}}]}},"s":{"0":7,"1":7,"2":7,"3":7,"4":0,"5":0,"6":0,"7":7,"8":0,"9":7,"10":0,"11":7,"12":0,"13":7},"f":{"0":7,"1":0,"2":0,"3":0,"4":0},"b":{"0":[0,0]}}
,"C:\\Users\\joel\\Documents\\Git\\clockify.js\\src\\Clockify\\Workspaces\\Workspace\\Projects\\Project\\CustomFields\\CustomField\\index.ts": {"path":"C:\\Users\\joel\\Documents\\Git\\clockify.js\\src\\Clockify\\Workspaces\\Workspace\\Projects\\Project\\CustomFields\\CustomField\\index.ts","statementMap":{"0":{"start":{"line":1,"column":0},"end":{"line":1,"column":77}},"1":{"start":{"line":4,"column":0},"end":{"line":4,"column":null}},"2":{"start":{"line":4,"column":41},"end":{"line":4,"column":52}},"3":{"start":{"line":11,"column":4},"end":{"line":11,"column":null}},"4":{"start":{"line":12,"column":4},"end":{"line":12,"column":35}},"5":{"start":{"line":13,"column":4},"end":{"line":13,"column":31}},"6":{"start":{"line":14,"column":4},"end":{"line":14,"column":39}},"7":{"start":{"line":17,"column":2},"end":{"line":19,"column":null}},"8":{"start":{"line":18,"column":4},"end":{"line":18,"column":108}},"9":{"start":{"line":24,"column":2},"end":{"line":26,"column":null}},"10":{"start":{"line":25,"column":4},"end":{"line":25,"column":54}},"11":{"start":{"line":31,"column":2},"end":{"line":33,"column":null}},"12":{"start":{"line":32,"column":4},"end":{"line":32,"column":49}},"13":{"start":{"line":34,"column":0},"end":{"line":34,"column":null}}},"fnMap":{"0":{"name":"(anonymous_6)","decl":{"start":{"line":4,"column":0},"end":{"line":4,"column":41}},"loc":{"start":{"line":4,"column":0},"end":{"line":34,"column":null}}},"1":{"name":"CustomField","decl":{"start":{"line":10,"column":2},"end":{"line":10,"column":14}},"loc":{"start":{"line":10,"column":91},"end":{"line":15,"column":3}}},"2":{"name":"(anonymous_8)","decl":{"start":{"line":17,"column":2},"end":{"line":17,"column":17}},"loc":{"start":{"line":17,"column":2},"end":{"line":19,"column":3}}},"3":{"name":"(anonymous_9)","decl":{"start":{"line":24,"column":2},"end":{"line":24,"column":7}},"loc":{"start":{"line":24,"column":84},"end":{"line":26,"column":3}}},"4":{"name":"(anonymous_10)","decl":{"start":{"line":31,"column":2},"end":{"line":31,"column":8}},"loc":{"start":{"line":31,"column":2},"end":{"line":33,"column":3}}}},"branchMap":{"0":{"loc":{"start":{"line":11,"column":4},"end":{"line":11,"column":17}},"type":"binary-expr","locations":[{"start":{"line":11,"column":4},"end":{"line":11,"column":17}},{"start":{"line":11,"column":17},"end":{"line":11,"column":null}}]}},"s":{"0":7,"1":7,"2":7,"3":0,"4":0,"5":0,"6":0,"7":7,"8":0,"9":7,"10":0,"11":7,"12":0,"13":7},"f":{"0":7,"1":0,"2":0,"3":0,"4":0},"b":{"0":[0,0]}}
,"C:\\Users\\joel\\Documents\\Git\\clockify.js\\src\\Clockify\\Workspaces\\Workspace\\Projects\\Project\\Estimate\\index.ts": {"path":"C:\\Users\\joel\\Documents\\Git\\clockify.js\\src\\Clockify\\Workspaces\\Workspace\\Projects\\Project\\Estimate\\index.ts","statementMap":{"0":{"start":{"line":1,"column":0},"end":{"line":1,"column":64}},"1":{"start":{"line":5,"column":0},"end":{"line":5,"column":null}},"2":{"start":{"line":5,"column":38},"end":{"line":5,"column":49}},"3":{"start":{"line":11,"column":4},"end":{"line":11,"column":null}},"4":{"start":{"line":12,"column":4},"end":{"line":12,"column":35}},"5":{"start":{"line":13,"column":4},"end":{"line":13,"column":31}},"6":{"start":{"line":16,"column":2},"end":{"line":18,"column":null}},"7":{"start":{"line":17,"column":4},"end":{"line":17,"column":81}},"8":{"start":{"line":23,"column":2},"end":{"line":25,"column":null}},"9":{"start":{"line":24,"column":4},"end":{"line":24,"column":50}},"10":{"start":{"line":27,"column":0},"end":{"line":27,"column":null}}},"fnMap":{"0":{"name":"(anonymous_6)","decl":{"start":{"line":5,"column":0},"end":{"line":5,"column":38}},"loc":{"start":{"line":5,"column":0},"end":{"line":27,"column":null}}},"1":{"name":"Estimate","decl":{"start":{"line":10,"column":2},"end":{"line":10,"column":14}},"loc":{"start":{"line":10,"column":68},"end":{"line":14,"column":3}}},"2":{"name":"(anonymous_8)","decl":{"start":{"line":16,"column":2},"end":{"line":16,"column":17}},"loc":{"start":{"line":16,"column":2},"end":{"line":18,"column":3}}},"3":{"name":"(anonymous_9)","decl":{"start":{"line":23,"column":2},"end":{"line":23,"column":7}},"loc":{"start":{"line":23,"column":26},"end":{"line":25,"column":3}}}},"branchMap":{"0":{"loc":{"start":{"line":11,"column":4},"end":{"line":11,"column":17}},"type":"binary-expr","locations":[{"start":{"line":11,"column":4},"end":{"line":11,"column":17}},{"start":{"line":11,"column":17},"end":{"line":11,"column":null}}]}},"s":{"0":7,"1":7,"2":7,"3":2,"4":2,"5":2,"6":7,"7":2,"8":7,"9":2,"10":7},"f":{"0":7,"1":2,"2":2,"3":2},"b":{"0":[2,2]}}
,"C:\\Users\\joel\\Documents\\Git\\clockify.js\\src\\Clockify\\Workspaces\\Workspace\\Projects\\Project\\Memberships\\index.ts": {"path":"C:\\Users\\joel\\Documents\\Git\\clockify.js\\src\\Clockify\\Workspaces\\Workspace\\Projects\\Project\\Memberships\\index.ts","statementMap":{"0":{"start":{"line":1,"column":0},"end":{"line":1,"column":62}},"1":{"start":{"line":5,"column":0},"end":{"line":5,"column":null}},"2":{"start":{"line":5,"column":41},"end":{"line":5,"column":52}},"3":{"start":{"line":11,"column":4},"end":{"line":11,"column":null}},"4":{"start":{"line":12,"column":4},"end":{"line":12,"column":35}},"5":{"start":{"line":13,"column":4},"end":{"line":13,"column":31}},"6":{"start":{"line":16,"column":2},"end":{"line":18,"column":null}},"7":{"start":{"line":17,"column":4},"end":{"line":17,"column":84}},"8":{"start":{"line":23,"column":2},"end":{"line":25,"column":null}},"9":{"start":{"line":24,"column":4},"end":{"line":24,"column":50}},"10":{"start":{"line":27,"column":0},"end":{"line":27,"column":null}}},"fnMap":{"0":{"name":"(anonymous_6)","decl":{"start":{"line":5,"column":0},"end":{"line":5,"column":41}},"loc":{"start":{"line":5,"column":0},"end":{"line":27,"column":null}}},"1":{"name":"Memberships","decl":{"start":{"line":10,"column":2},"end":{"line":10,"column":14}},"loc":{"start":{"line":10,"column":68},"end":{"line":14,"column":3}}},"2":{"name":"(anonymous_8)","decl":{"start":{"line":16,"column":2},"end":{"line":16,"column":17}},"loc":{"start":{"line":16,"column":2},"end":{"line":18,"column":3}}},"3":{"name":"(anonymous_9)","decl":{"start":{"line":23,"column":2},"end":{"line":23,"column":7}},"loc":{"start":{"line":23,"column":52},"end":{"line":25,"column":3}}}},"branchMap":{"0":{"loc":{"start":{"line":11,"column":4},"end":{"line":11,"column":17}},"type":"binary-expr","locations":[{"start":{"line":11,"column":4},"end":{"line":11,"column":17}},{"start":{"line":11,"column":17},"end":{"line":11,"column":null}}]}},"s":{"0":7,"1":7,"2":7,"3":1,"4":1,"5":1,"6":7,"7":1,"8":7,"9":1,"10":7},"f":{"0":7,"1":1,"2":1,"3":1},"b":{"0":[1,1]}}
,"C:\\Users\\joel\\Documents\\Git\\clockify.js\\src\\Clockify\\Workspaces\\Workspace\\Projects\\Project\\Tasks\\index.ts": {"path":"C:\\Users\\joel\\Documents\\Git\\clockify.js\\src\\Clockify\\Workspaces\\Workspace\\Projects\\Project\\Tasks\\index.ts","statementMap":{"0":{"start":{"line":1,"column":0},"end":{"line":1,"column":79}},"1":{"start":{"line":2,"column":0},"end":{"line":2,"column":26}},"2":{"start":{"line":13,"column":0},"end":{"line":13,"column":null}},"3":{"start":{"line":13,"column":35},"end":{"line":13,"column":46}},"4":{"start":{"line":19,"column":4},"end":{"line":19,"column":null}},"5":{"start":{"line":20,"column":4},"end":{"line":20,"column":35}},"6":{"start":{"line":21,"column":4},"end":{"line":21,"column":31}},"7":{"start":{"line":24,"column":2},"end":{"line":26,"column":null}},"8":{"start":{"line":25,"column":4},"end":{"line":25,"column":78}},"9":{"start":{"line":28,"column":2},"end":{"line":30,"column":null}},"10":{"start":{"line":29,"column":4},"end":{"line":29,"column":76}},"11":{"start":{"line":35,"column":2},"end":{"line":37,"column":null}},"12":{"start":{"line":35,"column":6},"end":{"line":35,"column":null}},"13":{"start":{"line":36,"column":4},"end":{"line":36,"column":32}},"14":{"start":{"line":42,"column":2},"end":{"line":44,"column":null}},"15":{"start":{"line":43,"column":4},"end":{"line":43,"column":36}},"16":{"start":{"line":46,"column":0},"end":{"line":46,"column":null}}},"fnMap":{"0":{"name":"(anonymous_6)","decl":{"start":{"line":13,"column":0},"end":{"line":13,"column":35}},"loc":{"start":{"line":13,"column":0},"end":{"line":46,"column":null}}},"1":{"name":"Tasks","decl":{"start":{"line":18,"column":2},"end":{"line":18,"column":14}},"loc":{"start":{"line":18,"column":68},"end":{"line":22,"column":3}}},"2":{"name":"(anonymous_8)","decl":{"start":{"line":24,"column":2},"end":{"line":24,"column":17}},"loc":{"start":{"line":24,"column":2},"end":{"line":26,"column":3}}},"3":{"name":"(anonymous_9)","decl":{"start":{"line":28,"column":2},"end":{"line":28,"column":8}},"loc":{"start":{"line":28,"column":23},"end":{"line":30,"column":3}}},"4":{"name":"(anonymous_10)","decl":{"start":{"line":35,"column":2},"end":{"line":35,"column":5}},"loc":{"start":{"line":35,"column":27},"end":{"line":37,"column":3}}},"5":{"name":"(anonymous_11)","decl":{"start":{"line":42,"column":2},"end":{"line":42,"column":6}},"loc":{"start":{"line":42,"column":24},"end":{"line":44,"column":3}}}},"branchMap":{"0":{"loc":{"start":{"line":19,"column":4},"end":{"line":19,"column":17}},"type":"binary-expr","locations":[{"start":{"line":19,"column":4},"end":{"line":19,"column":17}},{"start":{"line":19,"column":17},"end":{"line":19,"column":null}}]},"1":{"loc":{"start":{"line":35,"column":6},"end":{"line":35,"column":null}},"type":"if","locations":[{"start":{"line":35,"column":6},"end":{"line":35,"column":null}},{"start":{"line":35,"column":6},"end":{"line":35,"column":null}}]}},"s":{"0":7,"1":7,"2":7,"3":7,"4":9,"5":9,"6":9,"7":7,"8":4,"9":7,"10":5,"11":7,"12":6,"13":3,"14":7,"15":1,"16":7},"f":{"0":7,"1":9,"2":4,"3":5,"4":3,"5":1},"b":{"0":[9,9],"1":[3,0]}}
,"C:\\Users\\joel\\Documents\\Git\\clockify.js\\src\\Clockify\\Workspaces\\Workspace\\Projects\\Project\\Tasks\\Task\\index.ts": {"path":"C:\\Users\\joel\\Documents\\Git\\clockify.js\\src\\Clockify\\Workspaces\\Workspace\\Projects\\Project\\Tasks\\Task\\index.ts","statementMap":{"0":{"start":{"line":1,"column":0},"end":{"line":1,"column":87}},"1":{"start":{"line":6,"column":0},"end":{"line":6,"column":null}},"2":{"start":{"line":6,"column":34},"end":{"line":6,"column":45}},"3":{"start":{"line":13,"column":4},"end":{"line":13,"column":null}},"4":{"start":{"line":14,"column":4},"end":{"line":14,"column":35}},"5":{"start":{"line":15,"column":4},"end":{"line":15,"column":31}},"6":{"start":{"line":16,"column":4},"end":{"line":16,"column":25}},"7":{"start":{"line":19,"column":2},"end":{"line":21,"column":null}},"8":{"start":{"line":20,"column":4},"end":{"line":20,"column":93}},"9":{"start":{"line":26,"column":2},"end":{"line":28,"column":null}},"10":{"start":{"line":27,"column":4},"end":{"line":27,"column":39}},"11":{"start":{"line":33,"column":2},"end":{"line":35,"column":null}},"12":{"start":{"line":34,"column":4},"end":{"line":34,"column":45}},"13":{"start":{"line":40,"column":2},"end":{"line":42,"column":null}},"14":{"start":{"line":41,"column":4},"end":{"line":41,"column":42}},"15":{"start":{"line":44,"column":0},"end":{"line":44,"column":null}}},"fnMap":{"0":{"name":"(anonymous_6)","decl":{"start":{"line":6,"column":0},"end":{"line":6,"column":34}},"loc":{"start":{"line":6,"column":0},"end":{"line":44,"column":null}}},"1":{"name":"Task","decl":{"start":{"line":12,"column":2},"end":{"line":12,"column":14}},"loc":{"start":{"line":12,"column":84},"end":{"line":17,"column":3}}},"2":{"name":"(anonymous_8)","decl":{"start":{"line":19,"column":2},"end":{"line":19,"column":17}},"loc":{"start":{"line":19,"column":2},"end":{"line":21,"column":3}}},"3":{"name":"(anonymous_9)","decl":{"start":{"line":26,"column":2},"end":{"line":26,"column":5}},"loc":{"start":{"line":26,"column":2},"end":{"line":28,"column":3}}},"4":{"name":"(anonymous_10)","decl":{"start":{"line":33,"column":2},"end":{"line":33,"column":5}},"loc":{"start":{"line":33,"column":23},"end":{"line":35,"column":3}}},"5":{"name":"(anonymous_11)","decl":{"start":{"line":40,"column":2},"end":{"line":40,"column":8}},"loc":{"start":{"line":40,"column":2},"end":{"line":42,"column":3}}}},"branchMap":{"0":{"loc":{"start":{"line":13,"column":4},"end":{"line":13,"column":17}},"type":"binary-expr","locations":[{"start":{"line":13,"column":4},"end":{"line":13,"column":17}},{"start":{"line":13,"column":17},"end":{"line":13,"column":null}}]}},"s":{"0":7,"1":7,"2":7,"3":5,"4":5,"5":5,"6":5,"7":7,"8":5,"9":7,"10":2,"11":7,"12":2,"13":7,"14":1,"15":7},"f":{"0":7,"1":5,"2":5,"3":2,"4":2,"5":1},"b":{"0":[5,5]}}
,"C:\\Users\\joel\\Documents\\Git\\clockify.js\\src\\Clockify\\Workspaces\\Workspace\\Projects\\Project\\Template\\index.ts": {"path":"C:\\Users\\joel\\Documents\\Git\\clockify.js\\src\\Clockify\\Workspaces\\Workspace\\Projects\\Project\\Template\\index.ts","statementMap":{"0":{"start":{"line":1,"column":0},"end":{"line":1,"column":62}},"1":{"start":{"line":4,"column":0},"end":{"line":4,"column":null}},"2":{"start":{"line":4,"column":38},"end":{"line":4,"column":49}},"3":{"start":{"line":10,"column":4},"end":{"line":10,"column":null}},"4":{"start":{"line":11,"column":4},"end":{"line":11,"column":35}},"5":{"start":{"line":12,"column":4},"end":{"line":12,"column":31}},"6":{"start":{"line":15,"column":2},"end":{"line":17,"column":null}},"7":{"start":{"line":16,"column":4},"end":{"line":16,"column":81}},"8":{"start":{"line":22,"column":2},"end":{"line":24,"column":null}},"9":{"start":{"line":23,"column":4},"end":{"line":23,"column":50}},"10":{"start":{"line":26,"column":0},"end":{"line":26,"column":null}}},"fnMap":{"0":{"name":"(anonymous_6)","decl":{"start":{"line":4,"column":0},"end":{"line":4,"column":38}},"loc":{"start":{"line":4,"column":0},"end":{"line":26,"column":null}}},"1":{"name":"Template","decl":{"start":{"line":9,"column":2},"end":{"line":9,"column":14}},"loc":{"start":{"line":9,"column":68},"end":{"line":13,"column":3}}},"2":{"name":"(anonymous_8)","decl":{"start":{"line":15,"column":2},"end":{"line":15,"column":17}},"loc":{"start":{"line":15,"column":2},"end":{"line":17,"column":3}}},"3":{"name":"(anonymous_9)","decl":{"start":{"line":22,"column":2},"end":{"line":22,"column":7}},"loc":{"start":{"line":22,"column":37},"end":{"line":24,"column":3}}}},"branchMap":{"0":{"loc":{"start":{"line":10,"column":4},"end":{"line":10,"column":17}},"type":"binary-expr","locations":[{"start":{"line":10,"column":4},"end":{"line":10,"column":17}},{"start":{"line":10,"column":17},"end":{"line":10,"column":null}}]}},"s":{"0":7,"1":7,"2":7,"3":0,"4":0,"5":0,"6":7,"7":0,"8":7,"9":0,"10":7},"f":{"0":7,"1":0,"2":0,"3":0},"b":{"0":[0,0]}}
,"C:\\Users\\joel\\Documents\\Git\\clockify.js\\src\\Clockify\\Workspaces\\Workspace\\Tags\\index.ts": {"path":"C:\\Users\\joel\\Documents\\Git\\clockify.js\\src\\Clockify\\Workspaces\\Workspace\\Tags\\index.ts","statementMap":{"0":{"start":{"line":1,"column":0},"end":{"line":1,"column":73}},"1":{"start":{"line":3,"column":0},"end":{"line":3,"column":24}},"2":{"start":{"line":12,"column":0},"end":{"line":12,"column":null}},"3":{"start":{"line":12,"column":34},"end":{"line":12,"column":45}},"4":{"start":{"line":16,"column":4},"end":{"line":16,"column":null}},"5":{"start":{"line":17,"column":4},"end":{"line":17,"column":35}},"6":{"start":{"line":20,"column":2},"end":{"line":22,"column":null}},"7":{"start":{"line":21,"column":4},"end":{"line":21,"column":50}},"8":{"start":{"line":24,"column":2},"end":{"line":26,"column":null}},"9":{"start":{"line":25,"column":4},"end":{"line":25,"column":58}},"10":{"start":{"line":31,"column":2},"end":{"line":33,"column":null}},"11":{"start":{"line":32,"column":4},"end":{"line":32,"column":32}},"12":{"start":{"line":38,"column":2},"end":{"line":40,"column":null}},"13":{"start":{"line":39,"column":4},"end":{"line":39,"column":36}},"14":{"start":{"line":42,"column":0},"end":{"line":42,"column":null}}},"fnMap":{"0":{"name":"(anonymous_6)","decl":{"start":{"line":12,"column":0},"end":{"line":12,"column":34}},"loc":{"start":{"line":12,"column":0},"end":{"line":42,"column":null}}},"1":{"name":"Tags","decl":{"start":{"line":15,"column":2},"end":{"line":15,"column":14}},"loc":{"start":{"line":15,"column":49},"end":{"line":18,"column":3}}},"2":{"name":"(anonymous_8)","decl":{"start":{"line":20,"column":2},"end":{"line":20,"column":17}},"loc":{"start":{"line":20,"column":2},"end":{"line":22,"column":3}}},"3":{"name":"(anonymous_9)","decl":{"start":{"line":24,"column":2},"end":{"line":24,"column":8}},"loc":{"start":{"line":24,"column":22},"end":{"line":26,"column":3}}},"4":{"name":"(anonymous_10)","decl":{"start":{"line":31,"column":2},"end":{"line":31,"column":5}},"loc":{"start":{"line":31,"column":23},"end":{"line":33,"column":3}}},"5":{"name":"(anonymous_11)","decl":{"start":{"line":38,"column":2},"end":{"line":38,"column":6}},"loc":{"start":{"line":38,"column":29},"end":{"line":40,"column":3}}}},"branchMap":{"0":{"loc":{"start":{"line":16,"column":4},"end":{"line":16,"column":17}},"type":"binary-expr","locations":[{"start":{"line":16,"column":4},"end":{"line":16,"column":17}},{"start":{"line":16,"column":17},"end":{"line":16,"column":null}}]}},"s":{"0":7,"1":7,"2":7,"3":7,"4":6,"5":6,"6":7,"7":4,"8":7,"9":2,"10":7,"11":3,"12":7,"13":1,"14":7},"f":{"0":7,"1":6,"2":4,"3":2,"4":3,"5":1},"b":{"0":[6,6]}}
,"C:\\Users\\joel\\Documents\\Git\\clockify.js\\src\\Clockify\\Workspaces\\Workspace\\Tags\\Tag\\index.ts": {"path":"C:\\Users\\joel\\Documents\\Git\\clockify.js\\src\\Clockify\\Workspaces\\Workspace\\Tags\\Tag\\index.ts","statementMap":{"0":{"start":{"line":1,"column":0},"end":{"line":1,"column":70}},"1":{"start":{"line":4,"column":0},"end":{"line":4,"column":null}},"2":{"start":{"line":4,"column":33},"end":{"line":4,"column":44}},"3":{"start":{"line":10,"column":4},"end":{"line":10,"column":null}},"4":{"start":{"line":11,"column":4},"end":{"line":11,"column":35}},"5":{"start":{"line":12,"column":4},"end":{"line":12,"column":23}},"6":{"start":{"line":15,"column":2},"end":{"line":17,"column":null}},"7":{"start":{"line":16,"column":4},"end":{"line":16,"column":64}},"8":{"start":{"line":22,"column":2},"end":{"line":24,"column":null}},"9":{"start":{"line":23,"column":4},"end":{"line":23,"column":44}},"10":{"start":{"line":29,"column":2},"end":{"line":31,"column":null}},"11":{"start":{"line":30,"column":4},"end":{"line":30,"column":41}},"12":{"start":{"line":33,"column":0},"end":{"line":33,"column":null}}},"fnMap":{"0":{"name":"(anonymous_6)","decl":{"start":{"line":4,"column":0},"end":{"line":4,"column":33}},"loc":{"start":{"line":4,"column":0},"end":{"line":33,"column":null}}},"1":{"name":"Tag","decl":{"start":{"line":9,"column":2},"end":{"line":9,"column":14}},"loc":{"start":{"line":9,"column":64},"end":{"line":13,"column":3}}},"2":{"name":"(anonymous_8)","decl":{"start":{"line":15,"column":2},"end":{"line":15,"column":17}},"loc":{"start":{"line":15,"column":2},"end":{"line":17,"column":3}}},"3":{"name":"(anonymous_9)","decl":{"start":{"line":22,"column":2},"end":{"line":22,"column":5}},"loc":{"start":{"line":22,"column":48},"end":{"line":24,"column":3}}},"4":{"name":"(anonymous_10)","decl":{"start":{"line":29,"column":2},"end":{"line":29,"column":8}},"loc":{"start":{"line":29,"column":2},"end":{"line":31,"column":3}}}},"branchMap":{"0":{"loc":{"start":{"line":10,"column":4},"end":{"line":10,"column":17}},"type":"binary-expr","locations":[{"start":{"line":10,"column":4},"end":{"line":10,"column":17}},{"start":{"line":10,"column":17},"end":{"line":10,"column":null}}]}},"s":{"0":7,"1":7,"2":7,"3":2,"4":2,"5":2,"6":7,"7":2,"8":7,"9":1,"10":7,"11":1,"12":7},"f":{"0":7,"1":2,"2":2,"3":1,"4":1},"b":{"0":[2,2]}}
,"C:\\Users\\joel\\Documents\\Git\\clockify.js\\src\\Clockify\\Workspaces\\Workspace\\TimeEntries\\index.ts": {"path":"C:\\Users\\joel\\Documents\\Git\\clockify.js\\src\\Clockify\\Workspaces\\Workspace\\TimeEntries\\index.ts","statementMap":{"0":{"start":{"line":1,"column":0},"end":{"line":1,"column":55}},"1":{"start":{"line":2,"column":0},"end":{"line":2,"column":36}},"2":{"start":{"line":7,"column":0},"end":{"line":7,"column":null}},"3":{"start":{"line":7,"column":41},"end":{"line":7,"column":52}},"4":{"start":{"line":11,"column":4},"end":{"line":11,"column":null}},"5":{"start":{"line":12,"column":4},"end":{"line":12,"column":35}},"6":{"start":{"line":15,"column":2},"end":{"line":17,"column":null}},"7":{"start":{"line":16,"column":4},"end":{"line":16,"column":58}},"8":{"start":{"line":19,"column":2},"end":{"line":21,"column":null}},"9":{"start":{"line":20,"column":4},"end":{"line":20,"column":70}},"10":{"start":{"line":27,"column":2},"end":{"line":29,"column":null}},"11":{"start":{"line":28,"column":4},"end":{"line":28,"column":51}},"12":{"start":{"line":31,"column":0},"end":{"line":31,"column":null}}},"fnMap":{"0":{"name":"(anonymous_6)","decl":{"start":{"line":7,"column":0},"end":{"line":7,"column":41}},"loc":{"start":{"line":7,"column":0},"end":{"line":31,"column":null}}},"1":{"name":"TimeEntries","decl":{"start":{"line":10,"column":2},"end":{"line":10,"column":14}},"loc":{"start":{"line":10,"column":49},"end":{"line":13,"column":3}}},"2":{"name":"(anonymous_8)","decl":{"start":{"line":15,"column":2},"end":{"line":15,"column":17}},"loc":{"start":{"line":15,"column":2},"end":{"line":17,"column":3}}},"3":{"name":"(anonymous_9)","decl":{"start":{"line":19,"column":2},"end":{"line":19,"column":8}},"loc":{"start":{"line":19,"column":28},"end":{"line":21,"column":3}}},"4":{"name":"(anonymous_10)","decl":{"start":{"line":27,"column":2},"end":{"line":27,"column":6}},"loc":{"start":{"line":27,"column":29},"end":{"line":29,"column":3}}}},"branchMap":{"0":{"loc":{"start":{"line":11,"column":4},"end":{"line":11,"column":17}},"type":"binary-expr","locations":[{"start":{"line":11,"column":4},"end":{"line":11,"column":17}},{"start":{"line":11,"column":17},"end":{"line":11,"column":null}}]}},"s":{"0":7,"1":7,"2":7,"3":7,"4":8,"5":8,"6":7,"7":1,"8":7,"9":7,"10":7,"11":1,"12":7},"f":{"0":7,"1":8,"2":1,"3":7,"4":1},"b":{"0":[8,8]}}
,"C:\\Users\\joel\\Documents\\Git\\clockify.js\\src\\Clockify\\Workspaces\\Workspace\\TimeEntries\\TimeEntry\\index.ts": {"path":"C:\\Users\\joel\\Documents\\Git\\clockify.js\\src\\Clockify\\Workspaces\\Workspace\\TimeEntries\\TimeEntry\\index.ts","statementMap":{"0":{"start":{"line":1,"column":0},"end":{"line":1,"column":88}},"1":{"start":{"line":6,"column":0},"end":{"line":6,"column":null}},"2":{"start":{"line":6,"column":39},"end":{"line":6,"column":50}},"3":{"start":{"line":12,"column":4},"end":{"line":12,"column":null}},"4":{"start":{"line":13,"column":4},"end":{"line":13,"column":35}},"5":{"start":{"line":14,"column":4},"end":{"line":14,"column":35}},"6":{"start":{"line":17,"column":2},"end":{"line":19,"column":null}},"7":{"start":{"line":18,"column":4},"end":{"line":18,"column":78}},"8":{"start":{"line":24,"column":2},"end":{"line":26,"column":null}},"9":{"start":{"line":24,"column":6},"end":{"line":24,"column":null}},"10":{"start":{"line":25,"column":4},"end":{"line":25,"column":47}},"11":{"start":{"line":31,"column":2},"end":{"line":33,"column":null}},"12":{"start":{"line":32,"column":4},"end":{"line":32,"column":50}},"13":{"start":{"line":38,"column":2},"end":{"line":40,"column":null}},"14":{"start":{"line":39,"column":4},"end":{"line":39,"column":38}},"15":{"start":{"line":42,"column":0},"end":{"line":42,"column":null}}},"fnMap":{"0":{"name":"(anonymous_6)","decl":{"start":{"line":6,"column":0},"end":{"line":6,"column":39}},"loc":{"start":{"line":6,"column":0},"end":{"line":42,"column":null}}},"1":{"name":"TimeEntry","decl":{"start":{"line":11,"column":2},"end":{"line":11,"column":14}},"loc":{"start":{"line":11,"column":70},"end":{"line":15,"column":3}}},"2":{"name":"(anonymous_8)","decl":{"start":{"line":17,"column":2},"end":{"line":17,"column":17}},"loc":{"start":{"line":17,"column":2},"end":{"line":19,"column":3}}},"3":{"name":"(anonymous_9)","decl":{"start":{"line":24,"column":2},"end":{"line":24,"column":5}},"loc":{"start":{"line":24,"column":32},"end":{"line":26,"column":3}}},"4":{"name":"(anonymous_10)","decl":{"start":{"line":31,"column":2},"end":{"line":31,"column":5}},"loc":{"start":{"line":31,"column":28},"end":{"line":33,"column":3}}},"5":{"name":"(anonymous_11)","decl":{"start":{"line":38,"column":2},"end":{"line":38,"column":8}},"loc":{"start":{"line":38,"column":2},"end":{"line":40,"column":3}}}},"branchMap":{"0":{"loc":{"start":{"line":12,"column":4},"end":{"line":12,"column":17}},"type":"binary-expr","locations":[{"start":{"line":12,"column":4},"end":{"line":12,"column":17}},{"start":{"line":12,"column":17},"end":{"line":12,"column":null}}]},"1":{"loc":{"start":{"line":24,"column":6},"end":{"line":24,"column":null}},"type":"if","locations":[{"start":{"line":24,"column":6},"end":{"line":24,"column":null}},{"start":{"line":24,"column":6},"end":{"line":24,"column":null}}]}},"s":{"0":7,"1":7,"2":7,"3":7,"4":7,"5":7,"6":7,"7":7,"8":7,"9":4,"10":2,"11":7,"12":2,"13":7,"14":3,"15":7},"f":{"0":7,"1":7,"2":7,"3":2,"4":2,"5":3},"b":{"0":[7,7],"1":[2,0]}}
,"C:\\Users\\joel\\Documents\\Git\\clockify.js\\src\\Clockify\\Workspaces\\Workspace\\UserGroups\\index.ts": {"path":"C:\\Users\\joel\\Documents\\Git\\clockify.js\\src\\Clockify\\Workspaces\\Workspace\\UserGroups\\index.ts","statementMap":{"0":{"start":{"line":1,"column":0},"end":{"line":1,"column":73}},"1":{"start":{"line":2,"column":0},"end":{"line":2,"column":36}},"2":{"start":{"line":6,"column":0},"end":{"line":6,"column":null}},"3":{"start":{"line":6,"column":40},"end":{"line":6,"column":51}},"4":{"start":{"line":11,"column":4},"end":{"line":11,"column":null}},"5":{"start":{"line":12,"column":4},"end":{"line":12,"column":35}},"6":{"start":{"line":15,"column":2},"end":{"line":17,"column":null}},"7":{"start":{"line":16,"column":4},"end":{"line":16,"column":57}},"8":{"start":{"line":19,"column":2},"end":{"line":21,"column":null}},"9":{"start":{"line":20,"column":4},"end":{"line":20,"column":70}},"10":{"start":{"line":26,"column":2},"end":{"line":28,"column":null}},"11":{"start":{"line":27,"column":4},"end":{"line":27,"column":49}},"12":{"start":{"line":33,"column":2},"end":{"line":35,"column":null}},"13":{"start":{"line":34,"column":4},"end":{"line":34,"column":47}},"14":{"start":{"line":37,"column":0},"end":{"line":37,"column":null}}},"fnMap":{"0":{"name":"(anonymous_6)","decl":{"start":{"line":6,"column":0},"end":{"line":6,"column":40}},"loc":{"start":{"line":6,"column":0},"end":{"line":37,"column":null}}},"1":{"name":"UserGroups","decl":{"start":{"line":10,"column":2},"end":{"line":10,"column":14}},"loc":{"start":{"line":10,"column":49},"end":{"line":13,"column":3}}},"2":{"name":"(anonymous_8)","decl":{"start":{"line":15,"column":2},"end":{"line":15,"column":17}},"loc":{"start":{"line":15,"column":2},"end":{"line":17,"column":3}}},"3":{"name":"(anonymous_9)","decl":{"start":{"line":19,"column":2},"end":{"line":19,"column":8}},"loc":{"start":{"line":19,"column":28},"end":{"line":21,"column":3}}},"4":{"name":"(anonymous_10)","decl":{"start":{"line":26,"column":2},"end":{"line":26,"column":5}},"loc":{"start":{"line":26,"column":27},"end":{"line":28,"column":3}}},"5":{"name":"(anonymous_11)","decl":{"start":{"line":33,"column":2},"end":{"line":33,"column":6}},"loc":{"start":{"line":33,"column":29},"end":{"line":35,"column":3}}}},"branchMap":{"0":{"loc":{"start":{"line":11,"column":4},"end":{"line":11,"column":17}},"type":"binary-expr","locations":[{"start":{"line":11,"column":4},"end":{"line":11,"column":17}},{"start":{"line":11,"column":17},"end":{"line":11,"column":null}}]}},"s":{"0":7,"1":7,"2":7,"3":7,"4":0,"5":0,"6":7,"7":0,"8":7,"9":0,"10":7,"11":0,"12":7,"13":0,"14":7},"f":{"0":7,"1":0,"2":0,"3":0,"4":0,"5":0},"b":{"0":[0,0]}}
,"C:\\Users\\joel\\Documents\\Git\\clockify.js\\src\\Clockify\\Workspaces\\Workspace\\UserGroups\\UserGroup\\index.ts": {"path":"C:\\Users\\joel\\Documents\\Git\\clockify.js\\src\\Clockify\\Workspaces\\Workspace\\UserGroups\\UserGroup\\index.ts","statementMap":{"0":{"start":{"line":1,"column":0},"end":{"line":1,"column":70}},"1":{"start":{"line":2,"column":0},"end":{"line":2,"column":28}},"2":{"start":{"line":6,"column":0},"end":{"line":6,"column":null}},"3":{"start":{"line":6,"column":39},"end":{"line":6,"column":50}},"4":{"start":{"line":12,"column":4},"end":{"line":12,"column":null}},"5":{"start":{"line":13,"column":4},"end":{"line":13,"column":35}},"6":{"start":{"line":14,"column":4},"end":{"line":14,"column":35}},"7":{"start":{"line":17,"column":2},"end":{"line":19,"column":null}},"8":{"start":{"line":18,"column":4},"end":{"line":18,"column":77}},"9":{"start":{"line":21,"column":2},"end":{"line":23,"column":null}},"10":{"start":{"line":22,"column":4},"end":{"line":22,"column":71}},"11":{"start":{"line":28,"column":2},"end":{"line":30,"column":null}},"12":{"start":{"line":29,"column":4},"end":{"line":29,"column":50}},"13":{"start":{"line":35,"column":2},"end":{"line":37,"column":null}},"14":{"start":{"line":36,"column":4},"end":{"line":36,"column":47}},"15":{"start":{"line":40,"column":0},"end":{"line":40,"column":null}}},"fnMap":{"0":{"name":"(anonymous_6)","decl":{"start":{"line":6,"column":0},"end":{"line":6,"column":39}},"loc":{"start":{"line":6,"column":0},"end":{"line":40,"column":null}}},"1":{"name":"UserGroup","decl":{"start":{"line":11,"column":2},"end":{"line":11,"column":14}},"loc":{"start":{"line":11,"column":70},"end":{"line":15,"column":3}}},"2":{"name":"(anonymous_8)","decl":{"start":{"line":17,"column":2},"end":{"line":17,"column":17}},"loc":{"start":{"line":17,"column":2},"end":{"line":19,"column":3}}},"3":{"name":"(anonymous_9)","decl":{"start":{"line":21,"column":2},"end":{"line":21,"column":6}},"loc":{"start":{"line":21,"column":2},"end":{"line":23,"column":3}}},"4":{"name":"(anonymous_10)","decl":{"start":{"line":28,"column":2},"end":{"line":28,"column":5}},"loc":{"start":{"line":28,"column":28},"end":{"line":30,"column":3}}},"5":{"name":"(anonymous_11)","decl":{"start":{"line":35,"column":2},"end":{"line":35,"column":8}},"loc":{"start":{"line":35,"column":2},"end":{"line":37,"column":3}}}},"branchMap":{"0":{"loc":{"start":{"line":12,"column":4},"end":{"line":12,"column":17}},"type":"binary-expr","locations":[{"start":{"line":12,"column":4},"end":{"line":12,"column":17}},{"start":{"line":12,"column":17},"end":{"line":12,"column":null}}]}},"s":{"0":7,"1":7,"2":7,"3":7,"4":0,"5":0,"6":0,"7":7,"8":0,"9":7,"10":0,"11":7,"12":0,"13":7,"14":0,"15":7},"f":{"0":7,"1":0,"2":0,"3":0,"4":0,"5":0},"b":{"0":[0,0]}}
,"C:\\Users\\joel\\Documents\\Git\\clockify.js\\src\\Clockify\\Workspaces\\Workspace\\UserGroups\\UserGroup\\Users\\index.ts": {"path":"C:\\Users\\joel\\Documents\\Git\\clockify.js\\src\\Clockify\\Workspaces\\Workspace\\UserGroups\\UserGroup\\Users\\index.ts","statementMap":{"0":{"start":{"line":1,"column":0},"end":{"line":1,"column":61}},"1":{"start":{"line":2,"column":0},"end":{"line":2,"column":26}},"2":{"start":{"line":6,"column":0},"end":{"line":6,"column":null}},"3":{"start":{"line":6,"column":35},"end":{"line":6,"column":46}},"4":{"start":{"line":12,"column":4},"end":{"line":12,"column":null}},"5":{"start":{"line":13,"column":4},"end":{"line":13,"column":35}},"6":{"start":{"line":14,"column":4},"end":{"line":14,"column":35}},"7":{"start":{"line":17,"column":2},"end":{"line":19,"column":null}},"8":{"start":{"line":18,"column":4},"end":{"line":18,"column":83}},"9":{"start":{"line":21,"column":2},"end":{"line":23,"column":null}},"10":{"start":{"line":22,"column":4},"end":{"line":22,"column":78}},"11":{"start":{"line":28,"column":2},"end":{"line":30,"column":null}},"12":{"start":{"line":29,"column":4},"end":{"line":29,"column":51}},"13":{"start":{"line":31,"column":0},"end":{"line":31,"column":null}}},"fnMap":{"0":{"name":"(anonymous_6)","decl":{"start":{"line":6,"column":0},"end":{"line":6,"column":35}},"loc":{"start":{"line":6,"column":0},"end":{"line":31,"column":null}}},"1":{"name":"Users","decl":{"start":{"line":11,"column":2},"end":{"line":11,"column":14}},"loc":{"start":{"line":11,"column":70},"end":{"line":15,"column":3}}},"2":{"name":"(anonymous_8)","decl":{"start":{"line":17,"column":2},"end":{"line":17,"column":17}},"loc":{"start":{"line":17,"column":2},"end":{"line":19,"column":3}}},"3":{"name":"(anonymous_9)","decl":{"start":{"line":21,"column":2},"end":{"line":21,"column":8}},"loc":{"start":{"line":21,"column":23},"end":{"line":23,"column":3}}},"4":{"name":"(anonymous_10)","decl":{"start":{"line":28,"column":2},"end":{"line":28,"column":6}},"loc":{"start":{"line":28,"column":31},"end":{"line":30,"column":3}}}},"branchMap":{"0":{"loc":{"start":{"line":12,"column":4},"end":{"line":12,"column":17}},"type":"binary-expr","locations":[{"start":{"line":12,"column":4},"end":{"line":12,"column":17}},{"start":{"line":12,"column":17},"end":{"line":12,"column":null}}]}},"s":{"0":7,"1":7,"2":7,"3":7,"4":0,"5":0,"6":0,"7":7,"8":0,"9":7,"10":0,"11":7,"12":0,"13":7},"f":{"0":7,"1":0,"2":0,"3":0,"4":0},"b":{"0":[0,0]}}
,"C:\\Users\\joel\\Documents\\Git\\clockify.js\\src\\Clockify\\Workspaces\\Workspace\\UserGroups\\UserGroup\\Users\\User\\index.ts": {"path":"C:\\Users\\joel\\Documents\\Git\\clockify.js\\src\\Clockify\\Workspaces\\Workspace\\UserGroups\\UserGroup\\Users\\User\\index.ts","statementMap":{"0":{"start":{"line":1,"column":0},"end":{"line":1,"column":65}},"1":{"start":{"line":5,"column":0},"end":{"line":5,"column":null}},"2":{"start":{"line":5,"column":34},"end":{"line":5,"column":45}},"3":{"start":{"line":12,"column":4},"end":{"line":12,"column":null}},"4":{"start":{"line":13,"column":4},"end":{"line":13,"column":35}},"5":{"start":{"line":14,"column":4},"end":{"line":14,"column":35}},"6":{"start":{"line":15,"column":4},"end":{"line":15,"column":25}},"7":{"start":{"line":18,"column":2},"end":{"line":20,"column":null}},"8":{"start":{"line":19,"column":4},"end":{"line":19,"column":98}},"9":{"start":{"line":25,"column":2},"end":{"line":27,"column":null}},"10":{"start":{"line":26,"column":4},"end":{"line":26,"column":47}},"11":{"start":{"line":28,"column":0},"end":{"line":28,"column":null}}},"fnMap":{"0":{"name":"(anonymous_6)","decl":{"start":{"line":5,"column":0},"end":{"line":5,"column":34}},"loc":{"start":{"line":5,"column":0},"end":{"line":28,"column":null}}},"1":{"name":"User","decl":{"start":{"line":11,"column":2},"end":{"line":11,"column":14}},"loc":{"start":{"line":11,"column":86},"end":{"line":16,"column":3}}},"2":{"name":"(anonymous_8)","decl":{"start":{"line":18,"column":2},"end":{"line":18,"column":17}},"loc":{"start":{"line":18,"column":2},"end":{"line":20,"column":3}}},"3":{"name":"(anonymous_9)","decl":{"start":{"line":25,"column":2},"end":{"line":25,"column":8}},"loc":{"start":{"line":25,"column":2},"end":{"line":27,"column":3}}}},"branchMap":{"0":{"loc":{"start":{"line":12,"column":4},"end":{"line":12,"column":17}},"type":"binary-expr","locations":[{"start":{"line":12,"column":4},"end":{"line":12,"column":17}},{"start":{"line":12,"column":17},"end":{"line":12,"column":null}}]}},"s":{"0":7,"1":7,"2":7,"3":0,"4":0,"5":0,"6":0,"7":7,"8":0,"9":7,"10":0,"11":7},"f":{"0":7,"1":0,"2":0,"3":0},"b":{"0":[0,0]}}
,"C:\\Users\\joel\\Documents\\Git\\clockify.js\\src\\Clockify\\Workspaces\\Workspace\\Users\\index.ts": {"path":"C:\\Users\\joel\\Documents\\Git\\clockify.js\\src\\Clockify\\Workspaces\\Workspace\\Users\\index.ts","statementMap":{"0":{"start":{"line":1,"column":0},"end":{"line":1,"column":75}},"1":{"start":{"line":2,"column":0},"end":{"line":2,"column":26}},"2":{"start":{"line":20,"column":0},"end":{"line":20,"column":null}},"3":{"start":{"line":20,"column":35},"end":{"line":20,"column":46}},"4":{"start":{"line":25,"column":4},"end":{"line":25,"column":null}},"5":{"start":{"line":26,"column":4},"end":{"line":26,"column":35}},"6":{"start":{"line":29,"column":2},"end":{"line":31,"column":null}},"7":{"start":{"line":30,"column":4},"end":{"line":30,"column":60}},"8":{"start":{"line":33,"column":2},"end":{"line":35,"column":null}},"9":{"start":{"line":34,"column":4},"end":{"line":34,"column":51}},"10":{"start":{"line":40,"column":2},"end":{"line":42,"column":null}},"11":{"start":{"line":41,"column":4},"end":{"line":41,"column":46}},"12":{"start":{"line":50,"column":2},"end":{"line":52,"column":null}},"13":{"start":{"line":51,"column":4},"end":{"line":51,"column":46}},"14":{"start":{"line":54,"column":0},"end":{"line":54,"column":null}}},"fnMap":{"0":{"name":"(anonymous_6)","decl":{"start":{"line":20,"column":0},"end":{"line":20,"column":35}},"loc":{"start":{"line":20,"column":0},"end":{"line":54,"column":null}}},"1":{"name":"Users","decl":{"start":{"line":24,"column":2},"end":{"line":24,"column":14}},"loc":{"start":{"line":24,"column":49},"end":{"line":27,"column":3}}},"2":{"name":"(anonymous_8)","decl":{"start":{"line":29,"column":2},"end":{"line":29,"column":8}},"loc":{"start":{"line":29,"column":23},"end":{"line":31,"column":3}}},"3":{"name":"(anonymous_9)","decl":{"start":{"line":33,"column":2},"end":{"line":33,"column":17}},"loc":{"start":{"line":33,"column":2},"end":{"line":35,"column":3}}},"4":{"name":"(anonymous_10)","decl":{"start":{"line":40,"column":2},"end":{"line":40,"column":5}},"loc":{"start":{"line":40,"column":22},"end":{"line":42,"column":3}}},"5":{"name":"(anonymous_11)","decl":{"start":{"line":50,"column":2},"end":{"line":50,"column":6}},"loc":{"start":{"line":50,"column":24},"end":{"line":52,"column":3}}}},"branchMap":{"0":{"loc":{"start":{"line":25,"column":4},"end":{"line":25,"column":17}},"type":"binary-expr","locations":[{"start":{"line":25,"column":4},"end":{"line":25,"column":17}},{"start":{"line":25,"column":17},"end":{"line":25,"column":null}}]}},"s":{"0":7,"1":7,"2":7,"3":7,"4":9,"5":9,"6":7,"7":8,"8":7,"9":1,"10":7,"11":1,"12":7,"13":0,"14":7},"f":{"0":7,"1":9,"2":8,"3":1,"4":1,"5":0},"b":{"0":[9,9]}}
,"C:\\Users\\joel\\Documents\\Git\\clockify.js\\src\\Clockify\\Workspaces\\Workspace\\Users\\User\\index.ts": {"path":"C:\\Users\\joel\\Documents\\Git\\clockify.js\\src\\Clockify\\Workspaces\\Workspace\\Users\\User\\index.ts","statementMap":{"0":{"start":{"line":1,"column":0},"end":{"line":1,"column":70}},"1":{"start":{"line":2,"column":0},"end":{"line":2,"column":40}},"2":{"start":{"line":6,"column":0},"end":{"line":6,"column":null}},"3":{"start":{"line":6,"column":34},"end":{"line":6,"column":45}},"4":{"start":{"line":12,"column":4},"end":{"line":12,"column":null}},"5":{"start":{"line":13,"column":4},"end":{"line":13,"column":35}},"6":{"start":{"line":14,"column":4},"end":{"line":14,"column":25}},"7":{"start":{"line":17,"column":2},"end":{"line":19,"column":null}},"8":{"start":{"line":18,"column":4},"end":{"line":18,"column":72}},"9":{"start":{"line":21,"column":2},"end":{"line":23,"column":null}},"10":{"start":{"line":22,"column":4},"end":{"line":22,"column":66}},"11":{"start":{"line":28,"column":2},"end":{"line":30,"column":null}},"12":{"start":{"line":29,"column":4},"end":{"line":29,"column":45}},"13":{"start":{"line":35,"column":2},"end":{"line":37,"column":null}},"14":{"start":{"line":36,"column":4},"end":{"line":36,"column":38}},"15":{"start":{"line":38,"column":0},"end":{"line":38,"column":null}}},"fnMap":{"0":{"name":"(anonymous_6)","decl":{"start":{"line":6,"column":0},"end":{"line":6,"column":34}},"loc":{"start":{"line":6,"column":0},"end":{"line":38,"column":null}}},"1":{"name":"User","decl":{"start":{"line":11,"column":2},"end":{"line":11,"column":14}},"loc":{"start":{"line":11,"column":65},"end":{"line":15,"column":3}}},"2":{"name":"(anonymous_8)","decl":{"start":{"line":17,"column":2},"end":{"line":17,"column":6}},"loc":{"start":{"line":17,"column":2},"end":{"line":19,"column":3}}},"3":{"name":"(anonymous_9)","decl":{"start":{"line":21,"column":2},"end":{"line":21,"column":17}},"loc":{"start":{"line":21,"column":2},"end":{"line":23,"column":3}}},"4":{"name":"(anonymous_10)","decl":{"start":{"line":28,"column":2},"end":{"line":28,"column":5}},"loc":{"start":{"line":28,"column":55},"end":{"line":30,"column":3}}},"5":{"name":"(anonymous_11)","decl":{"start":{"line":35,"column":2},"end":{"line":35,"column":8}},"loc":{"start":{"line":35,"column":2},"end":{"line":37,"column":3}}}},"branchMap":{"0":{"loc":{"start":{"line":12,"column":4},"end":{"line":12,"column":17}},"type":"binary-expr","locations":[{"start":{"line":12,"column":4},"end":{"line":12,"column":17}},{"start":{"line":12,"column":17},"end":{"line":12,"column":null}}]}},"s":{"0":7,"1":7,"2":7,"3":7,"4":8,"5":8,"6":8,"7":7,"8":8,"9":7,"10":0,"11":7,"12":0,"13":7,"14":0,"15":7},"f":{"0":7,"1":8,"2":8,"3":0,"4":0,"5":0},"b":{"0":[8,8]}}
,"C:\\Users\\joel\\Documents\\Git\\clockify.js\\src\\Clockify\\Workspaces\\Workspace\\Users\\User\\TimeEntries\\index.ts": {"path":"C:\\Users\\joel\\Documents\\Git\\clockify.js\\src\\Clockify\\Workspaces\\Workspace\\Users\\User\\TimeEntries\\index.ts","statementMap":{"0":{"start":{"line":1,"column":0},"end":{"line":1,"column":91}},"1":{"start":{"line":5,"column":0},"end":{"line":5,"column":null}},"2":{"start":{"line":5,"column":41},"end":{"line":5,"column":52}},"3":{"start":{"line":11,"column":4},"end":{"line":11,"column":null}},"4":{"start":{"line":12,"column":4},"end":{"line":12,"column":35}},"5":{"start":{"line":13,"column":4},"end":{"line":13,"column":25}},"6":{"start":{"line":16,"column":2},"end":{"line":18,"column":null}},"7":{"start":{"line":17,"column":4},"end":{"line":17,"column":78}},"8":{"start":{"line":23,"column":2},"end":{"line":25,"column":null}},"9":{"start":{"line":23,"column":6},"end":{"line":23,"column":null}},"10":{"start":{"line":24,"column":4},"end":{"line":24,"column":49}},"11":{"start":{"line":35,"column":2},"end":{"line":37,"column":null}},"12":{"start":{"line":36,"column":4},"end":{"line":36,"column":51}},"13":{"start":{"line":45,"column":2},"end":{"line":47,"column":null}},"14":{"start":{"line":46,"column":4},"end":{"line":46,"column":48}},"15":{"start":{"line":48,"column":0},"end":{"line":48,"column":null}}},"fnMap":{"0":{"name":"(anonymous_6)","decl":{"start":{"line":5,"column":0},"end":{"line":5,"column":41}},"loc":{"start":{"line":5,"column":0},"end":{"line":48,"column":null}}},"1":{"name":"TimeEntries","decl":{"start":{"line":10,"column":2},"end":{"line":10,"column":14}},"loc":{"start":{"line":10,"column":65},"end":{"line":14,"column":3}}},"2":{"name":"(anonymous_8)","decl":{"start":{"line":16,"column":2},"end":{"line":16,"column":17}},"loc":{"start":{"line":16,"column":2},"end":{"line":18,"column":3}}},"3":{"name":"(anonymous_9)","decl":{"start":{"line":23,"column":2},"end":{"line":23,"column":5}},"loc":{"start":{"line":23,"column":32},"end":{"line":25,"column":3}}},"4":{"name":"(anonymous_10)","decl":{"start":{"line":35,"column":2},"end":{"line":35,"column":6}},"loc":{"start":{"line":35,"column":29},"end":{"line":37,"column":3}}},"5":{"name":"(anonymous_11)","decl":{"start":{"line":45,"column":2},"end":{"line":45,"column":7}},"loc":{"start":{"line":45,"column":27},"end":{"line":47,"column":3}}}},"branchMap":{"0":{"loc":{"start":{"line":11,"column":4},"end":{"line":11,"column":17}},"type":"binary-expr","locations":[{"start":{"line":11,"column":4},"end":{"line":11,"column":17}},{"start":{"line":11,"column":17},"end":{"line":11,"column":null}}]},"1":{"loc":{"start":{"line":23,"column":6},"end":{"line":23,"column":null}},"type":"if","locations":[{"start":{"line":23,"column":6},"end":{"line":23,"column":null}},{"start":{"line":23,"column":6},"end":{"line":23,"column":null}}]}},"s":{"0":7,"1":7,"2":7,"3":8,"4":8,"5":8,"6":7,"7":8,"8":7,"9":6,"10":5,"11":7,"12":2,"13":7,"14":1,"15":7},"f":{"0":7,"1":8,"2":8,"3":5,"4":2,"5":1},"b":{"0":[8,8],"1":[1,4]}}
,"C:\\Users\\joel\\Documents\\Git\\clockify.js\\src\\ClockifyError\\index.ts": {"path":"C:\\Users\\joel\\Documents\\Git\\clockify.js\\src\\ClockifyError\\index.ts","statementMap":{"0":{"start":{"line":2,"column":0},"end":{"line":2,"column":52}},"1":{"start":{"line":4,"column":0},"end":{"line":4,"column":null}},"2":{"start":{"line":4,"column":43},"end":{"line":4,"column":48}},"3":{"start":{"line":6,"column":2},"end":{"line":6,"column":14}},"4":{"start":{"line":7,"column":18},"end":{"line":7,"column":20}},"5":{"start":{"line":8,"column":4},"end":{"line":25,"column":null}},"6":{"start":{"line":13,"column":25},"end":{"line":13,"column":46}},"7":{"start":{"line":14,"column":6},"end":{"line":14,"column":160}},"8":{"start":{"line":15,"column":11},"end":{"line":25,"column":null}},"9":{"start":{"line":21,"column":6},"end":{"line":21,"column":null}},"10":{"start":{"line":24,"column":6},"end":{"line":24,"column":42}},"11":{"start":{"line":26,"column":4},"end":{"line":26,"column":19}},"12":{"start":{"line":29,"column":0},"end":{"line":29,"column":null}}},"fnMap":{"0":{"name":"(anonymous_6)","decl":{"start":{"line":4,"column":0},"end":{"line":4,"column":43}},"loc":{"start":{"line":4,"column":0},"end":{"line":29,"column":null}}},"1":{"name":"ClockifyError","decl":{"start":{"line":6,"column":2},"end":{"line":6,"column":14}},"loc":{"start":{"line":6,"column":31},"end":{"line":27,"column":3}}}},"branchMap":{"0":{"loc":{"start":{"line":8,"column":4},"end":{"line":25,"column":null}},"type":"if","locations":[{"start":{"line":8,"column":4},"end":{"line":25,"column":null}},{"start":{"line":8,"column":4},"end":{"line":25,"column":null}}]},"1":{"loc":{"start":{"line":15,"column":11},"end":{"line":25,"column":null}},"type":"if","locations":[{"start":{"line":15,"column":11},"end":{"line":25,"column":null}},{"start":{"line":15,"column":11},"end":{"line":25,"column":null}}]},"2":{"loc":{"start":{"line":26,"column":4},"end":{"line":26,"column":18}},"type":"binary-expr","locations":[{"start":{"line":26,"column":4},"end":{"line":26,"column":18}},{"start":{"line":26,"column":18},"end":{"line":26,"column":19}}]}},"s":{"0":7,"1":7,"2":7,"3":0,"4":0,"5":0,"6":0,"7":0,"8":0,"9":0,"10":0,"11":0,"12":7},"f":{"0":7,"1":0},"b":{"0":[0,0],"1":[0,0],"2":[0,0]}}
,"C:\\Users\\joel\\Documents\\Git\\clockify.js\\src\\Types\\EstimateType.ts": {"path":"C:\\Users\\joel\\Documents\\Git\\clockify.js\\src\\Types\\EstimateType.ts","statementMap":{"0":{"start":{"line":1,"column":0},"end":{"line":1,"column":null}},"1":{"start":{"line":2,"column":2},"end":{"line":2,"column":null}},"2":{"start":{"line":3,"column":2},"end":{"line":3,"column":null}},"3":{"start":{"line":5,"column":0},"end":{"line":5,"column":null}},"4":{"start":{"line":6,"column":2},"end":{"line":6,"column":null}},"5":{"start":{"line":7,"column":2},"end":{"line":7,"column":null}},"6":{"start":{"line":9,"column":0},"end":{"line":9,"column":null}},"7":{"start":{"line":10,"column":2},"end":{"line":10,"column":null}},"8":{"start":{"line":12,"column":0},"end":{"line":12,"column":null}},"9":{"start":{"line":13,"column":2},"end":{"line":13,"column":null}}},"fnMap":{"0":{"name":"(anonymous_0)","decl":{"start":{"line":1,"column":0},"end":{"line":1,"column":12}},"loc":{"start":{"line":1,"column":32},"end":{"line":4,"column":1}}},"1":{"name":"(anonymous_1)","decl":{"start":{"line":5,"column":0},"end":{"line":5,"column":12}},"loc":{"start":{"line":5,"column":34},"end":{"line":8,"column":1}}},"2":{"name":"(anonymous_2)","decl":{"start":{"line":9,"column":0},"end":{"line":9,"column":12}},"loc":{"start":{"line":9,"column":39},"end":{"line":11,"column":1}}},"3":{"name":"(anonymous_3)","decl":{"start":{"line":12,"column":0},"end":{"line":12,"column":12}},"loc":{"start":{"line":12,"column":41},"end":{"line":14,"column":1}}}},"branchMap":{"0":{"loc":{"start":{"line":1,"column":12},"end":{"line":1,"column":32}},"type":"binary-expr","locations":[{"start":{"line":1,"column":12},"end":{"line":1,"column":32}},{"start":{"line":1,"column":12},"end":{"line":1,"column":null}}]},"1":{"loc":{"start":{"line":5,"column":12},"end":{"line":5,"column":34}},"type":"binary-expr","locations":[{"start":{"line":5,"column":12},"end":{"line":5,"column":34}},{"start":{"line":5,"column":12},"end":{"line":5,"column":null}}]},"2":{"loc":{"start":{"line":9,"column":12},"end":{"line":9,"column":39}},"type":"binary-expr","locations":[{"start":{"line":9,"column":12},"end":{"line":9,"column":39}},{"start":{"line":9,"column":12},"end":{"line":9,"column":null}}]},"3":{"loc":{"start":{"line":12,"column":12},"end":{"line":12,"column":41}},"type":"binary-expr","locations":[{"start":{"line":12,"column":12},"end":{"line":12,"column":41}},{"start":{"line":12,"column":12},"end":{"line":12,"column":null}}]}},"s":{"0":1,"1":1,"2":1,"3":1,"4":1,"5":1,"6":1,"7":1,"8":1,"9":1},"f":{"0":1,"1":1,"2":1,"3":1},"b":{"0":[1,1],"1":[1,1],"2":[1,1],"3":[1,1]}}
,"C:\\Users\\joel\\Documents\\Git\\clockify.js\\src\\Types\\TaskType.ts": {"path":"C:\\Users\\joel\\Documents\\Git\\clockify.js\\src\\Types\\TaskType.ts","statementMap":{"0":{"start":{"line":1,"column":0},"end":{"line":1,"column":null}},"1":{"start":{"line":2,"column":2},"end":{"line":2,"column":null}},"2":{"start":{"line":3,"column":2},"end":{"line":3,"column":null}}},"fnMap":{"0":{"name":"(anonymous_0)","decl":{"start":{"line":1,"column":0},"end":{"line":1,"column":12}},"loc":{"start":{"line":1,"column":26},"end":{"line":4,"column":1}}}},"branchMap":{"0":{"loc":{"start":{"line":1,"column":12},"end":{"line":1,"column":26}},"type":"binary-expr","locations":[{"start":{"line":1,"column":12},"end":{"line":1,"column":26}},{"start":{"line":1,"column":12},"end":{"line":1,"column":null}}]}},"s":{"0":1,"1":1,"2":1},"f":{"0":1},"b":{"0":[1,1]}}
,"C:\\Users\\joel\\Documents\\Git\\clockify.js\\src\\Types\\UserType.ts": {"path":"C:\\Users\\joel\\Documents\\Git\\clockify.js\\src\\Types\\UserType.ts","statementMap":{"0":{"start":{"line":2,"column":0},"end":{"line":2,"column":null}},"1":{"start":{"line":3,"column":2},"end":{"line":3,"column":null}},"2":{"start":{"line":4,"column":2},"end":{"line":4,"column":null}},"3":{"start":{"line":5,"column":2},"end":{"line":5,"column":null}},"4":{"start":{"line":6,"column":2},"end":{"line":6,"column":null}},"5":{"start":{"line":7,"column":2},"end":{"line":7,"column":null}},"6":{"start":{"line":8,"column":2},"end":{"line":8,"column":null}},"7":{"start":{"line":10,"column":0},"end":{"line":10,"column":null}},"8":{"start":{"line":11,"column":2},"end":{"line":11,"column":null}},"9":{"start":{"line":12,"column":2},"end":{"line":12,"column":null}},"10":{"start":{"line":13,"column":2},"end":{"line":13,"column":null}},"11":{"start":{"line":14,"column":2},"end":{"line":14,"column":null}},"12":{"start":{"line":15,"column":2},"end":{"line":15,"column":null}},"13":{"start":{"line":17,"column":0},"end":{"line":17,"column":null}},"14":{"start":{"line":18,"column":2},"end":{"line":18,"column":null}},"15":{"start":{"line":19,"column":2},"end":{"line":19,"column":null}},"16":{"start":{"line":20,"column":2},"end":{"line":20,"column":null}},"17":{"start":{"line":21,"column":2},"end":{"line":21,"column":null}}},"fnMap":{"0":{"name":"(anonymous_0)","decl":{"start":{"line":2,"column":0},"end":{"line":2,"column":12}},"loc":{"start":{"line":2,"column":54},"end":{"line":9,"column":1}}},"1":{"name":"(anonymous_1)","decl":{"start":{"line":10,"column":0},"end":{"line":10,"column":12}},"loc":{"start":{"line":10,"column":56},"end":{"line":16,"column":1}}},"2":{"name":"(anonymous_2)","decl":{"start":{"line":17,"column":0},"end":{"line":17,"column":12}},"loc":{"start":{"line":17,"column":26},"end":{"line":22,"column":1}}}},"branchMap":{"0":{"loc":{"start":{"line":2,"column":12},"end":{"line":2,"column":54}},"type":"binary-expr","locations":[{"start":{"line":2,"column":12},"end":{"line":2,"column":54}},{"start":{"line":2,"column":12},"end":{"line":2,"column":null}}]},"1":{"loc":{"start":{"line":10,"column":12},"end":{"line":10,"column":56}},"type":"binary-expr","locations":[{"start":{"line":10,"column":12},"end":{"line":10,"column":56}},{"start":{"line":10,"column":12},"end":{"line":10,"column":null}}]},"2":{"loc":{"start":{"line":17,"column":12},"end":{"line":17,"column":26}},"type":"binary-expr","locations":[{"start":{"line":17,"column":12},"end":{"line":17,"column":26}},{"start":{"line":17,"column":12},"end":{"line":17,"column":null}}]}},"s":{"0":1,"1":1,"2":1,"3":1,"4":1,"5":1,"6":1,"7":1,"8":1,"9":1,"10":1,"11":1,"12":1,"13":1,"14":1,"15":1,"16":1,"17":1},"f":{"0":1,"1":1,"2":1},"b":{"0":[1,1],"1":[1,1],"2":[1,1]}}
}
