TN:
SF:src\Api\index.ts
FN:5,(anonymous_0)
FN:7,(anonymous_1)
FN:30,(anonymous_2)
FN:35,ClockifyAPI
FN:40,(anonymous_4)
FN:44,(anonymous_5)
FN:54,(anonymous_6)
FN:56,(anonymous_7)
FN:57,(anonymous_8)
FN:60,(anonymous_9)
FN:62,(anonymous_10)
FN:63,(anonymous_11)
FN:66,(anonymous_12)
FN:68,(anonymous_13)
FN:69,(anonymous_14)
FN:72,(anonymous_15)
FN:74,(anonymous_16)
FN:75,(anonymous_17)
FN:78,(anonymous_18)
FN:80,(anonymous_19)
FN:81,(anonymous_20)
FNF:21
FNH:14
FNDA:52,(anonymous_0)
FNDA:0,(anonymous_1)
FNDA:7,(anonymous_2)
FNDA:175,ClockifyAPI
FNDA:0,(anonymous_4)
FNDA:175,(anonymous_5)
FNDA:27,(anonymous_6)
FNDA:27,(anonymous_7)
FNDA:0,(anonymous_8)
FNDA:7,(anonymous_9)
FNDA:7,(anonymous_10)
FNDA:0,(anonymous_11)
FNDA:7,(anonymous_12)
FNDA:7,(anonymous_13)
FNDA:0,(anonymous_14)
FNDA:4,(anonymous_15)
FNDA:4,(anonymous_16)
FNDA:0,(anonymous_17)
FNDA:7,(anonymous_18)
FNDA:7,(anonymous_19)
FNDA:0,(anonymous_20)
DA:1,7
DA:2,7
DA:3,7
DA:5,52
DA:7,0
DA:30,7
DA:36,175
DA:37,175
DA:40,7
DA:41,0
DA:44,7
DA:45,175
DA:54,32
DA:55,27
DA:56,27
DA:57,0
DA:60,7
DA:61,7
DA:62,7
DA:63,0
DA:66,7
DA:67,7
DA:68,7
DA:69,0
DA:72,7
DA:73,4
DA:74,4
DA:75,0
DA:78,7
DA:79,7
DA:80,7
DA:81,0
DA:84,7
LF:33
LH:26
BRDA:54,0,0,5
BRDA:54,0,1,22
BRDA:60,1,0,0
BRDA:60,1,1,7
BRDA:60,2,0,0
BRDA:60,2,1,7
BRDA:66,3,0,0
BRDA:66,3,1,7
BRDA:66,4,0,0
BRDA:66,4,1,7
BRDA:72,5,0,0
BRDA:72,5,1,4
BRDA:72,6,0,1
BRDA:72,6,1,3
BRDA:78,7,0,0
BRDA:78,7,1,7
BRF:16
BRH:10
end_of_record
TN:
SF:src\Clockify\index.ts
FN:6,(anonymous_6)
FN:10,Clockify
FN:15,(anonymous_8)
FN:19,(anonymous_9)
FNF:4
FNH:3
FNDA:7,(anonymous_6)
FNDA:7,Clockify
FNDA:1,(anonymous_8)
FNDA:0,(anonymous_9)
DA:1,7
DA:2,7
DA:3,7
DA:4,7
DA:6,7
DA:11,7
DA:12,7
DA:15,7
DA:16,1
DA:19,7
DA:20,0
DA:23,7
LF:12
LH:11
BRDA:11,0,0,7
BRDA:11,0,1,7
BRF:2
BRH:2
end_of_record
TN:
SF:src\Clockify\Users\index.ts
FN:4,(anonymous_6)
FN:6,(anonymous_8)
FN:13,(anonymous_9)
FNF:3
FNH:3
FNDA:8,(anonymous_6)
FNDA:1,(anonymous_8)
FNDA:1,(anonymous_9)
DA:2,7
DA:4,7
DA:6,7
DA:7,1
DA:13,7
DA:14,1
DA:16,7
LF:7
LH:7
BRF:0
BRH:0
end_of_record
TN:
SF:src\Clockify\Workspaces\index.ts
FN:5,(anonymous_6)
FN:7,(anonymous_8)
FN:11,(anonymous_9)
FN:15,(anonymous_10)
FNF:4
FNH:4
FNDA:14,(anonymous_6)
FNDA:1,(anonymous_8)
FNDA:50,(anonymous_9)
FNDA:1,(anonymous_10)
DA:1,7
DA:2,7
DA:5,7
DA:7,7
DA:8,1
DA:11,7
DA:12,50
DA:15,7
DA:16,1
DA:19,7
LF:10
LH:10
BRF:0
BRH:0
end_of_record
TN:
SF:src\Clockify\Workspaces\Workspace\index.ts
FN:11,(anonymous_6)
FN:15,Workspace
FN:20,(anonymous_8)
FN:24,(anonymous_9)
FN:28,(anonymous_10)
FN:32,(anonymous_11)
FN:36,(anonymous_12)
FN:40,(anonymous_13)
FN:44,(anonymous_14)
FN:48,(anonymous_15)
FNF:10
FNH:7
FNDA:7,(anonymous_6)
FNDA:50,Workspace
FNDA:0,(anonymous_8)
FNDA:7,(anonymous_9)
FNDA:0,(anonymous_10)
FNDA:20,(anonymous_11)
FNDA:6,(anonymous_12)
FNDA:8,(anonymous_13)
FNDA:0,(anonymous_14)
FNDA:9,(anonymous_15)
DA:1,7
DA:2,7
DA:3,7
DA:4,7
DA:5,7
DA:6,7
DA:7,7
DA:8,7
DA:11,7
DA:16,50
DA:17,50
DA:20,7
DA:21,0
DA:24,7
DA:25,7
DA:28,7
DA:29,0
DA:32,7
DA:33,20
DA:36,7
DA:37,6
DA:40,7
DA:41,8
DA:44,7
DA:45,0
DA:48,7
DA:49,9
DA:51,7
LF:28
LH:25
BRDA:16,0,0,50
BRDA:16,0,1,50
BRF:2
BRH:2
end_of_record
TN:
SF:src\Clockify\Workspaces\Workspace\Clients\index.ts
FN:5,(anonymous_6)
FN:9,Clients
FN:14,(anonymous_8)
FN:18,(anonymous_9)
FN:25,(anonymous_10)
FN:32,(anonymous_11)
FNF:6
FNH:6
FNDA:7,(anonymous_6)
FNDA:7,Clients
FNDA:5,(anonymous_8)
FNDA:2,(anonymous_9)
FNDA:4,(anonymous_10)
FNDA:1,(anonymous_11)
DA:1,7
DA:3,7
DA:5,7
DA:10,7
DA:11,7
DA:14,7
DA:15,5
DA:18,7
DA:19,2
DA:25,8
DA:26,4
DA:32,7
DA:33,1
DA:35,7
LF:14
LH:14
BRDA:10,0,0,7
BRDA:10,0,1,7
BRDA:25,1,0,4
BRDA:25,1,1,0
BRF:4
BRH:3
end_of_record
TN:
SF:src\Clockify\Workspaces\Workspace\Clients\Client\index.ts
FN:5,(anonymous_6)
FN:10,Client
FN:16,(anonymous_8)
FN:23,(anonymous_9)
FN:30,(anonymous_10)
FNF:5
FNH:5
FNDA:7,(anonymous_6)
FNDA:2,Client
FNDA:2,(anonymous_8)
FNDA:1,(anonymous_9)
FNDA:1,(anonymous_10)
DA:1,7
DA:5,7
DA:11,2
DA:12,2
DA:13,2
DA:16,7
DA:17,2
DA:23,7
DA:24,1
DA:30,7
DA:31,1
DA:34,7
LF:12
LH:12
BRDA:11,0,0,2
BRDA:11,0,1,2
BRDA:23,1,0,1
BRDA:23,1,1,0
BRF:4
BRH:3
end_of_record
TN:
SF:src\Clockify\Workspaces\Workspace\CustomFields\index.ts
FN:5,(anonymous_6)
FN:9,CustomFields
FN:14,(anonymous_8)
FN:21,(anonymous_9)
FNF:4
FNH:1
FNDA:7,(anonymous_6)
FNDA:0,CustomFields
FNDA:0,(anonymous_8)
FNDA:0,(anonymous_9)
DA:1,7
DA:5,7
DA:10,0
DA:11,0
DA:14,7
DA:15,0
DA:21,7
DA:22,0
DA:24,7
LF:9
LH:5
BRDA:10,0,0,0
BRDA:10,0,1,0
BRF:2
BRH:0
end_of_record
TN:
SF:src\Clockify\Workspaces\Workspace\Projects\index.ts
FN:10,(anonymous_6)
FN:14,Projects
FN:19,(anonymous_8)
FN:23,(anonymous_9)
FN:31,(anonymous_10)
FN:38,(anonymous_11)
FNF:6
FNH:6
FNDA:7,(anonymous_6)
FNDA:20,Projects
FNDA:4,(anonymous_8)
FNDA:16,(anonymous_9)
FNDA:3,(anonymous_10)
FNDA:1,(anonymous_11)
DA:1,7
DA:8,7
DA:10,7
DA:15,20
DA:16,20
DA:19,7
DA:20,4
DA:23,7
DA:24,16
DA:31,7
DA:32,3
DA:38,7
DA:39,1
DA:41,7
LF:14
LH:14
BRDA:15,0,0,20
BRDA:15,0,1,20
BRDA:31,1,0,3
BRDA:31,1,1,0
BRF:4
BRH:3
end_of_record
TN:
SF:src\Clockify\Workspaces\Workspace\Projects\Project\index.ts
FN:10,(anonymous_6)
FN:15,Project
FN:21,(anonymous_8)
FN:25,(anonymous_9)
FN:29,(anonymous_10)
FN:33,(anonymous_11)
FN:37,(anonymous_12)
FN:41,(anonymous_13)
FN:49,(anonymous_14)
FN:56,(anonymous_15)
FN:63,(anonymous_16)
FNF:11
FNH:9
FNDA:7,(anonymous_6)
FNDA:16,Project
FNDA:4,(anonymous_8)
FNDA:0,(anonymous_9)
FNDA:2,(anonymous_10)
FNDA:1,(anonymous_11)
FNDA:9,(anonymous_12)
FNDA:0,(anonymous_13)
FNDA:2,(anonymous_14)
FNDA:1,(anonymous_15)
FNDA:1,(anonymous_16)
DA:1,7
DA:3,7
DA:4,7
DA:5,7
DA:6,7
DA:7,7
DA:10,7
DA:16,16
DA:17,16
DA:18,16
DA:21,7
DA:22,4
DA:25,7
DA:26,0
DA:29,7
DA:30,2
DA:33,7
DA:34,1
DA:37,7
DA:38,9
DA:41,7
DA:42,0
DA:49,7
DA:50,2
DA:56,7
DA:57,1
DA:63,7
DA:64,1
DA:67,7
LF:29
LH:27
BRDA:16,0,0,16
BRDA:16,0,1,16
BRDA:56,1,0,1
BRDA:56,1,1,0
BRF:4
BRH:3
end_of_record
TN:
SF:src\Clockify\Workspaces\Workspace\Projects\Project\CustomFields\index.ts
FN:5,(anonymous_6)
FN:10,CustomFields
FN:16,(anonymous_8)
FN:20,(anonymous_9)
FN:27,(anonymous_10)
FNF:5
FNH:1
FNDA:7,(anonymous_6)
FNDA:0,CustomFields
FNDA:0,(anonymous_8)
FNDA:0,(anonymous_9)
FNDA:0,(anonymous_10)
DA:1,7
DA:3,7
DA:5,7
DA:11,0
DA:12,0
DA:13,0
DA:16,7
DA:17,0
DA:20,7
DA:21,0
DA:27,7
DA:28,0
DA:30,7
LF:13
LH:7
BRDA:11,0,0,0
BRDA:11,0,1,0
BRF:2
BRH:0
end_of_record
TN:
SF:src\Clockify\Workspaces\Workspace\Projects\Project\CustomFields\CustomField\index.ts
FN:4,(anonymous_6)
FN:10,CustomField
FN:17,(anonymous_8)
FN:24,(anonymous_9)
FN:31,(anonymous_10)
FNF:5
FNH:1
FNDA:7,(anonymous_6)
FNDA:0,CustomField
FNDA:0,(anonymous_8)
FNDA:0,(anonymous_9)
FNDA:0,(anonymous_10)
DA:1,7
DA:4,7
DA:11,0
DA:12,0
DA:13,0
DA:14,0
DA:17,7
DA:18,0
DA:24,7
DA:25,0
DA:31,7
DA:32,0
DA:34,7
LF:13
LH:6
BRDA:11,0,0,0
BRDA:11,0,1,0
BRF:2
BRH:0
end_of_record
TN:
SF:src\Clockify\Workspaces\Workspace\Projects\Project\Estimate\index.ts
FN:5,(anonymous_6)
FN:10,Estimate
FN:16,(anonymous_8)
FN:23,(anonymous_9)
FNF:4
FNH:4
FNDA:7,(anonymous_6)
FNDA:2,Estimate
FNDA:2,(anonymous_8)
FNDA:2,(anonymous_9)
DA:1,7
DA:5,7
DA:11,2
DA:12,2
DA:13,2
DA:16,7
DA:17,2
DA:23,7
DA:24,2
DA:27,7
LF:10
LH:10
BRDA:11,0,0,2
BRDA:11,0,1,2
BRF:2
BRH:2
end_of_record
TN:
SF:src\Clockify\Workspaces\Workspace\Projects\Project\Memberships\index.ts
FN:5,(anonymous_6)
FN:10,Memberships
FN:16,(anonymous_8)
FN:23,(anonymous_9)
FNF:4
FNH:4
FNDA:7,(anonymous_6)
FNDA:1,Memberships
FNDA:1,(anonymous_8)
FNDA:1,(anonymous_9)
DA:1,7
DA:5,7
DA:11,1
DA:12,1
DA:13,1
DA:16,7
DA:17,1
DA:23,7
DA:24,1
DA:27,7
LF:10
LH:10
BRDA:11,0,0,1
BRDA:11,0,1,1
BRF:2
BRH:2
end_of_record
TN:
SF:src\Clockify\Workspaces\Workspace\Projects\Project\Tasks\index.ts
FN:13,(anonymous_6)
FN:18,Tasks
FN:24,(anonymous_8)
FN:28,(anonymous_9)
FN:35,(anonymous_10)
FN:42,(anonymous_11)
FNF:6
FNH:6
FNDA:7,(anonymous_6)
FNDA:9,Tasks
FNDA:4,(anonymous_8)
FNDA:5,(anonymous_9)
FNDA:3,(anonymous_10)
FNDA:1,(anonymous_11)
DA:1,7
DA:2,7
DA:13,7
DA:19,9
DA:20,9
DA:21,9
DA:24,7
DA:25,4
DA:28,7
DA:29,5
DA:35,7
DA:36,3
DA:42,7
DA:43,1
DA:46,7
LF:15
LH:15
BRDA:19,0,0,9
BRDA:19,0,1,9
BRDA:35,1,0,3
BRDA:35,1,1,0
BRF:4
BRH:3
end_of_record
TN:
SF:src\Clockify\Workspaces\Workspace\Projects\Project\Tasks\Task\index.ts
FN:6,(anonymous_6)
FN:12,Task
FN:19,(anonymous_8)
FN:26,(anonymous_9)
FN:33,(anonymous_10)
FN:40,(anonymous_11)
FNF:6
FNH:6
FNDA:7,(anonymous_6)
FNDA:5,Task
FNDA:5,(anonymous_8)
FNDA:2,(anonymous_9)
FNDA:2,(anonymous_10)
FNDA:1,(anonymous_11)
DA:1,7
DA:6,7
DA:13,5
DA:14,5
DA:15,5
DA:16,5
DA:19,7
DA:20,5
DA:26,7
DA:27,2
DA:33,7
DA:34,2
DA:40,7
DA:41,1
DA:44,7
LF:15
LH:15
BRDA:13,0,0,5
BRDA:13,0,1,5
BRF:2
BRH:2
end_of_record
TN:
SF:src\Clockify\Workspaces\Workspace\Projects\Project\Template\index.ts
FN:4,(anonymous_6)
FN:9,Template
FN:15,(anonymous_8)
FN:22,(anonymous_9)
FNF:4
FNH:1
FNDA:7,(anonymous_6)
FNDA:0,Template
FNDA:0,(anonymous_8)
FNDA:0,(anonymous_9)
DA:1,7
DA:4,7
DA:10,0
DA:11,0
DA:12,0
DA:15,7
DA:16,0
DA:22,7
DA:23,0
DA:26,7
LF:10
LH:5
BRDA:10,0,0,0
BRDA:10,0,1,0
BRF:2
BRH:0
end_of_record
TN:
SF:src\Clockify\Workspaces\Workspace\Tags\index.ts
FN:12,(anonymous_6)
FN:15,Tags
FN:20,(anonymous_8)
FN:24,(anonymous_9)
FN:31,(anonymous_10)
FN:38,(anonymous_11)
FNF:6
FNH:6
FNDA:7,(anonymous_6)
FNDA:6,Tags
FNDA:4,(anonymous_8)
FNDA:2,(anonymous_9)
FNDA:3,(anonymous_10)
FNDA:1,(anonymous_11)
DA:1,7
DA:3,7
DA:12,7
DA:16,6
DA:17,6
DA:20,7
DA:21,4
DA:24,7
DA:25,2
DA:31,7
DA:32,3
DA:38,7
DA:39,1
DA:42,7
LF:14
LH:14
BRDA:16,0,0,6
BRDA:16,0,1,6
BRF:2
BRH:2
end_of_record
TN:
SF:src\Clockify\Workspaces\Workspace\Tags\Tag\index.ts
FN:4,(anonymous_6)
FN:9,Tag
FN:15,(anonymous_8)
FN:22,(anonymous_9)
FN:29,(anonymous_10)
FNF:5
FNH:5
FNDA:7,(anonymous_6)
FNDA:2,Tag
FNDA:2,(anonymous_8)
FNDA:1,(anonymous_9)
FNDA:1,(anonymous_10)
DA:1,7
DA:4,7
DA:10,2
DA:11,2
DA:12,2
DA:15,7
DA:16,2
DA:22,7
DA:23,1
DA:29,7
DA:30,1
DA:33,7
LF:12
LH:12
BRDA:10,0,0,2
BRDA:10,0,1,2
BRF:2
BRH:2
end_of_record
TN:
SF:src\Clockify\Workspaces\Workspace\TimeEntries\index.ts
FN:7,(anonymous_6)
FN:10,TimeEntries
FN:15,(anonymous_8)
FN:19,(anonymous_9)
FN:27,(anonymous_10)
FNF:5
FNH:5
FNDA:7,(anonymous_6)
FNDA:8,TimeEntries
FNDA:1,(anonymous_8)
FNDA:7,(anonymous_9)
FNDA:1,(anonymous_10)
DA:1,7
DA:2,7
DA:7,7
DA:11,8
DA:12,8
DA:15,7
DA:16,1
DA:19,7
DA:20,7
DA:27,7
DA:28,1
DA:31,7
LF:12
LH:12
BRDA:11,0,0,8
BRDA:11,0,1,8
BRF:2
BRH:2
end_of_record
TN:
SF:src\Clockify\Workspaces\Workspace\TimeEntries\TimeEntry\index.ts
FN:6,(anonymous_6)
FN:11,TimeEntry
FN:17,(anonymous_8)
FN:24,(anonymous_9)
FN:31,(anonymous_10)
FN:38,(anonymous_11)
FNF:6
FNH:6
FNDA:7,(anonymous_6)
FNDA:7,TimeEntry
FNDA:7,(anonymous_8)
FNDA:2,(anonymous_9)
FNDA:2,(anonymous_10)
FNDA:3,(anonymous_11)
DA:1,7
DA:6,7
DA:12,7
DA:13,7
DA:14,7
DA:17,7
DA:18,7
DA:24,7
DA:25,2
DA:31,7
DA:32,2
DA:38,7
DA:39,3
DA:42,7
LF:14
LH:14
BRDA:12,0,0,7
BRDA:12,0,1,7
BRDA:24,1,0,2
BRDA:24,1,1,0
BRF:4
BRH:3
end_of_record
TN:
SF:src\Clockify\Workspaces\Workspace\UserGroups\index.ts
FN:6,(anonymous_6)
FN:10,UserGroups
FN:15,(anonymous_8)
FN:19,(anonymous_9)
FN:26,(anonymous_10)
FN:33,(anonymous_11)
FNF:6
FNH:1
FNDA:7,(anonymous_6)
FNDA:0,UserGroups
FNDA:0,(anonymous_8)
FNDA:0,(anonymous_9)
FNDA:0,(anonymous_10)
FNDA:0,(anonymous_11)
DA:1,7
DA:2,7
DA:6,7
DA:11,0
DA:12,0
DA:15,7
DA:16,0
DA:19,7
DA:20,0
DA:26,7
DA:27,0
DA:33,7
DA:34,0
DA:37,7
LF:14
LH:8
BRDA:11,0,0,0
BRDA:11,0,1,0
BRF:2
BRH:0
end_of_record
TN:
SF:src\Clockify\Workspaces\Workspace\UserGroups\UserGroup\index.ts
FN:6,(anonymous_6)
FN:11,UserGroup
FN:17,(anonymous_8)
FN:21,(anonymous_9)
FN:28,(anonymous_10)
FN:35,(anonymous_11)
FNF:6
FNH:1
FNDA:7,(anonymous_6)
FNDA:0,UserGroup
FNDA:0,(anonymous_8)
FNDA:0,(anonymous_9)
FNDA:0,(anonymous_10)
FNDA:0,(anonymous_11)
DA:1,7
DA:2,7
DA:6,7
DA:12,0
DA:13,0
DA:14,0
DA:17,7
DA:18,0
DA:21,7
DA:22,0
DA:28,7
DA:29,0
DA:35,7
DA:36,0
DA:40,7
LF:15
LH:8
BRDA:12,0,0,0
BRDA:12,0,1,0
BRF:2
BRH:0
end_of_record
TN:
SF:src\Clockify\Workspaces\Workspace\UserGroups\UserGroup\Users\index.ts
FN:6,(anonymous_6)
FN:11,Users
FN:17,(anonymous_8)
FN:21,(anonymous_9)
FN:28,(anonymous_10)
FNF:5
FNH:1
FNDA:7,(anonymous_6)
FNDA:0,Users
FNDA:0,(anonymous_8)
FNDA:0,(anonymous_9)
FNDA:0,(anonymous_10)
DA:1,7
DA:2,7
DA:6,7
DA:12,0
DA:13,0
DA:14,0
DA:17,7
DA:18,0
DA:21,7
DA:22,0
DA:28,7
DA:29,0
DA:31,7
LF:13
LH:7
BRDA:12,0,0,0
BRDA:12,0,1,0
BRF:2
BRH:0
end_of_record
TN:
SF:src\Clockify\Workspaces\Workspace\UserGroups\UserGroup\Users\User\index.ts
FN:5,(anonymous_6)
FN:11,User
FN:18,(anonymous_8)
FN:25,(anonymous_9)
FNF:4
FNH:1
FNDA:7,(anonymous_6)
FNDA:0,User
FNDA:0,(anonymous_8)
FNDA:0,(anonymous_9)
DA:1,7
DA:5,7
DA:12,0
DA:13,0
DA:14,0
DA:15,0
DA:18,7
DA:19,0
DA:25,7
DA:26,0
DA:28,7
LF:11
LH:5
BRDA:12,0,0,0
BRDA:12,0,1,0
BRF:2
BRH:0
end_of_record
TN:
SF:src\Clockify\Workspaces\Workspace\Users\index.ts
FN:20,(anonymous_6)
FN:24,Users
FN:29,(anonymous_8)
FN:33,(anonymous_9)
FN:40,(anonymous_10)
FN:50,(anonymous_11)
FNF:6
FNH:5
FNDA:7,(anonymous_6)
FNDA:9,Users
FNDA:8,(anonymous_8)
FNDA:1,(anonymous_9)
FNDA:1,(anonymous_10)
FNDA:0,(anonymous_11)
DA:1,7
DA:2,7
DA:20,7
DA:25,9
DA:26,9
DA:29,7
DA:30,8
DA:33,7
DA:34,1
DA:40,7
DA:41,1
DA:50,7
DA:51,0
DA:54,7
LF:14
LH:13
BRDA:25,0,0,9
BRDA:25,0,1,9
BRF:2
BRH:2
end_of_record
TN:
SF:src\Clockify\Workspaces\Workspace\Users\User\index.ts
FN:6,(anonymous_6)
FN:11,User
FN:17,(anonymous_8)
FN:21,(anonymous_9)
FN:28,(anonymous_10)
FN:35,(anonymous_11)
FNF:6
FNH:3
FNDA:7,(anonymous_6)
FNDA:8,User
FNDA:8,(anonymous_8)
FNDA:0,(anonymous_9)
FNDA:0,(anonymous_10)
FNDA:0,(anonymous_11)
DA:1,7
DA:2,7
DA:6,7
DA:12,8
DA:13,8
DA:14,8
DA:17,7
DA:18,8
DA:21,7
DA:22,0
DA:28,7
DA:29,0
DA:35,7
DA:36,0
DA:38,7
LF:15
LH:12
BRDA:12,0,0,8
BRDA:12,0,1,8
BRF:2
BRH:2
end_of_record
TN:
SF:src\Clockify\Workspaces\Workspace\Users\User\TimeEntries\index.ts
FN:5,(anonymous_6)
FN:10,TimeEntries
FN:16,(anonymous_8)
FN:23,(anonymous_9)
FN:35,(anonymous_10)
FN:45,(anonymous_11)
FNF:6
FNH:6
FNDA:7,(anonymous_6)
FNDA:8,TimeEntries
FNDA:8,(anonymous_8)
FNDA:5,(anonymous_9)
FNDA:2,(anonymous_10)
FNDA:1,(anonymous_11)
DA:1,7
DA:5,7
DA:11,8
DA:12,8
DA:13,8
DA:16,7
DA:17,8
DA:23,7
DA:24,5
DA:35,7
DA:36,2
DA:45,7
DA:46,1
DA:48,7
LF:14
LH:14
BRDA:11,0,0,8
BRDA:11,0,1,8
BRDA:23,1,0,1
BRDA:23,1,1,4
BRF:4
BRH:4
end_of_record
TN:
SF:src\ClockifyError\index.ts
FN:4,(anonymous_6)
FN:6,ClockifyError
FNF:2
FNH:1
FNDA:7,(anonymous_6)
FNDA:0,ClockifyError
DA:2,7
DA:4,7
DA:6,0
DA:7,0
DA:8,0
DA:13,0
DA:14,0
DA:15,0
DA:21,0
DA:24,0
DA:26,0
DA:29,7
LF:12
LH:3
BRDA:8,0,0,0
BRDA:8,0,1,0
BRDA:15,1,0,0
BRDA:15,1,1,0
BRDA:26,2,0,0
BRDA:26,2,1,0
BRF:6
BRH:0
end_of_record
TN:
SF:src\Types\EstimateType.ts
FN:1,(anonymous_0)
FN:5,(anonymous_1)
FN:9,(anonymous_2)
FN:12,(anonymous_3)
FNF:4
FNH:4
FNDA:1,(anonymous_0)
FNDA:1,(anonymous_1)
FNDA:1,(anonymous_2)
FNDA:1,(anonymous_3)
DA:1,1
DA:2,1
DA:3,1
DA:5,1
DA:6,1
DA:7,1
DA:9,1
DA:10,1
DA:12,1
DA:13,1
LF:10
LH:10
BRDA:1,0,0,1
BRDA:1,0,1,1
BRDA:5,1,0,1
BRDA:5,1,1,1
BRDA:9,2,0,1
BRDA:9,2,1,1
BRDA:12,3,0,1
BRDA:12,3,1,1
BRF:8
BRH:8
end_of_record
TN:
SF:src\Types\TaskType.ts
FN:1,(anonymous_0)
FNF:1
FNH:1
FNDA:1,(anonymous_0)
DA:1,1
DA:2,1
DA:3,1
LF:3
LH:3
BRDA:1,0,0,1
BRDA:1,0,1,1
BRF:2
BRH:2
end_of_record
TN:
SF:src\Types\UserType.ts
FN:2,(anonymous_0)
FN:10,(anonymous_1)
FN:17,(anonymous_2)
FNF:3
FNH:3
FNDA:1,(anonymous_0)
FNDA:1,(anonymous_1)
FNDA:1,(anonymous_2)
DA:2,1
DA:3,1
DA:4,1
DA:5,1
DA:6,1
DA:7,1
DA:8,1
DA:10,1
DA:11,1
DA:12,1
DA:13,1
DA:14,1
DA:15,1
DA:17,1
DA:18,1
DA:19,1
DA:20,1
DA:21,1
LF:18
LH:18
BRDA:2,0,0,1
BRDA:2,0,1,1
BRDA:10,1,0,1
BRDA:10,1,1,1
BRDA:17,2,0,1
BRDA:17,2,1,1
BRF:6
BRH:6
end_of_record
